Shells:
 [  0.00000000e+00   3.00000000e-02   4.00000000e-02 ...,   4.61400000e+01
   4.61500000e+01   4.61600000e+01]
---------------------------------------
report of tight-binding model
---------------------------------------
k-space dimension           = 3
r-space dimension           = 3
number of spin components   = 1
periodic directions         = [0, 1, 2]
number of orbitals          = 18
number of electronic states = 18
lattice vectors:
 #  0  ===>  [    4.36 ,     0.0 ,     0.0 ]
 #  1  ===>  [     0.0 ,  5.7594 ,     0.0 ]
 #  2  ===>  [     0.0 ,     0.0 ,    18.0 ]
positions of orbitals:
 #  0  ===>  [  0.2599 ,  0.9641 , -0.4673 ]
 #  1  ===>  [  0.2514 ,  0.9642 , -0.4674 ]
 #  2  ===>  [  0.2604 ,  0.9641 , -0.4673 ]
 #  3  ===>  [  0.6646 ,  0.6295 , -0.4046 ]
 #  4  ===>  [  0.6702 ,  0.6161 , -0.4117 ]
 #  5  ===>  [  0.6677 ,  0.6161 , -0.4102 ]
 #  6  ===>  [  0.6623 ,  0.2998 ,  0.4696 ]
 #  7  ===>  [  0.6678 ,   0.313 ,  0.4767 ]
 #  8  ===>  [  0.6654 ,  0.3133 ,  0.4752 ]
 #  9  ===>  [  0.2599 ,  0.9641 , -0.4673 ]
 # 10  ===>  [  0.2514 ,  0.9642 , -0.4674 ]
 # 11  ===>  [  0.2604 ,  0.9641 , -0.4673 ]
 # 12  ===>  [  0.6646 ,  0.6295 , -0.4046 ]
 # 13  ===>  [  0.6702 ,  0.6161 , -0.4117 ]
 # 14  ===>  [  0.6677 ,  0.6161 , -0.4102 ]
 # 15  ===>  [  0.6623 ,  0.2998 ,  0.4696 ]
 # 16  ===>  [  0.6678 ,   0.313 ,  0.4767 ]
 # 17  ===>  [  0.6654 ,  0.3133 ,  0.4752 ]
site energies:
 #  0  ===>   -0.8651
 #  1  ===>   -0.7823
 #  2  ===>   -0.7426
 #  3  ===>   -0.7766
 #  4  ===>    -0.792
 #  5  ===>   -0.6261
 #  6  ===>   -0.7727
 #  7  ===>   -0.7896
 #  8  ===>   -0.6205
 #  9  ===>   -0.8651
 # 10  ===>   -0.7823
 # 11  ===>   -0.7426
 # 12  ===>   -0.7766
 # 13  ===>    -0.792
 # 14  ===>   -0.6261
 # 15  ===>   -0.7727
 # 16  ===>   -0.7896
 # 17  ===>   -0.6205
hoppings:
<  0 | H |  4 + [  0 ,  1 ,  0 ] >     ===>   0.1334 +     0.0 i
<  0 | H |  5 + [  0 ,  1 ,  0 ] >     ===>   0.1749 +     0.0 i
<  0 | H |  6 + [  0 ,  1 ,  0 ] >     ===>  -0.3027 +     0.0 i
<  0 | H |  7 + [  0 ,  1 ,  0 ] >     ===>  -0.6504 +     0.0 i
<  0 | H |  8 + [  0 ,  1 ,  0 ] >     ===>  -0.7176 +     0.0 i
<  1 | H |  5 + [  0 ,  1 ,  0 ] >     ===>  -0.1239 +     0.0 i
<  1 | H |  6 + [  0 ,  1 ,  0 ] >     ===>  -0.6042 +     0.0 i
<  1 | H |  7 + [  0 ,  1 ,  0 ] >     ===>   0.4974 +     0.0 i
<  1 | H |  8 + [  0 ,  1 ,  0 ] >     ===>   1.2612 +     0.0 i
<  2 | H |  3 + [  0 ,  1 ,  0 ] >     ===>  -0.2211 +     0.0 i
<  2 | H |  6 + [  0 ,  1 ,  0 ] >     ===>  -0.6789 +     0.0 i
<  2 | H |  7 + [  0 ,  1 ,  0 ] >     ===>    1.242 +     0.0 i
<  2 | H |  8 + [  0 ,  1 ,  0 ] >     ===>   0.7639 +     0.0 i
<  4 | H |  8 + [  0 ,  1 ,  0 ] >     ===>   0.1098 +     0.0 i
<  5 | H |  7 + [  0 ,  1 ,  0 ] >     ===>    -0.11 +     0.0 i
<  5 | H |  8 + [  0 ,  1 ,  0 ] >     ===>  -0.1461 +     0.0 i
<  9 | H | 13 + [  0 ,  1 ,  0 ] >     ===>   0.1334 +     0.0 i
<  9 | H | 14 + [  0 ,  1 ,  0 ] >     ===>   0.1749 +     0.0 i
<  9 | H | 15 + [  0 ,  1 ,  0 ] >     ===>  -0.3027 +     0.0 i
<  9 | H | 16 + [  0 ,  1 ,  0 ] >     ===>  -0.6504 +     0.0 i
<  9 | H | 17 + [  0 ,  1 ,  0 ] >     ===>  -0.7176 +     0.0 i
< 10 | H | 14 + [  0 ,  1 ,  0 ] >     ===>  -0.1239 +     0.0 i
< 10 | H | 15 + [  0 ,  1 ,  0 ] >     ===>  -0.6042 +     0.0 i
< 10 | H | 16 + [  0 ,  1 ,  0 ] >     ===>   0.4974 +     0.0 i
< 10 | H | 17 + [  0 ,  1 ,  0 ] >     ===>   1.2612 +     0.0 i
< 11 | H | 12 + [  0 ,  1 ,  0 ] >     ===>  -0.2211 +     0.0 i
< 11 | H | 15 + [  0 ,  1 ,  0 ] >     ===>  -0.6789 +     0.0 i
< 11 | H | 16 + [  0 ,  1 ,  0 ] >     ===>    1.242 +     0.0 i
< 11 | H | 17 + [  0 ,  1 ,  0 ] >     ===>   0.7639 +     0.0 i
< 13 | H | 17 + [  0 ,  1 ,  0 ] >     ===>   0.1098 +     0.0 i
< 14 | H | 16 + [  0 ,  1 ,  0 ] >     ===>    -0.11 +     0.0 i
< 14 | H | 17 + [  0 ,  1 ,  0 ] >     ===>  -0.1461 +     0.0 i
<  3 | H |  2 + [  1 , -1 ,  0 ] >     ===>  -0.1109 +     0.0 i
<  6 | H |  0 + [  1 , -1 ,  0 ] >     ===>  -0.1431 +     0.0 i
<  6 | H |  1 + [  1 , -1 ,  0 ] >     ===>   0.3004 +     0.0 i
<  6 | H |  2 + [  1 , -1 ,  0 ] >     ===>  -0.2465 +     0.0 i
<  7 | H |  0 + [  1 , -1 ,  0 ] >     ===>    0.353 +     0.0 i
<  7 | H |  1 + [  1 , -1 ,  0 ] >     ===>   0.6847 +     0.0 i
<  7 | H |  2 + [  1 , -1 ,  0 ] >     ===>  -0.6651 +     0.0 i
<  7 | H |  5 + [  1 , -1 ,  0 ] >     ===>  -0.1092 +     0.0 i
<  8 | H |  0 + [  1 , -1 ,  0 ] >     ===>  -0.2725 +     0.0 i
<  8 | H |  1 + [  1 , -1 ,  0 ] >     ===>  -0.6699 +  0.0118 i
<  8 | H |  2 + [  1 , -1 ,  0 ] >     ===>   0.2574 +     0.0 i
< 12 | H | 11 + [  1 , -1 ,  0 ] >     ===>  -0.1109 +     0.0 i
< 15 | H |  9 + [  1 , -1 ,  0 ] >     ===>  -0.1431 +     0.0 i
< 15 | H | 10 + [  1 , -1 ,  0 ] >     ===>   0.3004 +     0.0 i
< 15 | H | 11 + [  1 , -1 ,  0 ] >     ===>  -0.2465 +     0.0 i
< 16 | H |  9 + [  1 , -1 ,  0 ] >     ===>    0.353 +     0.0 i
< 16 | H | 10 + [  1 , -1 ,  0 ] >     ===>   0.6847 +     0.0 i
< 16 | H | 11 + [  1 , -1 ,  0 ] >     ===>  -0.6651 +     0.0 i
< 16 | H | 14 + [  1 , -1 ,  0 ] >     ===>  -0.1092 +     0.0 i
< 17 | H |  9 + [  1 , -1 ,  0 ] >     ===>  -0.2725 +     0.0 i
< 17 | H | 10 + [  1 , -1 ,  0 ] >     ===>  -0.6699 -  0.0118 i
< 17 | H | 11 + [  1 , -1 ,  0 ] >     ===>   0.2574 +     0.0 i
<  4 | H |  8 + [  1 ,  1 ,  0 ] >     ===>     0.11 +     0.0 i
< 13 | H | 17 + [  1 ,  1 ,  0 ] >     ===>     0.11 +     0.0 i
<  3 | H |  0 + [  1 ,  0 ,  0 ] >     ===>  -0.1477 +     0.0 i
<  3 | H |  1 + [  1 ,  0 ,  0 ] >     ===>   -0.305 +     0.0 i
<  3 | H |  2 + [  1 ,  0 ,  0 ] >     ===>  -0.2503 +     0.0 i
<  4 | H |  0 + [  1 ,  0 ,  0 ] >     ===>   -0.358 +     0.0 i
<  4 | H |  1 + [  1 ,  0 ,  0 ] >     ===>   0.6917 +     0.0 i
<  4 | H |  2 + [  1 ,  0 ,  0 ] >     ===>   0.6766 +     0.0 i
<  4 | H |  4 + [  1 ,  0 ,  0 ] >     ===>   0.1924 +     0.0 i
<  4 | H |  5 + [  1 ,  0 ,  0 ] >     ===>   0.1627 -  0.0123 i
<  5 | H |  0 + [  1 ,  0 ,  0 ] >     ===>  -0.2768 +     0.0 i
<  5 | H |  1 + [  1 ,  0 ,  0 ] >     ===>   0.6805 +  0.0116 i
<  5 | H |  2 + [  1 ,  0 ,  0 ] >     ===>     0.26 +     0.0 i
<  5 | H |  4 + [  1 ,  0 ,  0 ] >     ===>  -0.1632 +     0.0 i
<  6 | H |  2 + [  1 ,  0 ,  0 ] >     ===>  -0.1123 +     0.0 i
<  7 | H |  7 + [  1 ,  0 ,  0 ] >     ===>   0.1961 +     0.0 i
<  7 | H |  8 + [  1 ,  0 ,  0 ] >     ===>  -0.1613 -  0.0124 i
<  8 | H |  7 + [  1 ,  0 ,  0 ] >     ===>   0.1605 +     0.0 i
< 12 | H |  9 + [  1 ,  0 ,  0 ] >     ===>  -0.1477 +     0.0 i
< 12 | H | 10 + [  1 ,  0 ,  0 ] >     ===>   -0.305 +     0.0 i
< 12 | H | 11 + [  1 ,  0 ,  0 ] >     ===>  -0.2503 +     0.0 i
< 13 | H |  9 + [  1 ,  0 ,  0 ] >     ===>   -0.358 +     0.0 i
< 13 | H | 10 + [  1 ,  0 ,  0 ] >     ===>   0.6917 +     0.0 i
< 13 | H | 11 + [  1 ,  0 ,  0 ] >     ===>   0.6766 +     0.0 i
< 13 | H | 13 + [  1 ,  0 ,  0 ] >     ===>   0.1924 +     0.0 i
< 13 | H | 14 + [  1 ,  0 ,  0 ] >     ===>   0.1627 +  0.0123 i
< 14 | H |  9 + [  1 ,  0 ,  0 ] >     ===>  -0.2768 +     0.0 i
< 14 | H | 10 + [  1 ,  0 ,  0 ] >     ===>   0.6805 -  0.0116 i
< 14 | H | 11 + [  1 ,  0 ,  0 ] >     ===>     0.26 +     0.0 i
< 14 | H | 13 + [  1 ,  0 ,  0 ] >     ===>  -0.1632 +     0.0 i
< 15 | H | 11 + [  1 ,  0 ,  0 ] >     ===>  -0.1123 +     0.0 i
< 16 | H | 16 + [  1 ,  0 ,  0 ] >     ===>   0.1961 +     0.0 i
< 16 | H | 17 + [  1 ,  0 ,  0 ] >     ===>  -0.1613 +  0.0124 i
< 17 | H | 16 + [  1 ,  0 ,  0 ] >     ===>   0.1605 +     0.0 i
<  0 | H |  2 + [  0 ,  0 ,  0 ] >     ===>  -0.1607 +     0.0 i
<  0 | H |  3 + [  0 ,  0 ,  0 ] >     ===>  -0.3061 +     0.0 i
<  0 | H |  4 + [  0 ,  0 ,  0 ] >     ===>   0.6501 +     0.0 i
<  0 | H |  5 + [  0 ,  0 ,  0 ] >     ===>   -0.709 +     0.0 i
<  0 | H |  7 + [  0 ,  0 ,  0 ] >     ===>   -0.134 +     0.0 i
<  0 | H |  8 + [  0 ,  0 ,  0 ] >     ===>   0.1773 +     0.0 i
<  0 | H | 10 + [  0 ,  0 ,  0 ] >     ===>   -0.247 +     0.0 i
<  0 | H | 11 + [  0 ,  0 ,  0 ] >     ===>     -0.0 +  0.2461 i
<  1 | H |  2 + [  0 ,  0 ,  0 ] >     ===>    0.001 -  0.2475 i
<  1 | H |  3 + [  0 ,  0 ,  0 ] >     ===>   0.6037 +     0.0 i
<  1 | H |  4 + [  0 ,  0 ,  0 ] >     ===>    0.511 +     0.0 i
<  1 | H |  5 + [  0 ,  0 ,  0 ] >     ===>  -1.2633 +     0.0 i
<  1 | H |  6 + [  0 ,  0 ,  0 ] >     ===>   0.1001 +     0.0 i
<  1 | H |  8 + [  0 ,  0 ,  0 ] >     ===>   0.1238 +     0.0 i
<  1 | H |  9 + [  0 ,  0 ,  0 ] >     ===>    0.247 +     0.0 i
<  2 | H |  3 + [  0 ,  0 ,  0 ] >     ===>  -0.6714 +     0.0 i
<  2 | H |  4 + [  0 ,  0 ,  0 ] >     ===>  -1.2442 +     0.0 i
<  2 | H |  5 + [  0 ,  0 ,  0 ] >     ===>   0.7537 +     0.0 i
<  2 | H |  6 + [  0 ,  0 ,  0 ] >     ===>  -0.2214 +     0.0 i
<  2 | H |  9 + [  0 ,  0 ,  0 ] >     ===>      0.0 -  0.2461 i
<  3 | H |  6 + [  0 ,  0 ,  0 ] >     ===>   0.9833 +     0.0 i
<  3 | H |  8 + [  0 ,  0 ,  0 ] >     ===>    1.535 +     0.0 i
<  3 | H | 13 + [  0 ,  0 ,  0 ] >     ===>    -0.25 +     0.0 i
<  3 | H | 14 + [  0 ,  0 ,  0 ] >     ===>   0.0013 +  0.2507 i
<  4 | H |  5 + [  0 ,  0 ,  0 ] >     ===>  -0.1431 -  0.2504 i
<  4 | H |  7 + [  0 ,  0 ,  0 ] >     ===>  -0.7353 +     0.0 i
<  4 | H | 12 + [  0 ,  0 ,  0 ] >     ===>     0.25 +     0.0 i
<  5 | H |  6 + [  0 ,  0 ,  0 ] >     ===>   1.5353 +     0.0 i
<  5 | H |  8 + [  0 ,  0 ,  0 ] >     ===>   0.6504 +     0.0 i
<  5 | H | 12 + [  0 ,  0 ,  0 ] >     ===>  -0.0013 -  0.2507 i
<  6 | H | 16 + [  0 ,  0 ,  0 ] >     ===>  -0.2499 +     0.0 i
<  6 | H | 17 + [  0 ,  0 ,  0 ] >     ===>  -0.0014 +  0.2507 i
<  7 | H |  8 + [  0 ,  0 ,  0 ] >     ===>   0.1472 -  0.2503 i
<  7 | H | 15 + [  0 ,  0 ,  0 ] >     ===>   0.2499 +     0.0 i
<  8 | H | 15 + [  0 ,  0 ,  0 ] >     ===>   0.0014 -  0.2507 i
<  9 | H | 11 + [  0 ,  0 ,  0 ] >     ===>  -0.1607 +     0.0 i
<  9 | H | 12 + [  0 ,  0 ,  0 ] >     ===>  -0.3061 +     0.0 i
<  9 | H | 13 + [  0 ,  0 ,  0 ] >     ===>   0.6501 +     0.0 i
<  9 | H | 14 + [  0 ,  0 ,  0 ] >     ===>   -0.709 +     0.0 i
<  9 | H | 16 + [  0 ,  0 ,  0 ] >     ===>   -0.134 +     0.0 i
<  9 | H | 17 + [  0 ,  0 ,  0 ] >     ===>   0.1773 +     0.0 i
< 10 | H | 11 + [  0 ,  0 ,  0 ] >     ===>    0.001 +  0.2475 i
< 10 | H | 12 + [  0 ,  0 ,  0 ] >     ===>   0.6037 +     0.0 i
< 10 | H | 13 + [  0 ,  0 ,  0 ] >     ===>    0.511 +     0.0 i
< 10 | H | 14 + [  0 ,  0 ,  0 ] >     ===>  -1.2633 +     0.0 i
< 10 | H | 15 + [  0 ,  0 ,  0 ] >     ===>   0.1001 +     0.0 i
< 10 | H | 17 + [  0 ,  0 ,  0 ] >     ===>   0.1238 +     0.0 i
< 11 | H | 12 + [  0 ,  0 ,  0 ] >     ===>  -0.6714 +     0.0 i
< 11 | H | 13 + [  0 ,  0 ,  0 ] >     ===>  -1.2442 +     0.0 i
< 11 | H | 14 + [  0 ,  0 ,  0 ] >     ===>   0.7537 +     0.0 i
< 11 | H | 15 + [  0 ,  0 ,  0 ] >     ===>  -0.2214 +     0.0 i
< 12 | H | 15 + [  0 ,  0 ,  0 ] >     ===>   0.9833 +     0.0 i
< 12 | H | 17 + [  0 ,  0 ,  0 ] >     ===>    1.535 +     0.0 i
< 13 | H | 14 + [  0 ,  0 ,  0 ] >     ===>  -0.1431 +  0.2504 i
< 13 | H | 16 + [  0 ,  0 ,  0 ] >     ===>  -0.7353 +     0.0 i
< 14 | H | 15 + [  0 ,  0 ,  0 ] >     ===>   1.5353 +     0.0 i
< 14 | H | 17 + [  0 ,  0 ,  0 ] >     ===>   0.6504 +     0.0 i
< 16 | H | 17 + [  0 ,  0 ,  0 ] >     ===>   0.1472 +  0.2503 i
hopping distances:
|  pos(  0 )  - pos(  4 + [  0 ,  1 ,  0 ] ) |  =    4.2784
|  pos(  0 )  - pos(  5 + [  0 ,  1 ,  0 ] ) |  =    4.2803
|  pos(  0 )  - pos(  6 + [  0 ,  1 ,  0 ] ) |  =   17.0652
|  pos(  0 )  - pos(  7 + [  0 ,  1 ,  0 ] ) |  =   17.2039
|  pos(  0 )  - pos(  8 + [  0 ,  1 ,  0 ] ) |  =   17.1754
|  pos(  1 )  - pos(  5 + [  0 ,  1 ,  0 ] ) |  =    4.2952
|  pos(  1 )  - pos(  6 + [  0 ,  1 ,  0 ] ) |  =   17.0694
|  pos(  1 )  - pos(  7 + [  0 ,  1 ,  0 ] ) |  =   17.2081
|  pos(  1 )  - pos(  8 + [  0 ,  1 ,  0 ] ) |  =   17.1795
|  pos(  2 )  - pos(  3 + [  0 ,  1 ,  0 ] ) |  =    4.3665
|  pos(  2 )  - pos(  6 + [  0 ,  1 ,  0 ] ) |  =   17.0648
|  pos(  2 )  - pos(  7 + [  0 ,  1 ,  0 ] ) |  =   17.2035
|  pos(  2 )  - pos(  8 + [  0 ,  1 ,  0 ] ) |  =    17.175
|  pos(  4 )  - pos(  8 + [  0 ,  1 ,  0 ] ) |  =   16.4618
|  pos(  5 )  - pos(  7 + [  0 ,  1 ,  0 ] ) |  =   16.4616
|  pos(  5 )  - pos(  8 + [  0 ,  1 ,  0 ] ) |  =   16.4349
|  pos(  9 )  - pos( 13 + [  0 ,  1 ,  0 ] ) |  =    4.2784
|  pos(  9 )  - pos( 14 + [  0 ,  1 ,  0 ] ) |  =    4.2803
|  pos(  9 )  - pos( 15 + [  0 ,  1 ,  0 ] ) |  =   17.0652
|  pos(  9 )  - pos( 16 + [  0 ,  1 ,  0 ] ) |  =   17.2039
|  pos(  9 )  - pos( 17 + [  0 ,  1 ,  0 ] ) |  =   17.1754
|  pos( 10 )  - pos( 14 + [  0 ,  1 ,  0 ] ) |  =    4.2952
|  pos( 10 )  - pos( 15 + [  0 ,  1 ,  0 ] ) |  =   17.0694
|  pos( 10 )  - pos( 16 + [  0 ,  1 ,  0 ] ) |  =   17.2081
|  pos( 10 )  - pos( 17 + [  0 ,  1 ,  0 ] ) |  =   17.1795
|  pos( 11 )  - pos( 12 + [  0 ,  1 ,  0 ] ) |  =    4.3665
|  pos( 11 )  - pos( 15 + [  0 ,  1 ,  0 ] ) |  =   17.0648
|  pos( 11 )  - pos( 16 + [  0 ,  1 ,  0 ] ) |  =   17.2035
|  pos( 11 )  - pos( 17 + [  0 ,  1 ,  0 ] ) |  =    17.175
|  pos( 13 )  - pos( 17 + [  0 ,  1 ,  0 ] ) |  =   16.4618
|  pos( 14 )  - pos( 16 + [  0 ,  1 ,  0 ] ) |  =   16.4616
|  pos( 14 )  - pos( 17 + [  0 ,  1 ,  0 ] ) |  =   16.4349
|  pos(  3 )  - pos(  2 + [  1 , -1 ,  0 ] ) |  =    4.7655
|  pos(  6 )  - pos(  0 + [  1 , -1 ,  0 ] ) |  =   17.1737
|  pos(  6 )  - pos(  1 + [  1 , -1 ,  0 ] ) |  =   17.1684
|  pos(  6 )  - pos(  2 + [  1 , -1 ,  0 ] ) |  =   17.1738
|  pos(  7 )  - pos(  0 + [  1 , -1 ,  0 ] ) |  =   17.3054
|  pos(  7 )  - pos(  1 + [  1 , -1 ,  0 ] ) |  =   17.3002
|  pos(  7 )  - pos(  2 + [  1 , -1 ,  0 ] ) |  =   17.3056
|  pos(  7 )  - pos(  5 + [  1 , -1 ,  0 ] ) |  =   17.0291
|  pos(  8 )  - pos(  0 + [  1 , -1 ,  0 ] ) |  =   17.2797
|  pos(  8 )  - pos(  1 + [  1 , -1 ,  0 ] ) |  =   17.2744
|  pos(  8 )  - pos(  2 + [  1 , -1 ,  0 ] ) |  =   17.2798
|  pos( 12 )  - pos( 11 + [  1 , -1 ,  0 ] ) |  =    4.7655
|  pos( 15 )  - pos(  9 + [  1 , -1 ,  0 ] ) |  =   17.1737
|  pos( 15 )  - pos( 10 + [  1 , -1 ,  0 ] ) |  =   17.1684
|  pos( 15 )  - pos( 11 + [  1 , -1 ,  0 ] ) |  =   17.1738
|  pos( 16 )  - pos(  9 + [  1 , -1 ,  0 ] ) |  =   17.3054
|  pos( 16 )  - pos( 10 + [  1 , -1 ,  0 ] ) |  =   17.3002
|  pos( 16 )  - pos( 11 + [  1 , -1 ,  0 ] ) |  =   17.3056
|  pos( 16 )  - pos( 14 + [  1 , -1 ,  0 ] ) |  =   17.0291
|  pos( 17 )  - pos(  9 + [  1 , -1 ,  0 ] ) |  =   17.2797
|  pos( 17 )  - pos( 10 + [  1 , -1 ,  0 ] ) |  =   17.2744
|  pos( 17 )  - pos( 11 + [  1 , -1 ,  0 ] ) |  =   17.2799
|  pos(  4 )  - pos(  8 + [  1 ,  1 ,  0 ] ) |  =    17.024
|  pos( 13 )  - pos( 17 + [  1 ,  1 ,  0 ] ) |  =    17.024
|  pos(  3 )  - pos(  0 + [  1 ,  0 ,  0 ] ) |  =    3.4243
|  pos(  3 )  - pos(  1 + [  1 ,  0 ,  0 ] ) |  =    3.3969
|  pos(  3 )  - pos(  2 + [  1 ,  0 ,  0 ] ) |  =    3.4262
|  pos(  4 )  - pos(  0 + [  1 ,  0 ,  0 ] ) |  =    3.4101
|  pos(  4 )  - pos(  1 + [  1 ,  0 ,  0 ] ) |  =    3.3828
|  pos(  4 )  - pos(  2 + [  1 ,  0 ,  0 ] ) |  =     3.412
|  pos(  4 )  - pos(  4 + [  1 ,  0 ,  0 ] ) |  =      4.36
|  pos(  4 )  - pos(  5 + [  1 ,  0 ,  0 ] ) |  =     4.349
|  pos(  5 )  - pos(  0 + [  1 ,  0 ,  0 ] ) |  =    3.4267
|  pos(  5 )  - pos(  1 + [  1 ,  0 ,  0 ] ) |  =    3.3995
|  pos(  5 )  - pos(  2 + [  1 ,  0 ,  0 ] ) |  =    3.4286
|  pos(  5 )  - pos(  4 + [  1 ,  0 ,  0 ] ) |  =    4.3712
|  pos(  6 )  - pos(  2 + [  1 ,  0 ,  0 ] ) |  =   17.4883
|  pos(  7 )  - pos(  7 + [  1 ,  0 ,  0 ] ) |  =      4.36
|  pos(  7 )  - pos(  8 + [  1 ,  0 ,  0 ] ) |  =    4.3495
|  pos(  8 )  - pos(  7 + [  1 ,  0 ,  0 ] ) |  =    4.3706
|  pos( 12 )  - pos(  9 + [  1 ,  0 ,  0 ] ) |  =    3.4243
|  pos( 12 )  - pos( 10 + [  1 ,  0 ,  0 ] ) |  =     3.397
|  pos( 12 )  - pos( 11 + [  1 ,  0 ,  0 ] ) |  =    3.4262
|  pos( 13 )  - pos(  9 + [  1 ,  0 ,  0 ] ) |  =    3.4101
|  pos( 13 )  - pos( 10 + [  1 ,  0 ,  0 ] ) |  =    3.3828
|  pos( 13 )  - pos( 11 + [  1 ,  0 ,  0 ] ) |  =     3.412
|  pos( 13 )  - pos( 13 + [  1 ,  0 ,  0 ] ) |  =      4.36
|  pos( 13 )  - pos( 14 + [  1 ,  0 ,  0 ] ) |  =     4.349
|  pos( 14 )  - pos(  9 + [  1 ,  0 ,  0 ] ) |  =    3.4267
|  pos( 14 )  - pos( 10 + [  1 ,  0 ,  0 ] ) |  =    3.3995
|  pos( 14 )  - pos( 11 + [  1 ,  0 ,  0 ] ) |  =    3.4286
|  pos( 14 )  - pos( 13 + [  1 ,  0 ,  0 ] ) |  =    4.3712
|  pos( 15 )  - pos( 11 + [  1 ,  0 ,  0 ] ) |  =   17.4883
|  pos( 16 )  - pos( 16 + [  1 ,  0 ,  0 ] ) |  =      4.36
|  pos( 16 )  - pos( 17 + [  1 ,  0 ,  0 ] ) |  =    4.3495
|  pos( 17 )  - pos( 16 + [  1 ,  0 ,  0 ] ) |  =    4.3706
|  pos(  0 )  - pos(  2 + [  0 ,  0 ,  0 ] ) |  =    0.0023
|  pos(  0 )  - pos(  3 + [  0 ,  0 ,  0 ] ) |  =    2.8463
|  pos(  0 )  - pos(  4 + [  0 ,  0 ,  0 ] ) |  =    2.8667
|  pos(  0 )  - pos(  5 + [  0 ,  0 ,  0 ] ) |  =    2.8696
|  pos(  0 )  - pos(  7 + [  0 ,  0 ,  0 ] ) |  =   17.4927
|  pos(  0 )  - pos(  8 + [  0 ,  0 ,  0 ] ) |  =    17.464
|  pos(  0 )  - pos( 10 + [  0 ,  0 ,  0 ] ) |  =     0.037
|  pos(  0 )  - pos( 11 + [  0 ,  0 ,  0 ] ) |  =    0.0023
|  pos(  1 )  - pos(  2 + [  0 ,  0 ,  0 ] ) |  =    0.0393
|  pos(  1 )  - pos(  3 + [  0 ,  0 ,  0 ] ) |  =    2.8702
|  pos(  1 )  - pos(  4 + [  0 ,  0 ,  0 ] ) |  =    2.8907
|  pos(  1 )  - pos(  5 + [  0 ,  0 ,  0 ] ) |  =    2.8934
|  pos(  1 )  - pos(  6 + [  0 ,  0 ,  0 ] ) |  =   17.3859
|  pos(  1 )  - pos(  8 + [  0 ,  0 ,  0 ] ) |  =   17.4684
|  pos(  1 )  - pos(  9 + [  0 ,  0 ,  0 ] ) |  =     0.037
|  pos(  2 )  - pos(  3 + [  0 ,  0 ,  0 ] ) |  =    2.8452
|  pos(  2 )  - pos(  4 + [  0 ,  0 ,  0 ] ) |  =    2.8656
|  pos(  2 )  - pos(  5 + [  0 ,  0 ,  0 ] ) |  =    2.8685
|  pos(  2 )  - pos(  6 + [  0 ,  0 ,  0 ] ) |  =   17.3813
|  pos(  2 )  - pos(  9 + [  0 ,  0 ,  0 ] ) |  =    0.0023
|  pos(  3 )  - pos(  6 + [  0 ,  0 ,  0 ] ) |  =   15.8488
|  pos(  3 )  - pos(  8 + [  0 ,  0 ,  0 ] ) |  =     15.94
|  pos(  3 )  - pos( 13 + [  0 ,  0 ,  0 ] ) |  =    0.1522
|  pos(  3 )  - pos( 14 + [  0 ,  0 ,  0 ] ) |  =     0.128
|  pos(  4 )  - pos(  5 + [  0 ,  0 ,  0 ] ) |  =    0.0298
|  pos(  4 )  - pos(  7 + [  0 ,  0 ,  0 ] ) |  =   16.0875
|  pos(  4 )  - pos( 12 + [  0 ,  0 ,  0 ] ) |  =    0.1522
|  pos(  5 )  - pos(  6 + [  0 ,  0 ,  0 ] ) |  =   15.9402
|  pos(  5 )  - pos(  8 + [  0 ,  0 ,  0 ] ) |  =   16.0319
|  pos(  5 )  - pos( 12 + [  0 ,  0 ,  0 ] ) |  =     0.128
|  pos(  6 )  - pos( 16 + [  0 ,  0 ,  0 ] ) |  =    0.1516
|  pos(  6 )  - pos( 17 + [  0 ,  0 ,  0 ] ) |  =    0.1282
|  pos(  7 )  - pos(  8 + [  0 ,  0 ,  0 ] ) |  =      0.03
|  pos(  7 )  - pos( 15 + [  0 ,  0 ,  0 ] ) |  =    0.1516
|  pos(  8 )  - pos( 15 + [  0 ,  0 ,  0 ] ) |  =    0.1282
|  pos(  9 )  - pos( 11 + [  0 ,  0 ,  0 ] ) |  =    0.0023
|  pos(  9 )  - pos( 12 + [  0 ,  0 ,  0 ] ) |  =    2.8464
|  pos(  9 )  - pos( 13 + [  0 ,  0 ,  0 ] ) |  =    2.8667
|  pos(  9 )  - pos( 14 + [  0 ,  0 ,  0 ] ) |  =    2.8696
|  pos(  9 )  - pos( 16 + [  0 ,  0 ,  0 ] ) |  =   17.4927
|  pos(  9 )  - pos( 17 + [  0 ,  0 ,  0 ] ) |  =    17.464
|  pos( 10 )  - pos( 11 + [  0 ,  0 ,  0 ] ) |  =    0.0393
|  pos( 10 )  - pos( 12 + [  0 ,  0 ,  0 ] ) |  =    2.8702
|  pos( 10 )  - pos( 13 + [  0 ,  0 ,  0 ] ) |  =    2.8907
|  pos( 10 )  - pos( 14 + [  0 ,  0 ,  0 ] ) |  =    2.8934
|  pos( 10 )  - pos( 15 + [  0 ,  0 ,  0 ] ) |  =   17.3859
|  pos( 10 )  - pos( 17 + [  0 ,  0 ,  0 ] ) |  =   17.4684
|  pos( 11 )  - pos( 12 + [  0 ,  0 ,  0 ] ) |  =    2.8452
|  pos( 11 )  - pos( 13 + [  0 ,  0 ,  0 ] ) |  =    2.8656
|  pos( 11 )  - pos( 14 + [  0 ,  0 ,  0 ] ) |  =    2.8685
|  pos( 11 )  - pos( 15 + [  0 ,  0 ,  0 ] ) |  =   17.3813
|  pos( 12 )  - pos( 15 + [  0 ,  0 ,  0 ] ) |  =   15.8488
|  pos( 12 )  - pos( 17 + [  0 ,  0 ,  0 ] ) |  =     15.94
|  pos( 13 )  - pos( 14 + [  0 ,  0 ,  0 ] ) |  =    0.0298
|  pos( 13 )  - pos( 16 + [  0 ,  0 ,  0 ] ) |  =   16.0875
|  pos( 14 )  - pos( 15 + [  0 ,  0 ,  0 ] ) |  =   15.9402
|  pos( 14 )  - pos( 17 + [  0 ,  0 ,  0 ] ) |  =   16.0319
|  pos( 16 )  - pos( 17 + [  0 ,  0 ,  0 ] ) |  =      0.03

----- k_path report begin ----------
real-space lattice vectors
 [[  0.       5.7594   0.    ]
 [  0.       0.      18.    ]]
k-space metric tensor
 [[ 0.03015  0.     ]
 [ 0.       0.00309]]
internal coordinates of nodes
 [[-0.5  0. ]
 [ 0.   0. ]
 [ 0.5  0. ]]
list of segments:
  length = 0.08681  from  [-0.5  0. ]  to  [ 0.  0.]
  length = 0.08681  from  [ 0.  0.]  to  [ 0.5  0. ]
node distance list: [ 0.       0.08681  0.17363]
node index list:    [ 0 50 99]
----- k_path report end ------------

Plotting bandstructure...
