 -----------------------------------------------------------------------
  W            W            W              TTTTTTTTTTTTTTTTTTTT         
   W          W W          W                        TT                  
    W        W   W        W                         TT                  
     W      W     W      W                          TT                  
      W    W       W    W                           TT                  
       W  W         W  W                            TT                  
        WW           WW                             TT                  
        W             W                             TT                  
                                                                        
                        Welcome to Wannier_tools.                       
                             Version 2.2.1                              
                   Tools for topological novel materials.               
                          Enjoy it and good luck.                       
                           Author : QuanSheng Wu                        
                        Email : wuquansheng@gmail.com                   
               Find more information on www.wanniertools.com            
 =======================================================================
                                                                        
 You are using     1 CPU cores
  
   
 >>>Read some paramters from wt.in
 Tight binding Hamiltonian file: wannier90_hr.dat         
 System of particle: electron                 
 Tight binding Hamiltonian obtained from : VASP                     
   
 >>>Control parameters: 
 BulkBand_calc       :  F
 BulkBand_plane_calc       :  F
 BulkFS_calc         :  F
 BulkFS_Plane_calc   :  F
 BulkGap_cube_calc   :  F
 BulkGap_plane_calc  :  F
 SlabBand_calc       :  F
 SlabSS_calc         :  F
 SlabArc_calc        :  F
 SlabSpintexture_calc:  F
 wanniercenter_calc  :  F
 Z2_3D_calc          :  T
 Chern_3D_calc       :  F
 WeylChirality_calc  :  F
 BerryPhase_calc     :  F
 Dos_calc            :  F
 AHC_calc            :  F
 JDos_calc           :  F
 FindNodes_calc      :  F
 BerryCurvature_calc :  F
 EffectiveMass_calc  :  F
   
 >>>System parameters: 
 NumSlabs :    10
 Nslab1 for ribbon  :     1
 Nslab2 for ribbon  :     1
 Number of Occupied bands:     6
 Number of total electrons:     6
 With SOC or not in Hrfile:     1
 Fermi energy :       -1.165100
 Bx, By, Bz :        0.000000        0.000000        0.000000
 surf_onsite :        0.000000
   
 >>>calculation parameters : 
 E_arc :          0.00000
 Eta_arc :          0.00100
 Gap_threshold         0.01000
 OmegaMin :         -1.00000
 OmegaMax :          1.00000
 OmegaNum :    100
 Nk1 :    101
 Nk2 :    101
 Nk3 :     50
 NP number of principle layers  :      2
  
 We found LATTICE card
>> lattice information (Angstrom)
    2.101780   -3.640393    0.000000
    2.101780    3.640393    0.000000
    0.000000    0.000000   15.000000
>> Reciprocal lattice information (1/Angstrom)
    1.494730   -0.862982    0.000000
    1.494730    0.862982   -0.000000
   -0.000000    0.000000    0.418879
  
 We found ATOM_POSITIONS card
Num_atoms    2
Bi      2.101780    1.213464   10.768124
Bi      2.101780   -1.213464    9.036796
Atom position in cartisen coordinate
Bi      2.101780    1.213464   10.768124
Bi      2.101780   -1.213464    9.036796
Atom position in direct coordinate
Bi      0.333333    0.666667    0.717875
Bi      0.666667    0.333333    0.602453
  
 We found PROJECTORS card
nprojs    3    3
Bi      pz      px      py      
Bi      pz      px      py      
  
 >> Wannier centers by default, in unit of reciprocal lattice vector
 iwann        R1        R2        R3
     1  0.333333  0.666667  0.717875
     2  0.333333  0.666667  0.717875
     3  0.333333  0.666667  0.717875
     4  0.666667  0.333333  0.602453
     5  0.666667  0.333333  0.602453
     6  0.666667  0.333333  0.602453
     7  0.333333  0.666667  0.717875
     8  0.333333  0.666667  0.717875
     9  0.333333  0.666667  0.717875
    10  0.666667  0.333333  0.602453
    11  0.666667  0.333333  0.602453
    12  0.666667  0.333333  0.602453
  
 We found SURFACE card
 
>> new vectors to define the surface (in unit of lattice vector)
 The 1st vector on surface     :    1.000000    0.000000    0.000000
 The 2nd vector on surface     :    0.000000    1.000000    0.000000
 The 3rd vector out of surface :    0.000000    0.000000    1.000000
  
 The rotated new unit cell : 
    2.101780   -3.640393    0.000000
    2.101780    3.640393    0.000000
    0.000000    0.000000   15.000000
  
 Fractional coordinates of atoms in units of new lattice vectors : 
Bi      0.333333    0.666667    0.717875
Bi      0.666667    0.333333    0.602453
  
 Cell_Volume:    15.302606758687004     
 Ra2, Rb2
    4.2036    0.0000
   -2.1018    3.6404
 Ka2, Kb2
    1.4947    0.8630
   -0.0000    1.7260
  
 We found KPATH_BULK card
Number of K lines :     3
 G      0.0000   0.0000   0.0000  Y       0.5000   0.0000   0.0000
 Y      0.5000   0.0000   0.0000  M       0.3333   0.3333   0.0000
 M      0.3333   0.3333   0.0000  G       0.0000   0.0000   0.0000
  
 We found KPATH_SLAB card
 k lines for 2D system
 No. of k lines for 2D system :            2
  X     0.50000  0.00000    G       0.00000  0.00000
  G     0.00000  0.00000    X       0.50000  0.00000
 >> Kpoints plane for 2D system--> arcs  
K2D_start: -0.5000 -0.5000
The first vector:   1.0000  0.0000
The second vector:   0.0000  1.0000
 >> Kpoints plane for 3D system--> gapshape  
k3D_start :   0.0000  0.0000  0.0000
The 1st vector:   1.0000  0.0000  0.0000
The 2nd vector:   0.0000  0.5000  0.0000
 >> Kpoints plane for 3D system--> gapshape3D  
k3D_start : -0.5000 -0.5000 -0.5000
The 1st vector:   1.0000  0.0000  0.0000
The 2nd vector:   0.0000  1.0000  0.0000
The 3rd vector:   0.0000  0.0000  1.0000
  
  
 >> Using default parameters for effective mass calculation
 >> Effective mass calculation parameters  
>> The     6'th band
>> k step  0.0100 in unit of 1/Angstrom
>> k points  0.0000 0.0000 0.0000 in unit of reciprocal primitive cell
>> k points  0.0000 0.0000 0.0000 in unit of 1/Angstrom
  
 >> We use the default values for Single_KPOINT_3D_DIRECT=[0,0,0]
 >> Output all atoms weight for surface state spectrum
 > NtopAtoms            2
> TopAtoms   1  2
> NbottomAtoms   2
> BottomAtoms   1  2
 > NtopOrbitals           12
> TopOrbitals    1   2   3   4   5   6   7   8   9  10  11  12
> NBottomOrbitals   12
> BottomOrbitals    1   2   3   4   5   6   7   8   9  10  11  12
  
 >> We do not calculate chirality for weyl points
 <<<Read wt.in file successfully
 
  File wannier90_hr.dat exist, We are using HmnR from wannier90
 >> Num_wann          12
 >> NRPTS         295
  >> Begin to read Hmn_R.data
 
  
 >> SelectedOrbitals
>> Number of orbitals selected (including spin degenarcy)        12
>> Orbitals are
    1    2    3    4    5    6    7    8    9   10   11   12
  
 >> SELECTEDBANDS
>> Number of bands selected         12
>> Band indices are
    1    2    3    4    5    6    7    8    9   10   11   12
  
  << Read Hmn_R.data successfully
  
 >> Start of calculating Z2 number for the bulk
 Wcc integration max_diff, Nk_adaptive   3.0908609005564358E-013         128
 Wcc integration max_diff, Nk_adaptive   1.2200660035102118E-003          64
 Wcc integration max_diff, Nk_adaptive   1.9672447495082679E-003          64
 Wcc integration max_diff, Nk_adaptive   2.7148232411278173E-003          64
 Wcc integration max_diff, Nk_adaptive   3.3993347349863257E-003          64
 Wcc integration max_diff, Nk_adaptive   3.8021567410151391E-003          64
 Wcc integration max_diff, Nk_adaptive   3.9572278282751228E-003          64
 Wcc integration max_diff, Nk_adaptive   3.9227934069838710E-003          64
 Wcc integration max_diff, Nk_adaptive   3.7611269037451933E-003          64
 Wcc integration max_diff, Nk_adaptive   3.5260644246175588E-003          64
 Wcc integration max_diff, Nk_adaptive   3.2582294084519958E-003          64
 Wcc integration max_diff, Nk_adaptive   2.9852277508464198E-003          64
 Wcc integration max_diff, Nk_adaptive   2.7240801291146255E-003          64
 Wcc integration max_diff, Nk_adaptive   2.4841268671114136E-003          64
 Wcc integration max_diff, Nk_adaptive   2.2695721813654757E-003          64
 Wcc integration max_diff, Nk_adaptive   2.0814179430566071E-003          64
 Wcc integration max_diff, Nk_adaptive   1.9188142147648080E-003          64
 Wcc integration max_diff, Nk_adaptive   1.7799478133113666E-003          64
 Wcc integration max_diff, Nk_adaptive   1.6625981508902044E-003          64
 Wcc integration max_diff, Nk_adaptive   1.5644668388112848E-003          64
 Wcc integration max_diff, Nk_adaptive   1.4833594606002976E-003          64
 Wcc integration max_diff, Nk_adaptive   1.4172738677871166E-003          64
 Wcc integration max_diff, Nk_adaptive   1.3644313790308615E-003          64
 Wcc integration max_diff, Nk_adaptive   1.3232747181994853E-003          64
 Wcc integration max_diff, Nk_adaptive   1.2924480761515866E-003          64
 Wcc integration max_diff, Nk_adaptive   1.2707690772391089E-003          64
 Wcc integration max_diff, Nk_adaptive   1.2571987193190637E-003          64
 Wcc integration max_diff, Nk_adaptive   1.2515074578480778E-003          64
 Wcc integration max_diff, Nk_adaptive   1.2544052926486415E-003          64
 Wcc integration max_diff, Nk_adaptive   1.2628607201961017E-003          64
 Wcc integration max_diff, Nk_adaptive   1.2761364829394495E-003          64
 Wcc integration max_diff, Nk_adaptive   1.2935335074963916E-003          64
 Wcc integration max_diff, Nk_adaptive   1.3143772824228961E-003          64
 Wcc integration max_diff, Nk_adaptive   1.3380029275342764E-003          64
 Wcc integration max_diff, Nk_adaptive   1.3637375177566469E-003          64
 Wcc integration max_diff, Nk_adaptive   1.3908784818976727E-003          64
 Wcc integration max_diff, Nk_adaptive   1.4186674888136963E-003          64
 Wcc integration max_diff, Nk_adaptive   1.4462604793372691E-003          64
 Wcc integration max_diff, Nk_adaptive   1.4726971524705590E-003          64
 Wcc integration max_diff, Nk_adaptive   1.4968787700535557E-003          64
 Wcc integration max_diff, Nk_adaptive   1.5175737756667473E-003          64
 Wcc integration max_diff, Nk_adaptive   1.5334866439786765E-003          64
 Wcc integration max_diff, Nk_adaptive   1.5434349729392949E-003          64
 Wcc integration max_diff, Nk_adaptive   1.5466442103591049E-003          64
 Wcc integration max_diff, Nk_adaptive   1.5448590396669459E-003          64
 Wcc integration max_diff, Nk_adaptive   1.5443323254160646E-003          64
 Wcc integration max_diff, Nk_adaptive   1.5379400257575782E-003          64
 Wcc integration max_diff, Nk_adaptive   1.5255244951735136E-003          64
 Wcc integration max_diff, Nk_adaptive   1.5068507376412299E-003          64
 Wcc integration max_diff, Nk_adaptive   1.4816532556718442E-003          64
 Wcc integration max_diff, Nk_adaptive   1.4497400522142101E-003          64
 Wcc integration max_diff, Nk_adaptive   1.4110832537674867E-003          64
 Wcc integration max_diff, Nk_adaptive   1.3658711346664631E-003          64
 Wcc integration max_diff, Nk_adaptive   1.3145257869418003E-003          64
 Wcc integration max_diff, Nk_adaptive   1.2576976355909153E-003          64
 Wcc integration max_diff, Nk_adaptive   1.1962457323537734E-003          64
 Wcc integration max_diff, Nk_adaptive   1.1312085999861665E-003          64
 Wcc integration max_diff, Nk_adaptive   1.0637657852967664E-003          64
 Wcc integration max_diff, Nk_adaptive   9.9518608575976941E-004          64
 Wcc integration max_diff, Nk_adaptive   9.2675754127213850E-004          64
 Wcc integration max_diff, Nk_adaptive   8.5969997625490180E-004          64
 Wcc integration max_diff, Nk_adaptive   7.9507191596128735E-004          64
 Wcc integration max_diff, Nk_adaptive   7.3369244058874017E-004          64
 Wcc integration max_diff, Nk_adaptive   6.7609707964955135E-004          64
 Wcc integration max_diff, Nk_adaptive   6.2253547203994231E-004          64
 Wcc integration max_diff, Nk_adaptive   5.7300528423276376E-004          64
 Wcc integration max_diff, Nk_adaptive   5.2730921084176430E-004          64
 Wcc integration max_diff, Nk_adaptive   4.8512110988596646E-004          64
 Wcc integration max_diff, Nk_adaptive   4.4605049852641798E-004          64
 Wcc integration max_diff, Nk_adaptive   4.0969857358774675E-004          64
 Wcc integration max_diff, Nk_adaptive   3.7570207462422900E-004          64
 Wcc integration max_diff, Nk_adaptive   3.4376346045306150E-004          64
 Wcc integration max_diff, Nk_adaptive   3.1366731998261344E-004          64
 Wcc integration max_diff, Nk_adaptive   2.8528399599814236E-004          64
 Wcc integration max_diff, Nk_adaptive   2.6263352187960720E-004          64
 Wcc integration max_diff, Nk_adaptive   2.4195477665145404E-004          64
 Wcc integration max_diff, Nk_adaptive   2.2273608287548541E-004          64
 Wcc integration max_diff, Nk_adaptive   2.0506650009721739E-004          64
 Wcc integration max_diff, Nk_adaptive   1.8904228222638153E-004          64
 Wcc integration max_diff, Nk_adaptive   1.8019201697327958E-004          64
 Wcc integration max_diff, Nk_adaptive   1.7494925970673592E-004          64
 Wcc integration max_diff, Nk_adaptive   1.7081947883212933E-004          64
 Wcc integration max_diff, Nk_adaptive   1.6777063915185408E-004          64
 Wcc integration max_diff, Nk_adaptive   1.6571625773487142E-004          64
 Wcc integration max_diff, Nk_adaptive   1.6452171874448140E-004          64
 Wcc integration max_diff, Nk_adaptive   1.6401602103854884E-004          64
 Wcc integration max_diff, Nk_adaptive   1.6400719664133590E-004          64
 Wcc integration max_diff, Nk_adaptive   1.6429941496731715E-004          64
 Wcc integration max_diff, Nk_adaptive   1.6470976883375954E-004          64
 Wcc integration max_diff, Nk_adaptive   1.6508290527816882E-004          64
 Wcc integration max_diff, Nk_adaptive   1.6530199009956448E-004          64
 Wcc integration max_diff, Nk_adaptive   1.6529494749129015E-004          64
 Wcc integration max_diff, Nk_adaptive   1.6503545848145507E-004          64
 Wcc integration max_diff, Nk_adaptive   1.6453878651567777E-004          64
 Wcc integration max_diff, Nk_adaptive   1.6385307420918593E-004          64
 Wcc integration max_diff, Nk_adaptive   1.6304725795102115E-004          64
 Wcc integration max_diff, Nk_adaptive   1.6219711741705112E-004          64
 Wcc integration max_diff, Nk_adaptive   1.6137116268488683E-004          64
 Wcc integration max_diff, Nk_adaptive   1.6061803109757022E-004          64
 Wcc integration max_diff, Nk_adaptive   1.5995682286806812E-004          64
 Wcc integration max_diff, Nk_adaptive   1.5934165817022006E-004          64
 Wcc iter:           1
    1   0.00000   0.00000   0.00000 T T   0.44229
    2   0.00000   0.00500   0.00000 T T   0.44249
    3   0.00000   0.01000   0.00000 T T   0.44308
    4   0.00000   0.01500   0.00000 T T   0.44398
    5   0.00000   0.02000   0.00000 T T   0.44511
    6   0.00000   0.02500   0.00000 T T   0.44637
    7   0.00000   0.03000   0.00000 T T   0.44768
    8   0.00000   0.03500   0.00000 T T   0.44897
    9   0.00000   0.04000   0.00000 T T   0.45021
   10   0.00000   0.04500   0.00000 T T   0.45137
   11   0.00000   0.05000   0.00000 T T   0.45244
   12   0.00000   0.05500   0.00000 T T   0.45342
   13   0.00000   0.06000   0.00000 T T   0.45431
   14   0.00000   0.06500   0.00000 T T   0.45513
   15   0.00000   0.07000   0.00000 T T   0.45587
   16   0.00000   0.07500   0.00000 T T   0.45655
   17   0.00000   0.08000   0.00000 T T   0.45718
   18   0.00000   0.08500   0.00000 T T   0.45776
   19   0.00000   0.09000   0.00000 T T   0.45831
   20   0.00000   0.09500   0.00000 T T   0.45882
   21   0.00000   0.10000   0.00000 T T   0.45931
   22   0.00000   0.10500   0.00000 T T   0.45978
   23   0.00000   0.11000   0.00000 T T   0.46023
   24   0.00000   0.11500   0.00000 T T   0.46067
   25   0.00000   0.12000   0.00000 T T   0.46110
   26   0.00000   0.12500   0.00000 T T   0.46152
   27   0.00000   0.13000   0.00000 T T   0.46194
   28   0.00000   0.13500   0.00000 T T   0.46235
   29   0.00000   0.14000   0.00000 T T   0.46277
   30   0.00000   0.14500   0.00000 T T   0.46319
   31   0.00000   0.15000   0.00000 T T   0.46362
   32   0.00000   0.15500   0.00000 T T   0.46405
   33   0.00000   0.16000   0.00000 T T   0.46449
   34   0.00000   0.16500   0.00000 T T   0.46493
   35   0.00000   0.17000   0.00000 T T   0.46539
   36   0.00000   0.17500   0.00000 T T   0.46585
   37   0.00000   0.18000   0.00000 T T   0.46632
   38   0.00000   0.18500   0.00000 T T   0.46681
   39   0.00000   0.19000   0.00000 T T   0.46730
   40   0.00000   0.19500   0.00000 T T   0.46780
   41   0.00000   0.20000   0.00000 T T   0.46830
   42   0.00000   0.20500   0.00000 T T   0.46881
   43   0.00000   0.21000   0.00000 T T   0.46933
   44   0.00000   0.21500   0.00000 T T   0.46984
   45   0.00000   0.22000   0.00000 T T   0.47036
   46   0.00000   0.22500   0.00000 T T   0.47087
   47   0.00000   0.23000   0.00000 T T   0.47137
   48   0.00000   0.23500   0.00000 T T   0.47187
   49   0.00000   0.24000   0.00000 T T   0.47237
   50   0.00000   0.24500   0.00000 T T   0.47285
   51   0.00000   0.25000   0.00000 T T   0.47332
   52   0.00000   0.25500   0.00000 T T   0.47378
   53   0.00000   0.26000   0.00000 T T   0.47423
   54   0.00000   0.26500   0.00000 T T   0.47466
   55   0.00000   0.27000   0.00000 T T   0.47507
   56   0.00000   0.27500   0.00000 T T   0.47546
   57   0.00000   0.28000   0.00000 T T   0.47583
   58   0.00000   0.28500   0.00000 T T   0.47617
   59   0.00000   0.29000   0.00000 T T   0.47650
   60   0.00000   0.29500   0.00000 T T   0.47680
   61   0.00000   0.30000   0.00000 T T   0.47707
   62   0.00000   0.30500   0.00000 T T   0.47733
   63   0.00000   0.31000   0.00000 T T   0.47756
   64   0.00000   0.31500   0.00000 T T   0.47777
   65   0.00000   0.32000   0.00000 T T   0.47797
   66   0.00000   0.32500   0.00000 T T   0.47815
   67   0.00000   0.33000   0.00000 T T   0.47831
   68   0.00000   0.33500   0.00000 T T   0.47846
   69   0.00000   0.34000   0.00000 T T   0.47861
   70   0.00000   0.34500   0.00000 T T   0.47873
   71   0.00000   0.35000   0.00000 T T   0.47886
   72   0.00000   0.35500   0.00000 T T   0.47897
   73   0.00000   0.36000   0.00000 T T   0.47907
   74   0.00000   0.36500   0.00000 T T   0.47916
   75   0.00000   0.37000   0.00000 T T   0.47925
   76   0.00000   0.37500   0.00000 T T   0.47933
   77   0.00000   0.38000   0.00000 T T   0.47941
   78   0.00000   0.38500   0.00000 T T   0.47947
   79   0.00000   0.39000   0.00000 T T   0.47954
   80   0.00000   0.39500   0.00000 T T   0.47960
   81   0.00000   0.40000   0.00000 T T   0.47965
   82   0.00000   0.40500   0.00000 T T   0.47970
   83   0.00000   0.41000   0.00000 T T   0.47975
   84   0.00000   0.41500   0.00000 T T   0.47979
   85   0.00000   0.42000   0.00000 T T   0.47984
   86   0.00000   0.42500   0.00000 T T   0.47988
   87   0.00000   0.43000   0.00000 T T   0.47992
   88   0.00000   0.43500   0.00000 T T   0.47995
   89   0.00000   0.44000   0.00000 T T   0.47999
   90   0.00000   0.44500   0.00000 T T   0.48003
   91   0.00000   0.45000   0.00000 T T   0.48006
   92   0.00000   0.45500   0.00000 T T   0.48010
   93   0.00000   0.46000   0.00000 T T   0.48013
   94   0.00000   0.46500   0.00000 T T   0.48017
   95   0.00000   0.47000   0.00000 T T   0.48020
   96   0.00000   0.47500   0.00000 T T   0.48023
   97   0.00000   0.48000   0.00000 T T   0.48026
   98   0.00000   0.48500   0.00000 T T   0.48029
   99   0.00000   0.49000   0.00000 T T   0.48032
  100   0.00000   0.49500   0.00000 T T   0.48035
  101   0.00000   0.50000   0.00000 T T   0.48038
 Wcc integration max_diff, Nk_adaptive   4.1772207737267308E-007         128
 Wcc integration max_diff, Nk_adaptive   1.1829836739600808E-003          64
 Wcc integration max_diff, Nk_adaptive   1.1713326976998673E-003          64
 Wcc integration max_diff, Nk_adaptive   1.1481540751585584E-003          64
 Wcc integration max_diff, Nk_adaptive   1.1136544980026031E-003          64
 Wcc integration max_diff, Nk_adaptive   1.0680407114076473E-003          64
 Wcc integration max_diff, Nk_adaptive   1.0114126018283542E-003          64
 Wcc integration max_diff, Nk_adaptive   9.4365461376177961E-004          64
 Wcc integration max_diff, Nk_adaptive   8.6438284863454840E-004          64
 Wcc integration max_diff, Nk_adaptive   7.7306989538072912E-004          64
 Wcc integration max_diff, Nk_adaptive   6.6954388292295164E-004          64
 Wcc integration max_diff, Nk_adaptive   5.5504754484481111E-004          64
 Wcc integration max_diff, Nk_adaptive   4.3363420029507438E-004          64
 Wcc integration max_diff, Nk_adaptive   3.1276419254133714E-004          64
 Wcc integration max_diff, Nk_adaptive   2.0539506627592630E-004          64
 Wcc integration max_diff, Nk_adaptive   2.5929401641278105E-004          64
 Wcc integration max_diff, Nk_adaptive   2.9439205435721760E-004          64
 Wcc integration max_diff, Nk_adaptive   3.1184454619648250E-004          64
 Wcc integration max_diff, Nk_adaptive   3.1495603517583959E-004          64
 Wcc integration max_diff, Nk_adaptive   3.0744149259298581E-004          64
 Wcc integration max_diff, Nk_adaptive   2.9252630798737300E-004          64
 Wcc integration max_diff, Nk_adaptive   2.7269842302146685E-004          64
 Wcc integration max_diff, Nk_adaptive   2.4976796182052396E-004          64
 Wcc integration max_diff, Nk_adaptive   2.2501730068036352E-004          64
 Wcc integration max_diff, Nk_adaptive   1.9934892887185640E-004          64
 Wcc integration max_diff, Nk_adaptive   1.7340372271412718E-004          64
 Wcc integration max_diff, Nk_adaptive   1.4764775374587202E-004          64
 Wcc integration max_diff, Nk_adaptive   1.2243305303805130E-004          64
 Wcc integration max_diff, Nk_adaptive   1.1086282557570826E-004          64
 Wcc integration max_diff, Nk_adaptive   1.0666854828755845E-004          64
 Wcc integration max_diff, Nk_adaptive   1.0223069065773416E-004          64
 Wcc integration max_diff, Nk_adaptive   9.7965573411684659E-005          64
 Wcc integration max_diff, Nk_adaptive   9.8925132746785494E-005          64
 Wcc integration max_diff, Nk_adaptive   9.9121379770750195E-005          64
 Wcc integration max_diff, Nk_adaptive   9.8818669046707441E-005          64
 Wcc integration max_diff, Nk_adaptive   9.8236423454522992E-005          64
 Wcc integration max_diff, Nk_adaptive   9.7547468540071236E-005          64
 Wcc integration max_diff, Nk_adaptive   9.6879068028243864E-005          64
 Wcc integration max_diff, Nk_adaptive   9.6315908987065768E-005          64
 Wcc integration max_diff, Nk_adaptive   1.0197893801944247E-004          64
 Wcc integration max_diff, Nk_adaptive   1.0915853657778030E-004          64
 Wcc integration max_diff, Nk_adaptive   1.1439254618750283E-004          64
 Wcc integration max_diff, Nk_adaptive   1.1774741352965634E-004          64
 Wcc integration max_diff, Nk_adaptive   1.1930781999325291E-004          64
 Wcc integration max_diff, Nk_adaptive   1.1917922134330183E-004          64
 Wcc integration max_diff, Nk_adaptive   1.1748869393812811E-004          64
 Wcc integration max_diff, Nk_adaptive   1.1438424668597236E-004          64
 Wcc integration max_diff, Nk_adaptive   1.1003289969124808E-004          64
 Wcc integration max_diff, Nk_adaptive   1.0461790986227015E-004          64
 Wcc integration max_diff, Nk_adaptive   9.8335533500915062E-005          64
 Wcc integration max_diff, Nk_adaptive   9.1391657853989727E-005          64
 Wcc integration max_diff, Nk_adaptive   8.8501509328153816E-005          64
 Wcc integration max_diff, Nk_adaptive   8.9478012640142879E-005          64
 Wcc integration max_diff, Nk_adaptive   9.0282438709010648E-005          64
 Wcc integration max_diff, Nk_adaptive   9.0992550994428711E-005          64
 Wcc integration max_diff, Nk_adaptive   9.1684882173481697E-005          64
 Wcc integration max_diff, Nk_adaptive   9.2429436685748101E-005          64
 Wcc integration max_diff, Nk_adaptive   9.3284692438189154E-005          64
 Wcc integration max_diff, Nk_adaptive   9.4293293390279587E-005          64
 Wcc integration max_diff, Nk_adaptive   9.5478812005111990E-005          64
 Wcc integration max_diff, Nk_adaptive   9.7498256684147577E-005          64
 Wcc integration max_diff, Nk_adaptive   1.0042001894561281E-004          64
 Wcc integration max_diff, Nk_adaptive   1.0200588713971115E-004          64
 Wcc integration max_diff, Nk_adaptive   1.0605442216871097E-004          64
 Wcc integration max_diff, Nk_adaptive   1.1479029187988488E-004          64
 Wcc integration max_diff, Nk_adaptive   1.2347979942184395E-004          64
 Wcc integration max_diff, Nk_adaptive   1.3199529562513135E-004          64
 Wcc integration max_diff, Nk_adaptive   1.4023285746844749E-004          64
 Wcc integration max_diff, Nk_adaptive   1.4812702529276578E-004          64
 Wcc integration max_diff, Nk_adaptive   1.5566369984654216E-004          64
 Wcc integration max_diff, Nk_adaptive   1.6288889347215729E-004          64
 Wcc integration max_diff, Nk_adaptive   1.6991078051020736E-004          64
 Wcc integration max_diff, Nk_adaptive   1.7689266348597243E-004          64
 Wcc integration max_diff, Nk_adaptive   1.8403525074184302E-004          64
 Wcc integration max_diff, Nk_adaptive   1.9154800192033861E-004          64
 Wcc integration max_diff, Nk_adaptive   2.1222437327850230E-004          64
 Wcc integration max_diff, Nk_adaptive   2.4232908414489884E-004          64
 Wcc integration max_diff, Nk_adaptive   2.7483967514463359E-004          64
 Wcc integration max_diff, Nk_adaptive   3.0946138241461085E-004          64
 Wcc integration max_diff, Nk_adaptive   3.4569833142761297E-004          64
 Wcc integration max_diff, Nk_adaptive   3.8279178937017377E-004          64
 Wcc integration max_diff, Nk_adaptive   4.1964532415761369E-004          64
 Wcc integration max_diff, Nk_adaptive   4.5474217525764971E-004          64
 Wcc integration max_diff, Nk_adaptive   4.8607768180275457E-004          64
 Wcc integration max_diff, Nk_adaptive   5.1116514157811821E-004          64
 Wcc integration max_diff, Nk_adaptive   5.2722738778321343E-004          64
 Wcc integration max_diff, Nk_adaptive   5.3172447362825892E-004          64
 Wcc integration max_diff, Nk_adaptive   5.2328139743096358E-004          64
 Wcc integration max_diff, Nk_adaptive   6.3578011747367214E-004          64
 Wcc integration max_diff, Nk_adaptive   7.7308212161497636E-004          64
 Wcc integration max_diff, Nk_adaptive   9.1506786966988329E-004          64
 Wcc integration max_diff, Nk_adaptive   1.0550495866468168E-003          64
 Wcc integration max_diff, Nk_adaptive   1.1877593329625569E-003          64
 Wcc integration max_diff, Nk_adaptive   1.3098116055854092E-003          64
 Wcc integration max_diff, Nk_adaptive   1.4192690459431390E-003          64
 Wcc integration max_diff, Nk_adaptive   1.5149638513740626E-003          64
 Wcc integration max_diff, Nk_adaptive   1.5959927765152315E-003          64
 Wcc integration max_diff, Nk_adaptive   1.6614701546160404E-003          64
 Wcc integration max_diff, Nk_adaptive   1.7104668910068455E-003          64
 Wcc integration max_diff, Nk_adaptive   1.7420426091341312E-003          64
 Wcc integration max_diff, Nk_adaptive   1.7552862293328531E-003          64
 Wcc iter:           1
    1   0.50000   0.00000   0.00000 T T   0.48038
    2   0.50000   0.00500   0.00000 T T   0.48002
    3   0.50000   0.01000   0.00000 T T   0.47967
    4   0.50000   0.01500   0.00000 T T   0.47932
    5   0.50000   0.02000   0.00000 T T   0.47897
    6   0.50000   0.02500   0.00000 T T   0.47863
    7   0.50000   0.03000   0.00000 T T   0.47831
    8   0.50000   0.03500   0.00000 T T   0.47800
    9   0.50000   0.04000   0.00000 T T   0.47771
   10   0.50000   0.04500   0.00000 T T   0.47743
   11   0.50000   0.05000   0.00000 T T   0.47717
   12   0.50000   0.05500   0.00000 T T   0.47692
   13   0.50000   0.06000   0.00000 T T   0.47670
   14   0.50000   0.06500   0.00000 T T   0.47649
   15   0.50000   0.07000   0.00000 T T   0.47631
   16   0.50000   0.07500   0.00000 T T   0.47614
   17   0.50000   0.08000   0.00000 T T   0.47599
   18   0.50000   0.08500   0.00000 T T   0.47585
   19   0.50000   0.09000   0.00000 T T   0.47573
   20   0.50000   0.09500   0.00000 T T   0.47563
   21   0.50000   0.10000   0.00000 T T   0.47555
   22   0.50000   0.10500   0.00000 T T   0.47547
   23   0.50000   0.11000   0.00000 T T   0.47541
   24   0.50000   0.11500   0.00000 T T   0.47536
   25   0.50000   0.12000   0.00000 T T   0.47532
   26   0.50000   0.12500   0.00000 T T   0.47529
   27   0.50000   0.13000   0.00000 T T   0.47526
   28   0.50000   0.13500   0.00000 T T   0.47525
   29   0.50000   0.14000   0.00000 T T   0.47523
   30   0.50000   0.14500   0.00000 T T   0.47523
   31   0.50000   0.15000   0.00000 T T   0.47522
   32   0.50000   0.15500   0.00000 T T   0.47522
   33   0.50000   0.16000   0.00000 T T   0.47523
   34   0.50000   0.16500   0.00000 T T   0.47523
   35   0.50000   0.17000   0.00000 T T   0.47524
   36   0.50000   0.17500   0.00000 T T   0.47525
   37   0.50000   0.18000   0.00000 T T   0.47526
   38   0.50000   0.18500   0.00000 T T   0.47527
   39   0.50000   0.19000   0.00000 T T   0.47529
   40   0.50000   0.19500   0.00000 T T   0.47531
   41   0.50000   0.20000   0.00000 T T   0.47532
   42   0.50000   0.20500   0.00000 T T   0.47534
   43   0.50000   0.21000   0.00000 T T   0.47536
   44   0.50000   0.21500   0.00000 T T   0.47539
   45   0.50000   0.22000   0.00000 T T   0.47541
   46   0.50000   0.22500   0.00000 T T   0.47544
   47   0.50000   0.23000   0.00000 T T   0.47546
   48   0.50000   0.23500   0.00000 T T   0.47549
   49   0.50000   0.24000   0.00000 T T   0.47552
   50   0.50000   0.24500   0.00000 T T   0.47555
   51   0.50000   0.25000   0.00000 T T   0.47558
   52   0.50000   0.25500   0.00000 T T   0.47561
   53   0.50000   0.26000   0.00000 T T   0.47564
   54   0.50000   0.26500   0.00000 T T   0.47567
   55   0.50000   0.27000   0.00000 T T   0.47570
   56   0.50000   0.27500   0.00000 T T   0.47573
   57   0.50000   0.28000   0.00000 T T   0.47576
   58   0.50000   0.28500   0.00000 T T   0.47579
   59   0.50000   0.29000   0.00000 T T   0.47582
   60   0.50000   0.29500   0.00000 T T   0.47585
   61   0.50000   0.30000   0.00000 T T   0.47588
   62   0.50000   0.30500   0.00000 T T   0.47592
   63   0.50000   0.31000   0.00000 T T   0.47595
   64   0.50000   0.31500   0.00000 T T   0.47598
   65   0.50000   0.32000   0.00000 T T   0.47602
   66   0.50000   0.32500   0.00000 T T   0.47605
   67   0.50000   0.33000   0.00000 T T   0.47609
   68   0.50000   0.33500   0.00000 T T   0.47612
   69   0.50000   0.34000   0.00000 T T   0.47616
   70   0.50000   0.34500   0.00000 T T   0.47620
   71   0.50000   0.35000   0.00000 T T   0.47624
   72   0.50000   0.35500   0.00000 T T   0.47627
   73   0.50000   0.36000   0.00000 T T   0.47631
   74   0.50000   0.36500   0.00000 T T   0.47635
   75   0.50000   0.37000   0.00000 T T   0.47640
   76   0.50000   0.37500   0.00000 T T   0.47644
   77   0.50000   0.38000   0.00000 T T   0.47649
   78   0.50000   0.38500   0.00000 T T   0.47655
   79   0.50000   0.39000   0.00000 T T   0.47661
   80   0.50000   0.39500   0.00000 T T   0.47667
   81   0.50000   0.40000   0.00000 T T   0.47675
   82   0.50000   0.40500   0.00000 T T   0.47683
   83   0.50000   0.41000   0.00000 T T   0.47692
   84   0.50000   0.41500   0.00000 T T   0.47703
   85   0.50000   0.42000   0.00000 T T   0.47715
   86   0.50000   0.42500   0.00000 T T   0.47728
   87   0.50000   0.43000   0.00000 T T   0.47743
   88   0.50000   0.43500   0.00000 T T   0.47760
   89   0.50000   0.44000   0.00000 T T   0.47778
   90   0.50000   0.44500   0.00000 T T   0.47797
   91   0.50000   0.45000   0.00000 T T   0.47819
   92   0.50000   0.45500   0.00000 T T   0.47842
   93   0.50000   0.46000   0.00000 T T   0.47866
   94   0.50000   0.46500   0.00000 T T   0.47892
   95   0.50000   0.47000   0.00000 T T   0.47920
   96   0.50000   0.47500   0.00000 T T   0.47949
   97   0.50000   0.48000   0.00000 T T   0.47979
   98   0.50000   0.48500   0.00000 T T   0.48010
   99   0.50000   0.49000   0.00000 T T   0.48042
  100   0.50000   0.49500   0.00000 T T   0.48074
  101   0.50000   0.50000   0.00000 T T   0.48106
 Wcc integration max_diff, Nk_adaptive   3.0908609005564358E-013         128
 Wcc integration max_diff, Nk_adaptive   1.2200653564562458E-003          64
 Wcc integration max_diff, Nk_adaptive   1.9672442278277913E-003          64
 Wcc integration max_diff, Nk_adaptive   2.7148242625667507E-003          64
 Wcc integration max_diff, Nk_adaptive   3.3993361393740429E-003          64
 Wcc integration max_diff, Nk_adaptive   3.8021580133502653E-003          64
 Wcc integration max_diff, Nk_adaptive   3.9572286817772806E-003          64
 Wcc integration max_diff, Nk_adaptive   3.9227937675185842E-003          64
 Wcc integration max_diff, Nk_adaptive   3.7611268349966309E-003          64
 Wcc integration max_diff, Nk_adaptive   3.5260640503285146E-003          64
 Wcc integration max_diff, Nk_adaptive   3.2582288584031005E-003          64
 Wcc integration max_diff, Nk_adaptive   2.9852271328163482E-003          64
 Wcc integration max_diff, Nk_adaptive   2.7240795198739676E-003          64
 Wcc integration max_diff, Nk_adaptive   2.4841263134831593E-003          64
 Wcc integration max_diff, Nk_adaptive   2.2695717055523090E-003          64
 Wcc integration max_diff, Nk_adaptive   2.0814175486609798E-003          64
 Wcc integration max_diff, Nk_adaptive   1.9188138919652431E-003          64
 Wcc integration max_diff, Nk_adaptive   1.7799475431896639E-003          64
 Wcc integration max_diff, Nk_adaptive   1.6625979086413167E-003          64
 Wcc integration max_diff, Nk_adaptive   1.5644665963829851E-003          64
 Wcc integration max_diff, Nk_adaptive   1.4833591889189535E-003          64
 Wcc integration max_diff, Nk_adaptive   1.4172735387312230E-003          64
 Wcc integration max_diff, Nk_adaptive   1.3644309673619404E-003          64
 Wcc integration max_diff, Nk_adaptive   1.3232742033579825E-003          64
 Wcc integration max_diff, Nk_adaptive   1.2924474440030309E-003          64
 Wcc integration max_diff, Nk_adaptive   1.2707683218149413E-003          64
 Wcc integration max_diff, Nk_adaptive   1.2571978442981191E-003          64
 Wcc integration max_diff, Nk_adaptive   1.2515056984021555E-003          64
 Wcc integration max_diff, Nk_adaptive   1.2544033332133608E-003          64
 Wcc integration max_diff, Nk_adaptive   1.2628586263634389E-003          64
 Wcc integration max_diff, Nk_adaptive   1.2761343387825974E-003          64
 Wcc integration max_diff, Nk_adaptive   1.2935314150919197E-003          64
 Wcc integration max_diff, Nk_adaptive   1.3143753601685404E-003          64
 Wcc integration max_diff, Nk_adaptive   1.3380013079320463E-003          64
 Wcc integration max_diff, Nk_adaptive   1.3637363436291849E-003          64
 Wcc integration max_diff, Nk_adaptive   1.3908779013718231E-003          64
 Wcc integration max_diff, Nk_adaptive   1.4186676478811222E-003          64
 Wcc integration max_diff, Nk_adaptive   1.4462615105212961E-003          64
 Wcc integration max_diff, Nk_adaptive   1.4726991571638592E-003          64
 Wcc integration max_diff, Nk_adaptive   1.4968817904534859E-003          64
 Wcc integration max_diff, Nk_adaptive   1.5175777525282541E-003          64
 Wcc integration max_diff, Nk_adaptive   1.5334913619327040E-003          64
 Wcc integration max_diff, Nk_adaptive   1.5434400151814742E-003          64
 Wcc integration max_diff, Nk_adaptive   1.5466489761415403E-003          64
 Wcc integration max_diff, Nk_adaptive   1.5448629563756811E-003          64
 Wcc integration max_diff, Nk_adaptive   1.5443353150956796E-003          64
 Wcc integration max_diff, Nk_adaptive   1.5379419992349597E-003          64
 Wcc integration max_diff, Nk_adaptive   1.5255255698534143E-003          64
 Wcc integration max_diff, Nk_adaptive   1.5068511070843726E-003          64
 Wcc integration max_diff, Nk_adaptive   1.4816530804466765E-003          64
 Wcc integration max_diff, Nk_adaptive   1.4497394176089529E-003          64
 Wcc integration max_diff, Nk_adaptive   1.4110821753732239E-003          64
 Wcc integration max_diff, Nk_adaptive   1.3658695822424960E-003          64
 Wcc integration max_diff, Nk_adaptive   1.3145237103628915E-003          64
 Wcc integration max_diff, Nk_adaptive   1.2576949880198640E-003          64
 Wcc integration max_diff, Nk_adaptive   1.1962424908027458E-003          64
 Wcc integration max_diff, Nk_adaptive   1.1312047833165195E-003          64
 Wcc integration max_diff, Nk_adaptive   1.0637614680515384E-003          64
 Wcc integration max_diff, Nk_adaptive   9.9518140348209272E-004          64
 Wcc integration max_diff, Nk_adaptive   9.2675268326303240E-004          64
 Wcc integration max_diff, Nk_adaptive   8.5969516501194221E-004          64
 Wcc integration max_diff, Nk_adaptive   7.9506737863788146E-004          64
 Wcc integration max_diff, Nk_adaptive   7.3368838145171367E-004          64
 Wcc integration max_diff, Nk_adaptive   6.7609366101883950E-004          64
 Wcc integration max_diff, Nk_adaptive   6.2253280637669661E-004          64
 Wcc integration max_diff, Nk_adaptive   5.7300343530997111E-004          64
 Wcc integration max_diff, Nk_adaptive   5.2730820011781532E-004          64
 Wcc integration max_diff, Nk_adaptive   4.8512092462793532E-004          64
 Wcc integration max_diff, Nk_adaptive   4.4605109957451816E-004          64
 Wcc integration max_diff, Nk_adaptive   4.0969990206463081E-004          64
 Wcc integration max_diff, Nk_adaptive   3.7570405734221879E-004          64
 Wcc integration max_diff, Nk_adaptive   3.4376601420937902E-004          64
 Wcc integration max_diff, Nk_adaptive   3.1367035525597942E-004          64
 Wcc integration max_diff, Nk_adaptive   2.8528741987798867E-004          64
 Wcc integration max_diff, Nk_adaptive   2.6263840429407992E-004          64
 Wcc integration max_diff, Nk_adaptive   2.4196016891941952E-004          64
 Wcc integration max_diff, Nk_adaptive   2.2274185652371159E-004          64
 Wcc integration max_diff, Nk_adaptive   2.0507252121149122E-004          64
 Wcc integration max_diff, Nk_adaptive   1.8904841574851616E-004          64
 Wcc integration max_diff, Nk_adaptive   1.8020040652189095E-004          64
 Wcc integration max_diff, Nk_adaptive   1.7495746064710715E-004          64
 Wcc integration max_diff, Nk_adaptive   1.7082733134188288E-004          64
 Wcc integration max_diff, Nk_adaptive   1.6777799671707783E-004          64
 Wcc integration max_diff, Nk_adaptive   1.6572298871331270E-004          64
 Wcc integration max_diff, Nk_adaptive   1.6452770759833868E-004          64
 Wcc integration max_diff, Nk_adaptive   1.6402116961700131E-004          64
 Wcc integration max_diff, Nk_adaptive   1.6401142556077275E-004          64
 Wcc integration max_diff, Nk_adaptive   1.6430266512124092E-004          64
 Wcc integration max_diff, Nk_adaptive   1.6471200281387155E-004          64
 Wcc integration max_diff, Nk_adaptive   1.6508410864268797E-004          64
 Wcc integration max_diff, Nk_adaptive   1.6530217210863896E-004          64
 Wcc integration max_diff, Nk_adaptive   1.6529414121357888E-004          64
 Wcc integration max_diff, Nk_adaptive   1.6503371989884386E-004          64
 Wcc integration max_diff, Nk_adaptive   1.6453619287482013E-004          64
 Wcc integration max_diff, Nk_adaptive   1.6384972141025855E-004          64
 Wcc integration max_diff, Nk_adaptive   1.6304325738580872E-004          64
 Wcc integration max_diff, Nk_adaptive   1.6219259239846906E-004          64
 Wcc integration max_diff, Nk_adaptive   1.6136624480367345E-004          64
 Wcc integration max_diff, Nk_adaptive   1.6061285692003935E-004          64
 Wcc integration max_diff, Nk_adaptive   1.5995153134618079E-004          64
 Wcc integration max_diff, Nk_adaptive   1.5935108206122095E-004          64
 Wcc iter:           1
    1   0.00000   0.00000   0.00000 T T   0.44229
    2   0.00500   0.00000   0.00000 T T   0.44249
    3   0.01000   0.00000   0.00000 T T   0.44308
    4   0.01500   0.00000   0.00000 T T   0.44398
    5   0.02000   0.00000   0.00000 T T   0.44511
    6   0.02500   0.00000   0.00000 T T   0.44637
    7   0.03000   0.00000   0.00000 T T   0.44768
    8   0.03500   0.00000   0.00000 T T   0.44897
    9   0.04000   0.00000   0.00000 T T   0.45021
   10   0.04500   0.00000   0.00000 T T   0.45137
   11   0.05000   0.00000   0.00000 T T   0.45244
   12   0.05500   0.00000   0.00000 T T   0.45342
   13   0.06000   0.00000   0.00000 T T   0.45431
   14   0.06500   0.00000   0.00000 T T   0.45513
   15   0.07000   0.00000   0.00000 T T   0.45587
   16   0.07500   0.00000   0.00000 T T   0.45655
   17   0.08000   0.00000   0.00000 T T   0.45718
   18   0.08500   0.00000   0.00000 T T   0.45776
   19   0.09000   0.00000   0.00000 T T   0.45831
   20   0.09500   0.00000   0.00000 T T   0.45882
   21   0.10000   0.00000   0.00000 T T   0.45931
   22   0.10500   0.00000   0.00000 T T   0.45978
   23   0.11000   0.00000   0.00000 T T   0.46023
   24   0.11500   0.00000   0.00000 T T   0.46067
   25   0.12000   0.00000   0.00000 T T   0.46110
   26   0.12500   0.00000   0.00000 T T   0.46152
   27   0.13000   0.00000   0.00000 T T   0.46194
   28   0.13500   0.00000   0.00000 T T   0.46235
   29   0.14000   0.00000   0.00000 T T   0.46277
   30   0.14500   0.00000   0.00000 T T   0.46319
   31   0.15000   0.00000   0.00000 T T   0.46362
   32   0.15500   0.00000   0.00000 T T   0.46405
   33   0.16000   0.00000   0.00000 T T   0.46449
   34   0.16500   0.00000   0.00000 T T   0.46493
   35   0.17000   0.00000   0.00000 T T   0.46539
   36   0.17500   0.00000   0.00000 T T   0.46585
   37   0.18000   0.00000   0.00000 T T   0.46632
   38   0.18500   0.00000   0.00000 T T   0.46681
   39   0.19000   0.00000   0.00000 T T   0.46730
   40   0.19500   0.00000   0.00000 T T   0.46780
   41   0.20000   0.00000   0.00000 T T   0.46830
   42   0.20500   0.00000   0.00000 T T   0.46881
   43   0.21000   0.00000   0.00000 T T   0.46933
   44   0.21500   0.00000   0.00000 T T   0.46984
   45   0.22000   0.00000   0.00000 T T   0.47036
   46   0.22500   0.00000   0.00000 T T   0.47087
   47   0.23000   0.00000   0.00000 T T   0.47137
   48   0.23500   0.00000   0.00000 T T   0.47187
   49   0.24000   0.00000   0.00000 T T   0.47237
   50   0.24500   0.00000   0.00000 T T   0.47285
   51   0.25000   0.00000   0.00000 T T   0.47332
   52   0.25500   0.00000   0.00000 T T   0.47378
   53   0.26000   0.00000   0.00000 T T   0.47423
   54   0.26500   0.00000   0.00000 T T   0.47466
   55   0.27000   0.00000   0.00000 T T   0.47507
   56   0.27500   0.00000   0.00000 T T   0.47546
   57   0.28000   0.00000   0.00000 T T   0.47583
   58   0.28500   0.00000   0.00000 T T   0.47617
   59   0.29000   0.00000   0.00000 T T   0.47650
   60   0.29500   0.00000   0.00000 T T   0.47680
   61   0.30000   0.00000   0.00000 T T   0.47707
   62   0.30500   0.00000   0.00000 T T   0.47733
   63   0.31000   0.00000   0.00000 T T   0.47756
   64   0.31500   0.00000   0.00000 T T   0.47777
   65   0.32000   0.00000   0.00000 T T   0.47797
   66   0.32500   0.00000   0.00000 T T   0.47815
   67   0.33000   0.00000   0.00000 T T   0.47831
   68   0.33500   0.00000   0.00000 T T   0.47846
   69   0.34000   0.00000   0.00000 T T   0.47861
   70   0.34500   0.00000   0.00000 T T   0.47873
   71   0.35000   0.00000   0.00000 T T   0.47885
   72   0.35500   0.00000   0.00000 T T   0.47897
   73   0.36000   0.00000   0.00000 T T   0.47907
   74   0.36500   0.00000   0.00000 T T   0.47916
   75   0.37000   0.00000   0.00000 T T   0.47925
   76   0.37500   0.00000   0.00000 T T   0.47933
   77   0.38000   0.00000   0.00000 T T   0.47941
   78   0.38500   0.00000   0.00000 T T   0.47947
   79   0.39000   0.00000   0.00000 T T   0.47954
   80   0.39500   0.00000   0.00000 T T   0.47960
   81   0.40000   0.00000   0.00000 T T   0.47965
   82   0.40500   0.00000   0.00000 T T   0.47970
   83   0.41000   0.00000   0.00000 T T   0.47975
   84   0.41500   0.00000   0.00000 T T   0.47979
   85   0.42000   0.00000   0.00000 T T   0.47984
   86   0.42500   0.00000   0.00000 T T   0.47988
   87   0.43000   0.00000   0.00000 T T   0.47992
   88   0.43500   0.00000   0.00000 T T   0.47995
   89   0.44000   0.00000   0.00000 T T   0.47999
   90   0.44500   0.00000   0.00000 T T   0.48003
   91   0.45000   0.00000   0.00000 T T   0.48006
   92   0.45500   0.00000   0.00000 T T   0.48010
   93   0.46000   0.00000   0.00000 T T   0.48013
   94   0.46500   0.00000   0.00000 T T   0.48017
   95   0.47000   0.00000   0.00000 T T   0.48020
   96   0.47500   0.00000   0.00000 T T   0.48023
   97   0.48000   0.00000   0.00000 T T   0.48026
   98   0.48500   0.00000   0.00000 T T   0.48029
   99   0.49000   0.00000   0.00000 T T   0.48032
  100   0.49500   0.00000   0.00000 T T   0.48035
  101   0.50000   0.00000   0.00000 T T   0.48038
 Wcc integration max_diff, Nk_adaptive   4.1772232606263060E-007         128
 Wcc integration max_diff, Nk_adaptive   1.1829876668301154E-003          64
 Wcc integration max_diff, Nk_adaptive   1.1713371291293129E-003          64
 Wcc integration max_diff, Nk_adaptive   1.1481588566883971E-003          64
 Wcc integration max_diff, Nk_adaptive   1.1136595364238389E-003          64
 Wcc integration max_diff, Nk_adaptive   1.0680459097773820E-003          64
 Wcc integration max_diff, Nk_adaptive   1.0114177534159552E-003          64
 Wcc integration max_diff, Nk_adaptive   9.4365921509798056E-004          64
 Wcc integration max_diff, Nk_adaptive   8.6438675287858757E-004          64
 Wcc integration max_diff, Nk_adaptive   7.7307291978456760E-004          64
 Wcc integration max_diff, Nk_adaptive   6.6954579746614229E-004          64
 Wcc integration max_diff, Nk_adaptive   5.5504809008333211E-004          64
 Wcc integration max_diff, Nk_adaptive   4.3363316555833364E-004          64
 Wcc integration max_diff, Nk_adaptive   3.1276154231640874E-004          64
 Wcc integration max_diff, Nk_adaptive   2.0539465189983730E-004          64
 Wcc integration max_diff, Nk_adaptive   2.5929363079768564E-004          64
 Wcc integration max_diff, Nk_adaptive   2.9439143491849507E-004          64
 Wcc integration max_diff, Nk_adaptive   3.1184352766722157E-004          64
 Wcc integration max_diff, Nk_adaptive   3.1495466521747062E-004          64
 Wcc integration max_diff, Nk_adaptive   3.0744003509752815E-004          64
 Wcc integration max_diff, Nk_adaptive   2.9252483503761084E-004          64
 Wcc integration max_diff, Nk_adaptive   2.7269701013921122E-004          64
 Wcc integration max_diff, Nk_adaptive   2.4976667531539931E-004          64
 Wcc integration max_diff, Nk_adaptive   2.2501619173276310E-004          64
 Wcc integration max_diff, Nk_adaptive   1.9934803120058575E-004          64
 Wcc integration max_diff, Nk_adaptive   1.7340305223534358E-004          64
 Wcc integration max_diff, Nk_adaptive   1.4764730931027259E-004          64
 Wcc integration max_diff, Nk_adaptive   1.2243281809531936E-004          64
 Wcc integration max_diff, Nk_adaptive   1.1086396227355522E-004          64
 Wcc integration max_diff, Nk_adaptive   1.0666914513102199E-004          64
 Wcc integration max_diff, Nk_adaptive   1.0223078976956401E-004          64
 Wcc integration max_diff, Nk_adaptive   9.7965978632430506E-005          64
 Wcc integration max_diff, Nk_adaptive   9.8925759672852109E-005          64
 Wcc integration max_diff, Nk_adaptive   9.9122162867004704E-005          64
 Wcc integration max_diff, Nk_adaptive   9.8819548243866961E-005          64
 Wcc integration max_diff, Nk_adaptive   9.8237349279273189E-005          64
 Wcc integration max_diff, Nk_adaptive   9.7548405374681124E-005          64
 Wcc integration max_diff, Nk_adaptive   9.6879995288290388E-005          64
 Wcc integration max_diff, Nk_adaptive   9.6316820537012404E-005          64
 Wcc integration max_diff, Nk_adaptive   1.0198118205551054E-004          64
 Wcc integration max_diff, Nk_adaptive   1.0916053369491863E-004          64
 Wcc integration max_diff, Nk_adaptive   1.1439426320158930E-004          64
 Wcc integration max_diff, Nk_adaptive   1.1774883054904706E-004          64
 Wcc integration max_diff, Nk_adaptive   1.1930893063905046E-004          64
 Wcc integration max_diff, Nk_adaptive   1.1918003268718280E-004          64
 Wcc integration max_diff, Nk_adaptive   1.1748922585574917E-004          64
 Wcc integration max_diff, Nk_adaptive   1.1438453075918176E-004          64
 Wcc integration max_diff, Nk_adaptive   1.1003297750988850E-004          64
 Wcc integration max_diff, Nk_adaptive   1.0461783085702336E-004          64
 Wcc integration max_diff, Nk_adaptive   9.8335352271661236E-005          64
 Wcc integration max_diff, Nk_adaptive   9.1391431237042298E-005          64
 Wcc integration max_diff, Nk_adaptive   8.8502431923487279E-005          64
 Wcc integration max_diff, Nk_adaptive   8.9479190798158470E-005          64
 Wcc integration max_diff, Nk_adaptive   9.0283904329524489E-005          64
 Wcc integration max_diff, Nk_adaptive   9.0994323006299282E-005          64
 Wcc integration max_diff, Nk_adaptive   9.1686965836501599E-005          64
 Wcc integration max_diff, Nk_adaptive   9.2431823334848673E-005          64
 Wcc integration max_diff, Nk_adaptive   9.3287359772986633E-005          64
 Wcc integration max_diff, Nk_adaptive   9.4296205793042986E-005          64
 Wcc integration max_diff, Nk_adaptive   9.5481921329465536E-005          64
 Wcc integration max_diff, Nk_adaptive   9.7498556822728233E-005          64
 Wcc integration max_diff, Nk_adaptive   1.0042049792247099E-004          64
 Wcc integration max_diff, Nk_adaptive   1.0200657569114924E-004          64
 Wcc integration max_diff, Nk_adaptive   1.0605902945926005E-004          64
 Wcc integration max_diff, Nk_adaptive   1.1479458102492401E-004          64
 Wcc integration max_diff, Nk_adaptive   1.2348362127667656E-004          64
 Wcc integration max_diff, Nk_adaptive   1.3199850864253904E-004          64
 Wcc integration max_diff, Nk_adaptive   1.4023532967932795E-004          64
 Wcc integration max_diff, Nk_adaptive   1.4812863639157570E-004          64
 Wcc integration max_diff, Nk_adaptive   1.5566434373148752E-004          64
 Wcc integration max_diff, Nk_adaptive   1.6288848173573456E-004          64
 Wcc integration max_diff, Nk_adaptive   1.6990924694937348E-004          64
 Wcc integration max_diff, Nk_adaptive   1.7688996914522193E-004          64
 Wcc integration max_diff, Nk_adaptive   1.8403138890832338E-004          64
 Wcc integration max_diff, Nk_adaptive   1.9154300186663420E-004          64
 Wcc integration max_diff, Nk_adaptive   2.1222214925842309E-004          64
 Wcc integration max_diff, Nk_adaptive   2.4232644732791186E-004          64
 Wcc integration max_diff, Nk_adaptive   2.7483667797234546E-004          64
 Wcc integration max_diff, Nk_adaptive   3.0945809404947511E-004          64
 Wcc integration max_diff, Nk_adaptive   3.4569483298163561E-004          64
 Wcc integration max_diff, Nk_adaptive   3.8278816778536395E-004          64
 Wcc integration max_diff, Nk_adaptive   4.1964166565477967E-004          64
 Wcc integration max_diff, Nk_adaptive   4.5473855892197435E-004          64
 Wcc integration max_diff, Nk_adaptive   4.8607417461177249E-004          64
 Wcc integration max_diff, Nk_adaptive   5.1116179700905207E-004          64
 Wcc integration max_diff, Nk_adaptive   5.2722425077789126E-004          64
 Wcc integration max_diff, Nk_adaptive   5.3172159505443517E-004          64
 Wcc integration max_diff, Nk_adaptive   5.2327885593506096E-004          64
 Wcc integration max_diff, Nk_adaptive   6.3578038118272673E-004          64
 Wcc integration max_diff, Nk_adaptive   7.7308322711111543E-004          64
 Wcc integration max_diff, Nk_adaptive   9.1506962913179279E-004          64
 Wcc integration max_diff, Nk_adaptive   1.0550518192893321E-003          64
 Wcc integration max_diff, Nk_adaptive   1.1877618953164415E-003          64
 Wcc integration max_diff, Nk_adaptive   1.3098143922825045E-003          64
 Wcc integration max_diff, Nk_adaptive   1.4192719749175353E-003          64
 Wcc integration max_diff, Nk_adaptive   1.5149668490295198E-003          64
 Wcc integration max_diff, Nk_adaptive   1.5959957692768256E-003          64
 Wcc integration max_diff, Nk_adaptive   1.6614730666386635E-003          64
 Wcc integration max_diff, Nk_adaptive   1.7104696459693258E-003          64
 Wcc integration max_diff, Nk_adaptive   1.7420451338505671E-003          64
 Wcc integration max_diff, Nk_adaptive   1.7552884579448147E-003          64
 Wcc iter:           1
    1   0.00000   0.50000   0.00000 T T   0.48038
    2   0.00500   0.50000   0.00000 T T   0.48002
    3   0.01000   0.50000   0.00000 T T   0.47967
    4   0.01500   0.50000   0.00000 T T   0.47932
    5   0.02000   0.50000   0.00000 T T   0.47897
    6   0.02500   0.50000   0.00000 T T   0.47863
    7   0.03000   0.50000   0.00000 T T   0.47831
    8   0.03500   0.50000   0.00000 T T   0.47800
    9   0.04000   0.50000   0.00000 T T   0.47771
   10   0.04500   0.50000   0.00000 T T   0.47743
   11   0.05000   0.50000   0.00000 T T   0.47717
   12   0.05500   0.50000   0.00000 T T   0.47692
   13   0.06000   0.50000   0.00000 T T   0.47670
   14   0.06500   0.50000   0.00000 T T   0.47649
   15   0.07000   0.50000   0.00000 T T   0.47631
   16   0.07500   0.50000   0.00000 T T   0.47614
   17   0.08000   0.50000   0.00000 T T   0.47599
   18   0.08500   0.50000   0.00000 T T   0.47585
   19   0.09000   0.50000   0.00000 T T   0.47573
   20   0.09500   0.50000   0.00000 T T   0.47563
   21   0.10000   0.50000   0.00000 T T   0.47555
   22   0.10500   0.50000   0.00000 T T   0.47547
   23   0.11000   0.50000   0.00000 T T   0.47541
   24   0.11500   0.50000   0.00000 T T   0.47536
   25   0.12000   0.50000   0.00000 T T   0.47532
   26   0.12500   0.50000   0.00000 T T   0.47529
   27   0.13000   0.50000   0.00000 T T   0.47526
   28   0.13500   0.50000   0.00000 T T   0.47525
   29   0.14000   0.50000   0.00000 T T   0.47523
   30   0.14500   0.50000   0.00000 T T   0.47523
   31   0.15000   0.50000   0.00000 T T   0.47522
   32   0.15500   0.50000   0.00000 T T   0.47522
   33   0.16000   0.50000   0.00000 T T   0.47523
   34   0.16500   0.50000   0.00000 T T   0.47523
   35   0.17000   0.50000   0.00000 T T   0.47524
   36   0.17500   0.50000   0.00000 T T   0.47525
   37   0.18000   0.50000   0.00000 T T   0.47526
   38   0.18500   0.50000   0.00000 T T   0.47527
   39   0.19000   0.50000   0.00000 T T   0.47529
   40   0.19500   0.50000   0.00000 T T   0.47531
   41   0.20000   0.50000   0.00000 T T   0.47532
   42   0.20500   0.50000   0.00000 T T   0.47534
   43   0.21000   0.50000   0.00000 T T   0.47536
   44   0.21500   0.50000   0.00000 T T   0.47539
   45   0.22000   0.50000   0.00000 T T   0.47541
   46   0.22500   0.50000   0.00000 T T   0.47544
   47   0.23000   0.50000   0.00000 T T   0.47546
   48   0.23500   0.50000   0.00000 T T   0.47549
   49   0.24000   0.50000   0.00000 T T   0.47552
   50   0.24500   0.50000   0.00000 T T   0.47555
   51   0.25000   0.50000   0.00000 T T   0.47558
   52   0.25500   0.50000   0.00000 T T   0.47561
   53   0.26000   0.50000   0.00000 T T   0.47564
   54   0.26500   0.50000   0.00000 T T   0.47567
   55   0.27000   0.50000   0.00000 T T   0.47570
   56   0.27500   0.50000   0.00000 T T   0.47573
   57   0.28000   0.50000   0.00000 T T   0.47576
   58   0.28500   0.50000   0.00000 T T   0.47579
   59   0.29000   0.50000   0.00000 T T   0.47582
   60   0.29500   0.50000   0.00000 T T   0.47585
   61   0.30000   0.50000   0.00000 T T   0.47588
   62   0.30500   0.50000   0.00000 T T   0.47592
   63   0.31000   0.50000   0.00000 T T   0.47595
   64   0.31500   0.50000   0.00000 T T   0.47598
   65   0.32000   0.50000   0.00000 T T   0.47602
   66   0.32500   0.50000   0.00000 T T   0.47605
   67   0.33000   0.50000   0.00000 T T   0.47609
   68   0.33500   0.50000   0.00000 T T   0.47612
   69   0.34000   0.50000   0.00000 T T   0.47616
   70   0.34500   0.50000   0.00000 T T   0.47620
   71   0.35000   0.50000   0.00000 T T   0.47624
   72   0.35500   0.50000   0.00000 T T   0.47627
   73   0.36000   0.50000   0.00000 T T   0.47631
   74   0.36500   0.50000   0.00000 T T   0.47635
   75   0.37000   0.50000   0.00000 T T   0.47640
   76   0.37500   0.50000   0.00000 T T   0.47644
   77   0.38000   0.50000   0.00000 T T   0.47649
   78   0.38500   0.50000   0.00000 T T   0.47655
   79   0.39000   0.50000   0.00000 T T   0.47661
   80   0.39500   0.50000   0.00000 T T   0.47667
   81   0.40000   0.50000   0.00000 T T   0.47675
   82   0.40500   0.50000   0.00000 T T   0.47683
   83   0.41000   0.50000   0.00000 T T   0.47692
   84   0.41500   0.50000   0.00000 T T   0.47703
   85   0.42000   0.50000   0.00000 T T   0.47715
   86   0.42500   0.50000   0.00000 T T   0.47728
   87   0.43000   0.50000   0.00000 T T   0.47743
   88   0.43500   0.50000   0.00000 T T   0.47760
   89   0.44000   0.50000   0.00000 T T   0.47778
   90   0.44500   0.50000   0.00000 T T   0.47797
   91   0.45000   0.50000   0.00000 T T   0.47819
   92   0.45500   0.50000   0.00000 T T   0.47842
   93   0.46000   0.50000   0.00000 T T   0.47866
   94   0.46500   0.50000   0.00000 T T   0.47892
   95   0.47000   0.50000   0.00000 T T   0.47920
   96   0.47500   0.50000   0.00000 T T   0.47949
   97   0.48000   0.50000   0.00000 T T   0.47979
   98   0.48500   0.50000   0.00000 T T   0.48010
   99   0.49000   0.50000   0.00000 T T   0.48042
  100   0.49500   0.50000   0.00000 T T   0.48074
  101   0.50000   0.50000   0.00000 T T   0.48106
 Wcc integration max_diff, Nk_adaptive   0.0000000000000000               64
 Wcc integration max_diff, Nk_adaptive   1.5802434209101435E-002          64
 Wcc integration max_diff, Nk_adaptive   1.6524689585205365E-002          64
 Wcc integration max_diff, Nk_adaptive   1.6840493568507142E-002          64
 Wcc integration max_diff, Nk_adaptive   1.6754642109457762E-002          64
 Wcc integration max_diff, Nk_adaptive   1.6318727870212157E-002          64
 Wcc integration max_diff, Nk_adaptive   1.5613348781489123E-002          64
 Wcc integration max_diff, Nk_adaptive   1.4727658315933922E-002          64
 Wcc integration max_diff, Nk_adaptive   1.3743348015461621E-002          64
 Wcc integration max_diff, Nk_adaptive   1.2725862485407191E-002          64
 Wcc integration max_diff, Nk_adaptive   1.1722058068196262E-002          64
 Wcc integration max_diff, Nk_adaptive   1.0761917795310438E-002          64
 Wcc integration max_diff, Nk_adaptive   2.2494445182340783E-002          64
 Wcc integration max_diff, Nk_adaptive   2.0469346257476317E-002          64
 Wcc integration max_diff, Nk_adaptive   1.8659359281945953E-002          64
 Wcc integration max_diff, Nk_adaptive   1.7043672052714953E-002          64
 Wcc integration max_diff, Nk_adaptive   1.5599360187486866E-002          64
 Wcc integration max_diff, Nk_adaptive   1.4303569638332903E-002          64
 Wcc integration max_diff, Nk_adaptive   1.3134736129615021E-002          64
 Wcc integration max_diff, Nk_adaptive   1.2073172011120903E-002          64
 Wcc integration max_diff, Nk_adaptive   1.1101269860043672E-002          64
 Wcc integration max_diff, Nk_adaptive   1.0203503377766765E-002          64
 Wcc integration max_diff, Nk_adaptive   9.3663538474810792E-003          64
 Wcc integration max_diff, Nk_adaptive   8.5782522953650187E-003          64
 Wcc integration max_diff, Nk_adaptive   7.8295980067046855E-003          64
 Wcc integration max_diff, Nk_adaptive   7.1128857458155892E-003          64
 Wcc integration max_diff, Nk_adaptive   6.4229387514735947E-003          64
 Wcc integration max_diff, Nk_adaptive   5.7571964728104774E-003          64
 Wcc integration max_diff, Nk_adaptive   5.1159476509674562E-003          64
 Wcc integration max_diff, Nk_adaptive   4.5072655555546959E-003          64
 Wcc integration max_diff, Nk_adaptive   4.2615017706371106E-003          64
 Wcc integration max_diff, Nk_adaptive   4.0372003555120273E-003          64
 Wcc integration max_diff, Nk_adaptive   3.8372409380418304E-003          64
 Wcc integration max_diff, Nk_adaptive   3.6640677147872225E-003          64
 Wcc integration max_diff, Nk_adaptive   3.5190731037335610E-003          64
 Wcc integration max_diff, Nk_adaptive   3.4022288382224986E-003          64
 Wcc integration max_diff, Nk_adaptive   3.3120202614789207E-003          64
 Wcc integration max_diff, Nk_adaptive   3.2456456346015017E-003          64
 Wcc integration max_diff, Nk_adaptive   3.1993534244669775E-003          64
 Wcc integration max_diff, Nk_adaptive   3.1688254577506569E-003          64
 Wcc integration max_diff, Nk_adaptive   3.1495854897283238E-003          64
 Wcc integration max_diff, Nk_adaptive   3.1372538022935714E-003          64
 Wcc integration max_diff, Nk_adaptive   3.1277750061384779E-003          64
 Wcc integration max_diff, Nk_adaptive   3.1175675516887935E-003          64
 Wcc integration max_diff, Nk_adaptive   3.1036195365690133E-003          64
 Wcc integration max_diff, Nk_adaptive   3.0835427178175223E-003          64
 Wcc integration max_diff, Nk_adaptive   3.0555928702042934E-003          64
 Wcc integration max_diff, Nk_adaptive   3.0186614265055312E-003          64
 Wcc integration max_diff, Nk_adaptive   2.9722416548576547E-003          64
 Wcc integration max_diff, Nk_adaptive   2.9163724542886627E-003          64
 Wcc integration max_diff, Nk_adaptive   2.8515636859260951E-003          64
 Wcc integration max_diff, Nk_adaptive   2.7787081628041221E-003          64
 Wcc integration max_diff, Nk_adaptive   2.6989864071982339E-003          64
 Wcc integration max_diff, Nk_adaptive   2.6137706567919139E-003          64
 Wcc integration max_diff, Nk_adaptive   2.5245617950488963E-003          64
 Wcc integration max_diff, Nk_adaptive   2.4328115572060938E-003          64
 Wcc integration max_diff, Nk_adaptive   2.3399718054655239E-003          64
 Wcc integration max_diff, Nk_adaptive   2.2474029912693538E-003          64
 Wcc integration max_diff, Nk_adaptive   2.1563224880178922E-003          64
 Wcc integration max_diff, Nk_adaptive   2.0677923064695847E-003          64
 Wcc integration max_diff, Nk_adaptive   1.9827087385984044E-003          64
 Wcc integration max_diff, Nk_adaptive   1.9018010982776445E-003          64
 Wcc integration max_diff, Nk_adaptive   1.8256369174363130E-003          64
 Wcc integration max_diff, Nk_adaptive   1.7546312462570768E-003          64
 Wcc integration max_diff, Nk_adaptive   1.6890581792612380E-003          64
 Wcc integration max_diff, Nk_adaptive   1.6290632808342309E-003          64
 Wcc integration max_diff, Nk_adaptive   1.6411720567610644E-003          64
 Wcc integration max_diff, Nk_adaptive   1.6606505218081935E-003          64
 Wcc integration max_diff, Nk_adaptive   1.6796308277875482E-003          64
 Wcc integration max_diff, Nk_adaptive   1.6981360442027693E-003          64
 Wcc integration max_diff, Nk_adaptive   1.7161729542198856E-003          64
 Wcc integration max_diff, Nk_adaptive   1.7337286011116504E-003          64
 Wcc integration max_diff, Nk_adaptive   1.7507692049552048E-003          64
 Wcc integration max_diff, Nk_adaptive   1.7672415939582464E-003          64
 Wcc integration max_diff, Nk_adaptive   1.7830769417450654E-003          64
 Wcc integration max_diff, Nk_adaptive   1.7981963242696963E-003          64
 Wcc integration max_diff, Nk_adaptive   1.8125174304888247E-003          64
 Wcc integration max_diff, Nk_adaptive   1.8259616869951145E-003          64
 Wcc integration max_diff, Nk_adaptive   1.8384610796626788E-003          64
 Wcc integration max_diff, Nk_adaptive   1.8500129231142637E-003          64
 Wcc integration max_diff, Nk_adaptive   1.8604896407232729E-003          64
 Wcc integration max_diff, Nk_adaptive   1.8699295623019196E-003          64
 Wcc integration max_diff, Nk_adaptive   1.8783529875570082E-003          64
 Wcc integration max_diff, Nk_adaptive   1.8858021755665533E-003          64
 Wcc integration max_diff, Nk_adaptive   1.8923411793814182E-003          64
 Wcc integration max_diff, Nk_adaptive   1.8980521541216433E-003          64
 Wcc integration max_diff, Nk_adaptive   1.9030306173117850E-003          64
 Wcc integration max_diff, Nk_adaptive   1.9073800033400090E-003          64
 Wcc integration max_diff, Nk_adaptive   1.9112058668113718E-003          64
 Wcc integration max_diff, Nk_adaptive   1.9146100880487182E-003          64
 Wcc integration max_diff, Nk_adaptive   1.9176854199560722E-003          64
 Wcc integration max_diff, Nk_adaptive   1.9205106905300084E-003          64
 Wcc integration max_diff, Nk_adaptive   1.9231469364218157E-003          64
 Wcc integration max_diff, Nk_adaptive   1.9256346883338438E-003          64
 Wcc integration max_diff, Nk_adaptive   1.9279925565403033E-003          64
 Wcc integration max_diff, Nk_adaptive   1.9302171756034880E-003          64
 Wcc integration max_diff, Nk_adaptive   1.9322844648019810E-003          64
 Wcc integration max_diff, Nk_adaptive   1.9341520533195933E-003          64
 Wcc integration max_diff, Nk_adaptive   1.9357626178901910E-003          64
 Wcc integration max_diff, Nk_adaptive   1.9370477961277999E-003          64
 Wcc integration max_diff, Nk_adaptive   5.0513939697793830E-009        2048
 Wcc iter:           1
    1   0.00000   0.00000   0.00000 T T   0.28252
    2   0.00000   0.00500   0.00000 T T   0.26672
    3   0.00000   0.01000   0.00000 T T   0.25020
    4   0.00000   0.01500   0.00000 T T   0.23336
    5   0.00000   0.02000   0.00000 T T   0.21660
    6   0.00000   0.02500   0.00000 T T   0.20028
    7   0.00000   0.03000   0.00000 T T   0.18467
    8   0.00000   0.03500   0.00000 T T   0.16994
    9   0.00000   0.04000   0.00000 T T   0.15620
   10   0.00000   0.04500   0.00000 T T   0.14347
   11   0.00000   0.05000   0.00000 T T   0.13175
   12   0.00000   0.05500   0.00000 T T   0.12579
   13   0.00000   0.06000   0.00000 T T   0.13210
   14   0.00000   0.06500   0.00000 T T   0.13782
   15   0.00000   0.07000   0.00000 T T   0.14302
   16   0.00000   0.07500   0.00000 T T   0.14776
   17   0.00000   0.08000   0.00000 T T   0.15209
   18   0.00000   0.08500   0.00000 T T   0.15608
   19   0.00000   0.09000   0.00000 T T   0.15974
   20   0.00000   0.09500   0.00000 T T   0.16313
   21   0.00000   0.10000   0.00000 T T   0.16626
   22   0.00000   0.10500   0.00000 T T   0.16916
   23   0.00000   0.11000   0.00000 T T   0.17185
   24   0.00000   0.11500   0.00000 T T   0.17434
   25   0.00000   0.12000   0.00000 T T   0.17665
   26   0.00000   0.12500   0.00000 T T   0.17878
   27   0.00000   0.13000   0.00000 T T   0.18074
   28   0.00000   0.13500   0.00000 T T   0.18255
   29   0.00000   0.14000   0.00000 T T   0.18419
   30   0.00000   0.14500   0.00000 T T   0.18570
   31   0.00000   0.15000   0.00000 T T   0.18706
   32   0.00000   0.15500   0.00000 T T   0.18830
   33   0.00000   0.16000   0.00000 T T   0.18942
   34   0.00000   0.16500   0.00000 T T   0.19044
   35   0.00000   0.17000   0.00000 T T   0.19137
   36   0.00000   0.17500   0.00000 T T   0.19223
   37   0.00000   0.18000   0.00000 T T   0.19304
   38   0.00000   0.18500   0.00000 T T   0.19380
   39   0.00000   0.19000   0.00000 T T   0.19452
   40   0.00000   0.19500   0.00000 T T   0.19523
   41   0.00000   0.20000   0.00000 T T   0.19592
   42   0.00000   0.20500   0.00000 T T   0.19661
   43   0.00000   0.21000   0.00000 T T   0.19729
   44   0.00000   0.21500   0.00000 T T   0.19798
   45   0.00000   0.22000   0.00000 T T   0.19866
   46   0.00000   0.22500   0.00000 T T   0.19935
   47   0.00000   0.23000   0.00000 T T   0.20003
   48   0.00000   0.23500   0.00000 T T   0.20072
   49   0.00000   0.24000   0.00000 T T   0.20141
   50   0.00000   0.24500   0.00000 T T   0.20209
   51   0.00000   0.25000   0.00000 T T   0.20277
   52   0.00000   0.25500   0.00000 T T   0.20344
   53   0.00000   0.26000   0.00000 T T   0.20411
   54   0.00000   0.26500   0.00000 T T   0.20477
   55   0.00000   0.27000   0.00000 T T   0.20541
   56   0.00000   0.27500   0.00000 T T   0.20605
   57   0.00000   0.28000   0.00000 T T   0.20667
   58   0.00000   0.28500   0.00000 T T   0.20729
   59   0.00000   0.29000   0.00000 T T   0.20789
   60   0.00000   0.29500   0.00000 T T   0.20848
   61   0.00000   0.30000   0.00000 T T   0.20907
   62   0.00000   0.30500   0.00000 T T   0.20964
   63   0.00000   0.31000   0.00000 T T   0.21020
   64   0.00000   0.31500   0.00000 T T   0.21076
   65   0.00000   0.32000   0.00000 T T   0.21131
   66   0.00000   0.32500   0.00000 T T   0.21185
   67   0.00000   0.33000   0.00000 T T   0.21239
   68   0.00000   0.33500   0.00000 T T   0.21292
   69   0.00000   0.34000   0.00000 T T   0.21344
   70   0.00000   0.34500   0.00000 T T   0.21397
   71   0.00000   0.35000   0.00000 T T   0.21449
   72   0.00000   0.35500   0.00000 T T   0.21501
   73   0.00000   0.36000   0.00000 T T   0.21553
   74   0.00000   0.36500   0.00000 T T   0.21604
   75   0.00000   0.37000   0.00000 T T   0.21656
   76   0.00000   0.37500   0.00000 T T   0.21708
   77   0.00000   0.38000   0.00000 T T   0.21759
   78   0.00000   0.38500   0.00000 T T   0.21811
   79   0.00000   0.39000   0.00000 T T   0.21863
   80   0.00000   0.39500   0.00000 T T   0.21914
   81   0.00000   0.40000   0.00000 T T   0.21966
   82   0.00000   0.40500   0.00000 T T   0.22018
   83   0.00000   0.41000   0.00000 T T   0.22070
   84   0.00000   0.41500   0.00000 T T   0.22122
   85   0.00000   0.42000   0.00000 T T   0.22174
   86   0.00000   0.42500   0.00000 T T   0.22226
   87   0.00000   0.43000   0.00000 T T   0.22278
   88   0.00000   0.43500   0.00000 T T   0.22330
   89   0.00000   0.44000   0.00000 T T   0.22382
   90   0.00000   0.44500   0.00000 T T   0.22434
   91   0.00000   0.45000   0.00000 T T   0.22486
   92   0.00000   0.45500   0.00000 T T   0.22538
   93   0.00000   0.46000   0.00000 T T   0.22590
   94   0.00000   0.46500   0.00000 T T   0.22642
   95   0.00000   0.47000   0.00000 T T   0.22694
   96   0.00000   0.47500   0.00000 T T   0.22746
   97   0.00000   0.48000   0.00000 T T   0.22798
   98   0.00000   0.48500   0.00000 T T   0.22851
   99   0.00000   0.49000   0.00000 T T   0.22903
  100   0.00000   0.49500   0.00000 T T   0.22955
  101   0.00000   0.50000   0.00000 T T   0.23008
 Wcc integration max_diff, Nk_adaptive   2.8312220419834944E-004         128
 Wcc integration max_diff, Nk_adaptive   1.5519312524640227E-002          64
 Wcc integration max_diff, Nk_adaptive   1.6524689585205365E-002          64
 Wcc integration max_diff, Nk_adaptive   1.6840493568507142E-002          64
 Wcc integration max_diff, Nk_adaptive   1.6754642109457762E-002          64
 Wcc integration max_diff, Nk_adaptive   1.6318727870212157E-002          64
 Wcc integration max_diff, Nk_adaptive   1.5613348781489123E-002          64
 Wcc integration max_diff, Nk_adaptive   1.4727658315933922E-002          64
 Wcc integration max_diff, Nk_adaptive   1.3743348015461621E-002          64
 Wcc integration max_diff, Nk_adaptive   1.2725862485407191E-002          64
 Wcc integration max_diff, Nk_adaptive   1.1722058068196262E-002          64
 Wcc integration max_diff, Nk_adaptive   1.0761917795310438E-002          64
 Wcc integration max_diff, Nk_adaptive   2.2494445182340783E-002          64
 Wcc integration max_diff, Nk_adaptive   2.0469346257476317E-002          64
 Wcc integration max_diff, Nk_adaptive   1.8659359281945953E-002          64
 Wcc integration max_diff, Nk_adaptive   1.7043672052714953E-002          64
 Wcc integration max_diff, Nk_adaptive   1.5599360187486866E-002          64
 Wcc integration max_diff, Nk_adaptive   1.4303569638332903E-002          64
 Wcc integration max_diff, Nk_adaptive   1.3134736129615021E-002          64
 Wcc integration max_diff, Nk_adaptive   1.2073172011120903E-002          64
 Wcc integration max_diff, Nk_adaptive   1.1101269860043672E-002          64
 Wcc integration max_diff, Nk_adaptive   1.0203503377766765E-002          64
 Wcc integration max_diff, Nk_adaptive   9.3663538474810792E-003          64
 Wcc integration max_diff, Nk_adaptive   8.5782522953650187E-003          64
 Wcc integration max_diff, Nk_adaptive   7.8295980067046855E-003          64
 Wcc integration max_diff, Nk_adaptive   7.1128857458155892E-003          64
 Wcc integration max_diff, Nk_adaptive   6.4229387514735947E-003          64
 Wcc integration max_diff, Nk_adaptive   5.7571964728104774E-003          64
 Wcc integration max_diff, Nk_adaptive   5.1159476509674562E-003          64
 Wcc integration max_diff, Nk_adaptive   4.5072655555546959E-003          64
 Wcc integration max_diff, Nk_adaptive   4.2615017706371106E-003          64
 Wcc integration max_diff, Nk_adaptive   4.0372003555120273E-003          64
 Wcc integration max_diff, Nk_adaptive   3.8372409380418304E-003          64
 Wcc integration max_diff, Nk_adaptive   3.6640677147872225E-003          64
 Wcc integration max_diff, Nk_adaptive   3.5190731037335610E-003          64
 Wcc integration max_diff, Nk_adaptive   3.4022288382224986E-003          64
 Wcc integration max_diff, Nk_adaptive   3.3120202614789207E-003          64
 Wcc integration max_diff, Nk_adaptive   3.2456456346015017E-003          64
 Wcc integration max_diff, Nk_adaptive   3.1993534244669775E-003          64
 Wcc integration max_diff, Nk_adaptive   3.1688254577506569E-003          64
 Wcc integration max_diff, Nk_adaptive   3.1495854897283238E-003          64
 Wcc integration max_diff, Nk_adaptive   3.1372538022935714E-003          64
 Wcc integration max_diff, Nk_adaptive   3.1277750061384779E-003          64
 Wcc integration max_diff, Nk_adaptive   3.1175675516887935E-003          64
 Wcc integration max_diff, Nk_adaptive   3.1036195365690133E-003          64
 Wcc integration max_diff, Nk_adaptive   3.0835427178175223E-003          64
 Wcc integration max_diff, Nk_adaptive   3.0555928702042934E-003          64
 Wcc integration max_diff, Nk_adaptive   3.0186614265055312E-003          64
 Wcc integration max_diff, Nk_adaptive   2.9722416548576547E-003          64
 Wcc integration max_diff, Nk_adaptive   2.9163724542886627E-003          64
 Wcc integration max_diff, Nk_adaptive   2.8515636859260951E-003          64
 Wcc integration max_diff, Nk_adaptive   2.7787081628041221E-003          64
 Wcc integration max_diff, Nk_adaptive   2.6989864071982339E-003          64
 Wcc integration max_diff, Nk_adaptive   2.6137706567919139E-003          64
 Wcc integration max_diff, Nk_adaptive   2.5245617950488963E-003          64
 Wcc integration max_diff, Nk_adaptive   2.4328115572060938E-003          64
 Wcc integration max_diff, Nk_adaptive   2.3399718054673002E-003          64
 Wcc integration max_diff, Nk_adaptive   2.2474029912675775E-003          64
 Wcc integration max_diff, Nk_adaptive   2.1563224880178922E-003          64
 Wcc integration max_diff, Nk_adaptive   2.0677923064695847E-003          64
 Wcc integration max_diff, Nk_adaptive   1.9827087385984044E-003          64
 Wcc integration max_diff, Nk_adaptive   1.9018010982776445E-003          64
 Wcc integration max_diff, Nk_adaptive   1.8256369174363130E-003          64
 Wcc integration max_diff, Nk_adaptive   1.7546312462570768E-003          64
 Wcc integration max_diff, Nk_adaptive   1.6890581792612380E-003          64
 Wcc integration max_diff, Nk_adaptive   1.6290632808342309E-003          64
 Wcc integration max_diff, Nk_adaptive   1.6411720567610644E-003          64
 Wcc integration max_diff, Nk_adaptive   1.6606505218081935E-003          64
 Wcc integration max_diff, Nk_adaptive   1.6796308277875482E-003          64
 Wcc integration max_diff, Nk_adaptive   1.6981360442027693E-003          64
 Wcc integration max_diff, Nk_adaptive   1.7161729542198856E-003          64
 Wcc integration max_diff, Nk_adaptive   1.7337286011116504E-003          64
 Wcc integration max_diff, Nk_adaptive   1.7507692049552048E-003          64
 Wcc integration max_diff, Nk_adaptive   1.7672415939582464E-003          64
 Wcc integration max_diff, Nk_adaptive   1.7830769417450654E-003          64
 Wcc integration max_diff, Nk_adaptive   1.7981963242696963E-003          64
 Wcc integration max_diff, Nk_adaptive   1.8125174304888247E-003          64
 Wcc integration max_diff, Nk_adaptive   1.8259616869951145E-003          64
 Wcc integration max_diff, Nk_adaptive   1.8384610796626788E-003          64
 Wcc integration max_diff, Nk_adaptive   1.8500129231142637E-003          64
 Wcc integration max_diff, Nk_adaptive   1.8604896407232729E-003          64
 Wcc integration max_diff, Nk_adaptive   1.8699295623019196E-003          64
 Wcc integration max_diff, Nk_adaptive   1.8783529875570082E-003          64
 Wcc integration max_diff, Nk_adaptive   1.8858021755665533E-003          64
 Wcc integration max_diff, Nk_adaptive   1.8923411793814182E-003          64
 Wcc integration max_diff, Nk_adaptive   1.8980521541216433E-003          64
 Wcc integration max_diff, Nk_adaptive   1.9030306173117850E-003          64
 Wcc integration max_diff, Nk_adaptive   1.9073800033400090E-003          64
 Wcc integration max_diff, Nk_adaptive   1.9112058668113718E-003          64
 Wcc integration max_diff, Nk_adaptive   1.9146100880487182E-003          64
 Wcc integration max_diff, Nk_adaptive   1.9176854199560722E-003          64
 Wcc integration max_diff, Nk_adaptive   1.9205106905300084E-003          64
 Wcc integration max_diff, Nk_adaptive   1.9231469364218157E-003          64
 Wcc integration max_diff, Nk_adaptive   1.9256346883338438E-003          64
 Wcc integration max_diff, Nk_adaptive   1.9279925565403033E-003          64
 Wcc integration max_diff, Nk_adaptive   1.9302171756034880E-003          64
 Wcc integration max_diff, Nk_adaptive   1.9322844648019810E-003          64
 Wcc integration max_diff, Nk_adaptive   1.9341520533195933E-003          64
 Wcc integration max_diff, Nk_adaptive   1.9357626178901910E-003          64
 Wcc integration max_diff, Nk_adaptive   1.9370477961277999E-003          64
 Wcc integration max_diff, Nk_adaptive   5.0513939697793830E-009        2048
 Wcc iter:           1
    1   0.00000   0.00000   0.50000 T T   0.28224
    2   0.00000   0.00500   0.50000 T T   0.26672
    3   0.00000   0.01000   0.50000 T T   0.25020
    4   0.00000   0.01500   0.50000 T T   0.23336
    5   0.00000   0.02000   0.50000 T T   0.21660
    6   0.00000   0.02500   0.50000 T T   0.20028
    7   0.00000   0.03000   0.50000 T T   0.18467
    8   0.00000   0.03500   0.50000 T T   0.16994
    9   0.00000   0.04000   0.50000 T T   0.15620
   10   0.00000   0.04500   0.50000 T T   0.14347
   11   0.00000   0.05000   0.50000 T T   0.13175
   12   0.00000   0.05500   0.50000 T T   0.12579
   13   0.00000   0.06000   0.50000 T T   0.13210
   14   0.00000   0.06500   0.50000 T T   0.13782
   15   0.00000   0.07000   0.50000 T T   0.14302
   16   0.00000   0.07500   0.50000 T T   0.14776
   17   0.00000   0.08000   0.50000 T T   0.15209
   18   0.00000   0.08500   0.50000 T T   0.15608
   19   0.00000   0.09000   0.50000 T T   0.15974
   20   0.00000   0.09500   0.50000 T T   0.16313
   21   0.00000   0.10000   0.50000 T T   0.16626
   22   0.00000   0.10500   0.50000 T T   0.16916
   23   0.00000   0.11000   0.50000 T T   0.17185
   24   0.00000   0.11500   0.50000 T T   0.17434
   25   0.00000   0.12000   0.50000 T T   0.17665
   26   0.00000   0.12500   0.50000 T T   0.17878
   27   0.00000   0.13000   0.50000 T T   0.18074
   28   0.00000   0.13500   0.50000 T T   0.18255
   29   0.00000   0.14000   0.50000 T T   0.18419
   30   0.00000   0.14500   0.50000 T T   0.18570
   31   0.00000   0.15000   0.50000 T T   0.18706
   32   0.00000   0.15500   0.50000 T T   0.18830
   33   0.00000   0.16000   0.50000 T T   0.18942
   34   0.00000   0.16500   0.50000 T T   0.19044
   35   0.00000   0.17000   0.50000 T T   0.19137
   36   0.00000   0.17500   0.50000 T T   0.19223
   37   0.00000   0.18000   0.50000 T T   0.19304
   38   0.00000   0.18500   0.50000 T T   0.19380
   39   0.00000   0.19000   0.50000 T T   0.19452
   40   0.00000   0.19500   0.50000 T T   0.19523
   41   0.00000   0.20000   0.50000 T T   0.19592
   42   0.00000   0.20500   0.50000 T T   0.19661
   43   0.00000   0.21000   0.50000 T T   0.19729
   44   0.00000   0.21500   0.50000 T T   0.19798
   45   0.00000   0.22000   0.50000 T T   0.19866
   46   0.00000   0.22500   0.50000 T T   0.19935
   47   0.00000   0.23000   0.50000 T T   0.20003
   48   0.00000   0.23500   0.50000 T T   0.20072
   49   0.00000   0.24000   0.50000 T T   0.20141
   50   0.00000   0.24500   0.50000 T T   0.20209
   51   0.00000   0.25000   0.50000 T T   0.20277
   52   0.00000   0.25500   0.50000 T T   0.20344
   53   0.00000   0.26000   0.50000 T T   0.20411
   54   0.00000   0.26500   0.50000 T T   0.20477
   55   0.00000   0.27000   0.50000 T T   0.20541
   56   0.00000   0.27500   0.50000 T T   0.20605
   57   0.00000   0.28000   0.50000 T T   0.20667
   58   0.00000   0.28500   0.50000 T T   0.20729
   59   0.00000   0.29000   0.50000 T T   0.20789
   60   0.00000   0.29500   0.50000 T T   0.20848
   61   0.00000   0.30000   0.50000 T T   0.20907
   62   0.00000   0.30500   0.50000 T T   0.20964
   63   0.00000   0.31000   0.50000 T T   0.21020
   64   0.00000   0.31500   0.50000 T T   0.21076
   65   0.00000   0.32000   0.50000 T T   0.21131
   66   0.00000   0.32500   0.50000 T T   0.21185
   67   0.00000   0.33000   0.50000 T T   0.21239
   68   0.00000   0.33500   0.50000 T T   0.21292
   69   0.00000   0.34000   0.50000 T T   0.21344
   70   0.00000   0.34500   0.50000 T T   0.21397
   71   0.00000   0.35000   0.50000 T T   0.21449
   72   0.00000   0.35500   0.50000 T T   0.21501
   73   0.00000   0.36000   0.50000 T T   0.21553
   74   0.00000   0.36500   0.50000 T T   0.21604
   75   0.00000   0.37000   0.50000 T T   0.21656
   76   0.00000   0.37500   0.50000 T T   0.21708
   77   0.00000   0.38000   0.50000 T T   0.21759
   78   0.00000   0.38500   0.50000 T T   0.21811
   79   0.00000   0.39000   0.50000 T T   0.21863
   80   0.00000   0.39500   0.50000 T T   0.21914
   81   0.00000   0.40000   0.50000 T T   0.21966
   82   0.00000   0.40500   0.50000 T T   0.22018
   83   0.00000   0.41000   0.50000 T T   0.22070
   84   0.00000   0.41500   0.50000 T T   0.22122
   85   0.00000   0.42000   0.50000 T T   0.22174
   86   0.00000   0.42500   0.50000 T T   0.22226
   87   0.00000   0.43000   0.50000 T T   0.22278
   88   0.00000   0.43500   0.50000 T T   0.22330
   89   0.00000   0.44000   0.50000 T T   0.22382
   90   0.00000   0.44500   0.50000 T T   0.22434
   91   0.00000   0.45000   0.50000 T T   0.22486
   92   0.00000   0.45500   0.50000 T T   0.22538
   93   0.00000   0.46000   0.50000 T T   0.22590
   94   0.00000   0.46500   0.50000 T T   0.22642
   95   0.00000   0.47000   0.50000 T T   0.22694
   96   0.00000   0.47500   0.50000 T T   0.22746
   97   0.00000   0.48000   0.50000 T T   0.22798
   98   0.00000   0.48500   0.50000 T T   0.22851
   99   0.00000   0.49000   0.50000 T T   0.22903
  100   0.00000   0.49500   0.50000 T T   0.22955
  101   0.00000   0.50000   0.50000 T T   0.23008
 # z2 number for 6 planes
 k1=0.0, k2-k3 plane:            0
 k1=0.5, k2-k3 plane:            0
 k2=0.0, k1-k3 plane:            0
 k2=0.5, k1-k3 plane:            0
 k3=0.0, k1-k2 plane:            1
 k3=0.5, k1-k2 plane:            1
 Time cost for Z2_calc is about            8.485 s
 << End of calculating Z2 number for the bulk
  
 Time cost for whole program is about            8.591 s
 Congratulations! you finished the calculation.
 See you next time :)
