 -----------------------------------------------------------------------
  W            W            W              TTTTTTTTTTTTTTTTTTTT         
   W          W W          W                        TT                  
    W        W   W        W                         TT                  
     W      W     W      W                          TT                  
      W    W       W    W                           TT                  
       W  W         W  W                            TT                  
        WW           WW                             TT                  
        W             W                             TT                  
                                                                        
                        Welcome to Wannier_tools.                       
                             Version 2.2.1                              
                   Tools for topological novel materials.               
                          Enjoy it and good luck.                       
                           Author : QuanSheng Wu                        
                        Email : wuquansheng@gmail.com                   
               Find more information on www.wanniertools.com            
 =======================================================================
                                                                        
 You are using     1 CPU cores
  
   
 >>>Read some paramters from wt.in
 Tight binding Hamiltonian file: wannier90_hr.dat         
 System of particle: electron                 
 Tight binding Hamiltonian obtained from : VASP                     
   
 >>>Control parameters: 
 BulkBand_calc       :  F
 BulkBand_plane_calc       :  F
 BulkFS_calc         :  F
 BulkFS_Plane_calc   :  F
 BulkGap_cube_calc   :  F
 BulkGap_plane_calc  :  F
 SlabBand_calc       :  F
 SlabSS_calc         :  F
 SlabArc_calc        :  F
 SlabSpintexture_calc:  F
 wanniercenter_calc  :  F
 Z2_3D_calc          :  T
 Chern_3D_calc       :  F
 WeylChirality_calc  :  F
 BerryPhase_calc     :  F
 Dos_calc            :  F
 AHC_calc            :  F
 JDos_calc           :  F
 FindNodes_calc      :  F
 BerryCurvature_calc :  F
 EffectiveMass_calc  :  F
   
 >>>System parameters: 
 NumSlabs :    10
 Nslab1 for ribbon  :     1
 Nslab2 for ribbon  :     1
 Number of Occupied bands:    12
 Number of total electrons:    12
 With SOC or not in Hrfile:     1
 Fermi energy :       -0.735100
 Bx, By, Bz :        0.000000        0.000000        0.000000
 surf_onsite :        0.000000
   
 >>>calculation parameters : 
 E_arc :          0.00000
 Eta_arc :          0.00100
 Gap_threshold         0.01000
 OmegaMin :         -1.00000
 OmegaMax :          1.00000
 OmegaNum :    100
 Nk1 :    101
 Nk2 :    101
 Nk3 :     50
 NP number of principle layers  :      2
  
 We found LATTICE card
>> lattice information (Angstrom)
    4.607656    0.000000    0.000000
    0.000000    4.466239    0.000000
    0.000000    0.000000   20.000000
>> Reciprocal lattice information (1/Angstrom)
    1.363640    0.000000    0.000000
    0.000000    1.406818    0.000000
    0.000000    0.000000    0.314159
  
 We found ATOM_POSITIONS card
Num_atoms    2
Bi      0.256613    2.233119   11.210040
Bi      4.606814    2.233119    8.239424
Atom position in cartisen coordinate
Bi      0.256613    2.233119   11.210040
Bi      4.606814    2.233119    8.239424
Atom position in direct coordinate
Bi      0.055693    0.500000    0.560502
Bi      0.999817    0.500000    0.411971
  
 We found PROJECTORS card
nprojs    6    6
Bi      pz      px      py      Bi      pz      px      
Bi      pz      px      py      Bi      pz      px      
  
 >> Wannier centers by default, in unit of reciprocal lattice vector
 iwann        R1        R2        R3
     1  0.055693  0.500000  0.560502
     2  0.055693  0.500000  0.560502
     3  0.055693  0.500000  0.560502
     4  0.055693  0.500000  0.560502
     5  0.055693  0.500000  0.560502
     6  0.055693  0.500000  0.560502
     7  0.999817  0.500000  0.411971
     8  0.999817  0.500000  0.411971
     9  0.999817  0.500000  0.411971
    10  0.999817  0.500000  0.411971
    11  0.999817  0.500000  0.411971
    12  0.999817  0.500000  0.411971
    13  0.055693  0.500000  0.560502
    14  0.055693  0.500000  0.560502
    15  0.055693  0.500000  0.560502
    16  0.055693  0.500000  0.560502
    17  0.055693  0.500000  0.560502
    18  0.055693  0.500000  0.560502
    19  0.999817  0.500000  0.411971
    20  0.999817  0.500000  0.411971
    21  0.999817  0.500000  0.411971
    22  0.999817  0.500000  0.411971
    23  0.999817  0.500000  0.411971
    24  0.999817  0.500000  0.411971
  
 We found SURFACE card
 
>> new vectors to define the surface (in unit of lattice vector)
 The 1st vector on surface     :    1.000000    0.000000    0.000000
 The 2nd vector on surface     :    0.000000    1.000000    0.000000
 The 3rd vector out of surface :    0.000000    0.000000    1.000000
  
 The rotated new unit cell : 
    4.607656    0.000000    0.000000
    0.000000    4.466239    0.000000
    0.000000    0.000000   20.000000
  
 Fractional coordinates of atoms in units of new lattice vectors : 
Bi      0.055693    0.500000    0.560502
Bi      0.999817    0.500000    0.411971
  
 Cell_Volume:    20.578890175332152     
 Ra2, Rb2
    4.6077    0.0000
    0.0000    4.4662
 Ka2, Kb2
    1.3636   -0.0000
   -0.0000    1.4068
  
 We found KPATH_BULK card
Number of K lines :     3
 G      0.0000   0.0000   0.0000  Y       0.5000   0.0000   0.0000
 Y      0.5000   0.0000   0.0000  M       0.3333   0.3333   0.0000
 M      0.3333   0.3333   0.0000  G       0.0000   0.0000   0.0000
  
 We found KPATH_SLAB card
 k lines for 2D system
 No. of k lines for 2D system :            2
  X     0.50000  0.00000    G       0.00000  0.00000
  G     0.00000  0.00000    X       0.50000  0.00000
 >> Kpoints plane for 2D system--> arcs  
K2D_start: -0.5000 -0.5000
The first vector:   1.0000  0.0000
The second vector:   0.0000  1.0000
 >> Kpoints plane for 3D system--> gapshape  
k3D_start :   0.0000  0.0000  0.0000
The 1st vector:   1.0000  0.0000  0.0000
The 2nd vector:   0.0000  0.5000  0.0000
 >> Kpoints plane for 3D system--> gapshape3D  
k3D_start : -0.5000 -0.5000 -0.5000
The 1st vector:   1.0000  0.0000  0.0000
The 2nd vector:   0.0000  1.0000  0.0000
The 3rd vector:   0.0000  0.0000  1.0000
  
  
 >> Using default parameters for effective mass calculation
 >> Effective mass calculation parameters  
>> The    12'th band
>> k step  0.0100 in unit of 1/Angstrom
>> k points  0.0000 0.0000 0.0000 in unit of reciprocal primitive cell
>> k points  0.0000 0.0000 0.0000 in unit of 1/Angstrom
  
 >> We use the default values for Single_KPOINT_3D_DIRECT=[0,0,0]
 >> Output all atoms weight for surface state spectrum
 > NtopAtoms            2
> TopAtoms   1  2
> NbottomAtoms   2
> BottomAtoms   1  2
 > NtopOrbitals           24
> TopOrbitals    1   2   3   4   5   6   7   8   9  10  11  12  13  14  15  16  17  18  19  20  21  22  23  24
> NBottomOrbitals   24
> BottomOrbitals    1   2   3   4   5   6   7   8   9  10  11  12  13  14  15  16  17  18  19  20  21  22  23  24
  
 >> We do not calculate chirality for weyl points
 <<<Read wt.in file successfully
 
  File wannier90_hr.dat exist, We are using HmnR from wannier90
 >> Num_wann          24
 >> NRPTS         361
  >> Begin to read Hmn_R.data
 
  
 >> SelectedOrbitals
>> Number of orbitals selected (including spin degenarcy)        24
>> Orbitals are
    1    2    3    4    5    6    7    8    9   10   11   12   13   14   15   16   17   18   19   20   21   22   23   24
  
 >> SELECTEDBANDS
>> Number of bands selected         24
>> Band indices are
    1    2    3    4    5    6    7    8    9   10   11   12   13   14   15   16   17   18   19   20   21   22   23   24
  
  << Read Hmn_R.data successfully
  
 >> Start of calculating Z2 number for the bulk
 Wcc integration max_diff, Nk_adaptive   1.0897250994901242E-006         128
 Wcc integration max_diff, Nk_adaptive   3.8438460424394805E-004          64
 Wcc integration max_diff, Nk_adaptive   3.8401399859466778E-004          64
 Wcc integration max_diff, Nk_adaptive   3.8327824240624864E-004          64
 Wcc integration max_diff, Nk_adaptive   3.8218789516086815E-004          64
 Wcc integration max_diff, Nk_adaptive   3.8075794590142209E-004          64
 Wcc integration max_diff, Nk_adaptive   3.7900686537106765E-004          64
 Wcc integration max_diff, Nk_adaptive   3.7695545656823981E-004          64
 Wcc integration max_diff, Nk_adaptive   3.7462559011558483E-004          64
 Wcc integration max_diff, Nk_adaptive   3.7203891880999151E-004          64
 Wcc integration max_diff, Nk_adaptive   3.6921566709757769E-004          64
 Wcc integration max_diff, Nk_adaptive   3.6617358492030405E-004          64
 Wcc integration max_diff, Nk_adaptive   3.6292714360541822E-004          64
 Wcc integration max_diff, Nk_adaptive   3.5948703282784322E-004          64
 Wcc integration max_diff, Nk_adaptive   3.5585999637532950E-004          64
 Wcc integration max_diff, Nk_adaptive   3.5204901896079832E-004          64
 Wcc integration max_diff, Nk_adaptive   3.4805385071123851E-004          64
 Wcc integration max_diff, Nk_adaptive   3.4387183078621320E-004          64
 Wcc integration max_diff, Nk_adaptive   3.3949894866402985E-004          64
 Wcc integration max_diff, Nk_adaptive   3.3493106324122834E-004          64
 Wcc integration max_diff, Nk_adaptive   3.3016518711548315E-004          64
 Wcc integration max_diff, Nk_adaptive   3.2520073719766174E-004          64
 Wcc integration max_diff, Nk_adaptive   3.2004065361945777E-004          64
 Wcc integration max_diff, Nk_adaptive   3.1469229621450268E-004          64
 Wcc integration max_diff, Nk_adaptive   3.0916803969205375E-004          64
 Wcc integration max_diff, Nk_adaptive   3.0814495111641804E-004          64
 Wcc integration max_diff, Nk_adaptive   3.1662133528520542E-004          64
 Wcc integration max_diff, Nk_adaptive   3.2796551018599018E-004          64
 Wcc integration max_diff, Nk_adaptive   3.5673725204965478E-004          64
 Wcc integration max_diff, Nk_adaptive   3.8688755918059314E-004          64
 Wcc integration max_diff, Nk_adaptive   4.1834427900866444E-004          64
 Wcc integration max_diff, Nk_adaptive   4.5090232663724805E-004          64
 Wcc integration max_diff, Nk_adaptive   4.8409454096187687E-004          64
 Wcc integration max_diff, Nk_adaptive   5.1694928063561463E-004          64
 Wcc integration max_diff, Nk_adaptive   5.4754179205218634E-004          64
 Wcc integration max_diff, Nk_adaptive   5.7219207363878866E-004          64
 Wcc integration max_diff, Nk_adaptive   5.8414528336925287E-004          64
 Wcc integration max_diff, Nk_adaptive   6.6019389294602604E-004          64
 Wcc integration max_diff, Nk_adaptive   8.3737992738264211E-004          64
 Wcc integration max_diff, Nk_adaptive   1.1184013393279457E-003          64
 Wcc integration max_diff, Nk_adaptive   1.5494554562103247E-003          64
 Wcc integration max_diff, Nk_adaptive   2.1901346959225521E-003          64
 Wcc integration max_diff, Nk_adaptive   3.1108140799371853E-003          64
 Wcc integration max_diff, Nk_adaptive   4.2809479318126620E-003          64
 Wcc integration max_diff, Nk_adaptive   5.1505440585497553E-003          64
 Wcc integration max_diff, Nk_adaptive   4.6269328472376969E-003          64
 Wcc integration max_diff, Nk_adaptive   2.9563436521442554E-003          64
 Wcc integration max_diff, Nk_adaptive   1.5530043956424322E-003          64
 Wcc integration max_diff, Nk_adaptive   7.9161391918880497E-004          64
 Wcc integration max_diff, Nk_adaptive   6.5339102796713178E-004          64
 Wcc integration max_diff, Nk_adaptive   7.6013348683723336E-004          64
 Wcc integration max_diff, Nk_adaptive   8.8241064425709226E-004          64
 Wcc integration max_diff, Nk_adaptive   9.7169811265729322E-004          64
 Wcc integration max_diff, Nk_adaptive   1.0400694067023153E-003          64
 Wcc integration max_diff, Nk_adaptive   1.0938132910478515E-003          64
 Wcc integration max_diff, Nk_adaptive   1.1362086510526836E-003          64
 Wcc integration max_diff, Nk_adaptive   1.1689306379931708E-003          64
 Wcc integration max_diff, Nk_adaptive   1.1927986768984766E-003          64
 Wcc integration max_diff, Nk_adaptive   1.2081999393220855E-003          64
 Wcc integration max_diff, Nk_adaptive   1.2153437220181473E-003          64
 Wcc integration max_diff, Nk_adaptive   1.2144198276935469E-003          64
 Wcc integration max_diff, Nk_adaptive   1.2056957940576041E-003          64
 Wcc integration max_diff, Nk_adaptive   1.1895703015483150E-003          64
 Wcc integration max_diff, Nk_adaptive   1.1675002035698157E-003          64
 Wcc integration max_diff, Nk_adaptive   1.1392136212275972E-003          64
 Wcc integration max_diff, Nk_adaptive   1.1052379551816927E-003          64
 Wcc integration max_diff, Nk_adaptive   1.0665503587699021E-003          64
 Wcc integration max_diff, Nk_adaptive   1.0241416851872742E-003          64
 Wcc integration max_diff, Nk_adaptive   9.7897836975668895E-004          64
 Wcc integration max_diff, Nk_adaptive   9.3196818542296000E-004          64
 Wcc integration max_diff, Nk_adaptive   8.8393357335192491E-004          64
 Wcc integration max_diff, Nk_adaptive   8.3559420007262020E-004          64
 Wcc integration max_diff, Nk_adaptive   7.8755872127445059E-004          64
 Wcc integration max_diff, Nk_adaptive   7.4032456856798490E-004          64
 Wcc integration max_diff, Nk_adaptive   6.9428392772152847E-004          64
 Wcc integration max_diff, Nk_adaptive   7.1670251016797693E-004          64
 Wcc integration max_diff, Nk_adaptive   7.5007955777905977E-004          64
 Wcc integration max_diff, Nk_adaptive   7.8641138489032869E-004          64
 Wcc integration max_diff, Nk_adaptive   8.2554839668347313E-004          64
 Wcc integration max_diff, Nk_adaptive   8.6719630743026244E-004          64
 Wcc integration max_diff, Nk_adaptive   9.1088315852516644E-004          64
 Wcc integration max_diff, Nk_adaptive   9.5592282297296549E-004          64
 Wcc integration max_diff, Nk_adaptive   1.0014846754433648E-003          64
 Wcc integration max_diff, Nk_adaptive   1.0462626136789055E-003          64
 Wcc integration max_diff, Nk_adaptive   1.0886982256650413E-003          64
 Wcc integration max_diff, Nk_adaptive   1.1269448829533957E-003          64
 Wcc integration max_diff, Nk_adaptive   1.1588647654487971E-003          64
 Wcc integration max_diff, Nk_adaptive   1.1820925462604492E-003          64
 Wcc integration max_diff, Nk_adaptive   1.1941451735815178E-003          64
 Wcc integration max_diff, Nk_adaptive   1.1925774630476838E-003          64
 Wcc integration max_diff, Nk_adaptive   1.1751729757758511E-003          64
 Wcc integration max_diff, Nk_adaptive   1.1401481946542447E-003          64
 Wcc integration max_diff, Nk_adaptive   1.0863390200022138E-003          64
 Wcc integration max_diff, Nk_adaptive   1.0133363115798488E-003          64
 Wcc integration max_diff, Nk_adaptive   9.2154436026881115E-004          64
 Wcc integration max_diff, Nk_adaptive   8.1215211326934877E-004          64
 Wcc integration max_diff, Nk_adaptive   6.8702710245815979E-004          64
 Wcc integration max_diff, Nk_adaptive   5.4855946895848717E-004          64
 Wcc integration max_diff, Nk_adaptive   3.9949220297330612E-004          64
 Wcc integration max_diff, Nk_adaptive   2.4277122990667976E-004          64
 Wcc integration max_diff, Nk_adaptive   8.1437048450538896E-005          64
 Wcc iter:           1
    1   0.00000   0.00000   0.00000 T T   0.46468
    2   0.00000   0.00500   0.00000 T T   0.46467
    3   0.00000   0.01000   0.00000 T T   0.46464
    4   0.00000   0.01500   0.00000 T T   0.46458
    5   0.00000   0.02000   0.00000 T T   0.46451
    6   0.00000   0.02500   0.00000 T T   0.46443
    7   0.00000   0.03000   0.00000 T T   0.46432
    8   0.00000   0.03500   0.00000 T T   0.46420
    9   0.00000   0.04000   0.00000 T T   0.46406
   10   0.00000   0.04500   0.00000 T T   0.46391
   11   0.00000   0.05000   0.00000 T T   0.46374
   12   0.00000   0.05500   0.00000 T T   0.46356
   13   0.00000   0.06000   0.00000 T T   0.46337
   14   0.00000   0.06500   0.00000 T T   0.46316
   15   0.00000   0.07000   0.00000 T T   0.46295
   16   0.00000   0.07500   0.00000 T T   0.46273
   17   0.00000   0.08000   0.00000 T T   0.46250
   18   0.00000   0.08500   0.00000 T T   0.46225
   19   0.00000   0.09000   0.00000 T T   0.46200
   20   0.00000   0.09500   0.00000 T T   0.46174
   21   0.00000   0.10000   0.00000 T T   0.46148
   22   0.00000   0.10500   0.00000 T T   0.46120
   23   0.00000   0.11000   0.00000 T T   0.46092
   24   0.00000   0.11500   0.00000 T T   0.46063
   25   0.00000   0.12000   0.00000 T T   0.46033
   26   0.00000   0.12500   0.00000 T T   0.46002
   27   0.00000   0.13000   0.00000 T T   0.45970
   28   0.00000   0.13500   0.00000 T T   0.45938
   29   0.00000   0.14000   0.00000 T T   0.45904
   30   0.00000   0.14500   0.00000 T T   0.45870
   31   0.00000   0.15000   0.00000 T T   0.45834
   32   0.00000   0.15500   0.00000 T T   0.45797
   33   0.00000   0.16000   0.00000 T T   0.45758
   34   0.00000   0.16500   0.00000 T T   0.45718
   35   0.00000   0.17000   0.00000 T T   0.45674
   36   0.00000   0.17500   0.00000 T T   0.45626
   37   0.00000   0.18000   0.00000 T T   0.45571
   38   0.00000   0.18500   0.00000 T T   0.45505
   39   0.00000   0.19000   0.00000 T T   0.45421
   40   0.00000   0.19500   0.00000 T T   0.45309
   41   0.00000   0.20000   0.00000 T T   0.45154
   42   0.00000   0.20500   0.00000 T T   0.44935
   43   0.00000   0.21000   0.00000 T T   0.44624
   44   0.00000   0.21500   0.00000 T T   0.44196
   45   0.00000   0.22000   0.00000 T T   0.43681
   46   0.00000   0.22500   0.00000 T T   0.43218
   47   0.00000   0.23000   0.00000 T T   0.42923
   48   0.00000   0.23500   0.00000 T T   0.42767
   49   0.00000   0.24000   0.00000 T T   0.42688
   50   0.00000   0.24500   0.00000 T T   0.42646
   51   0.00000   0.25000   0.00000 T T   0.42622
   52   0.00000   0.25500   0.00000 T T   0.42608
   53   0.00000   0.26000   0.00000 T T   0.42599
   54   0.00000   0.26500   0.00000 T T   0.42593
   55   0.00000   0.27000   0.00000 T T   0.42589
   56   0.00000   0.27500   0.00000 T T   0.42587
   57   0.00000   0.28000   0.00000 T T   0.42585
   58   0.00000   0.28500   0.00000 T T   0.42584
   59   0.00000   0.29000   0.00000 T T   0.42583
   60   0.00000   0.29500   0.00000 T T   0.42583
   61   0.00000   0.30000   0.00000 T T   0.42583
   62   0.00000   0.30500   0.00000 T T   0.42583
   63   0.00000   0.31000   0.00000 T T   0.42583
   64   0.00000   0.31500   0.00000 T T   0.42583
   65   0.00000   0.32000   0.00000 T T   0.42583
   66   0.00000   0.32500   0.00000 T T   0.42583
   67   0.00000   0.33000   0.00000 T T   0.42583
   68   0.00000   0.33500   0.00000 T T   0.42583
   69   0.00000   0.34000   0.00000 T T   0.42583
   70   0.00000   0.34500   0.00000 T T   0.42583
   71   0.00000   0.35000   0.00000 T T   0.42583
   72   0.00000   0.35500   0.00000 T T   0.42584
   73   0.00000   0.36000   0.00000 T T   0.42584
   74   0.00000   0.36500   0.00000 T T   0.42584
   75   0.00000   0.37000   0.00000 T T   0.42584
   76   0.00000   0.37500   0.00000 T T   0.42584
   77   0.00000   0.38000   0.00000 T T   0.42584
   78   0.00000   0.38500   0.00000 T T   0.42584
   79   0.00000   0.39000   0.00000 T T   0.42584
   80   0.00000   0.39500   0.00000 T T   0.42584
   81   0.00000   0.40000   0.00000 T T   0.42584
   82   0.00000   0.40500   0.00000 T T   0.42584
   83   0.00000   0.41000   0.00000 T T   0.42584
   84   0.00000   0.41500   0.00000 T T   0.42584
   85   0.00000   0.42000   0.00000 T T   0.42584
   86   0.00000   0.42500   0.00000 T T   0.42584
   87   0.00000   0.43000   0.00000 T T   0.42584
   88   0.00000   0.43500   0.00000 T T   0.42584
   89   0.00000   0.44000   0.00000 T T   0.42584
   90   0.00000   0.44500   0.00000 T T   0.42584
   91   0.00000   0.45000   0.00000 T T   0.42584
   92   0.00000   0.45500   0.00000 T T   0.42584
   93   0.00000   0.46000   0.00000 T T   0.42584
   94   0.00000   0.46500   0.00000 T T   0.42583
   95   0.00000   0.47000   0.00000 T T   0.42583
   96   0.00000   0.47500   0.00000 T T   0.42583
   97   0.00000   0.48000   0.00000 T T   0.42583
   98   0.00000   0.48500   0.00000 T T   0.42583
   99   0.00000   0.49000   0.00000 T T   0.42583
  100   0.00000   0.49500   0.00000 T T   0.42583
  101   0.00000   0.50000   0.00000 T T   0.42583
 Wcc integration max_diff, Nk_adaptive   4.3403028016086864E-007         128
 Wcc integration max_diff, Nk_adaptive   1.3682099919876123E-004          64
 Wcc integration max_diff, Nk_adaptive   4.1393961174485128E-004          64
 Wcc integration max_diff, Nk_adaptive   6.9719304118187608E-004          64
 Wcc integration max_diff, Nk_adaptive   9.8837351361247272E-004          64
 Wcc integration max_diff, Nk_adaptive   1.2832512655123196E-003          64
 Wcc integration max_diff, Nk_adaptive   1.5669032695431184E-003          64
 Wcc integration max_diff, Nk_adaptive   1.8064153357091328E-003          64
 Wcc integration max_diff, Nk_adaptive   1.9437938720692216E-003          64
 Wcc integration max_diff, Nk_adaptive   1.8990335264899016E-003          64
 Wcc integration max_diff, Nk_adaptive   2.2102378650057375E-003          64
 Wcc integration max_diff, Nk_adaptive   2.5945947264904845E-003          64
 Wcc integration max_diff, Nk_adaptive   2.1731175941059888E-003          64
 Wcc integration max_diff, Nk_adaptive   2.3270494808222963E-003          64
 Wcc integration max_diff, Nk_adaptive   2.9307617681197939E-003          64
 Wcc integration max_diff, Nk_adaptive   3.3986859066654773E-003          64
 Wcc integration max_diff, Nk_adaptive   3.6087434170521959E-003          64
 Wcc integration max_diff, Nk_adaptive   3.5981133187146241E-003          64
 Wcc integration max_diff, Nk_adaptive   3.4351002660208962E-003          64
 Wcc integration max_diff, Nk_adaptive   3.1874272078766808E-003          64
 Wcc integration max_diff, Nk_adaptive   2.9058785130953169E-003          64
 Wcc integration max_diff, Nk_adaptive   2.6223528295155063E-003          64
 Wcc integration max_diff, Nk_adaptive   2.3541614492295082E-003          64
 Wcc integration max_diff, Nk_adaptive   2.1091643462494147E-003          64
 Wcc integration max_diff, Nk_adaptive   1.8897481196251675E-003          64
 Wcc integration max_diff, Nk_adaptive   1.6954155788901915E-003          64
 Wcc integration max_diff, Nk_adaptive   1.5243158813298407E-003          64
 Wcc integration max_diff, Nk_adaptive   1.3740893213043393E-003          64
 Wcc integration max_diff, Nk_adaptive   1.2423050757952581E-003          64
 Wcc integration max_diff, Nk_adaptive   1.1266698830745270E-003          64
 Wcc integration max_diff, Nk_adaptive   1.0251132405496577E-003          64
 Wcc integration max_diff, Nk_adaptive   9.3580905285861604E-004          64
 Wcc integration max_diff, Nk_adaptive   8.5716669059721085E-004          64
 Wcc integration max_diff, Nk_adaptive   7.8780905686315350E-004          64
 Wcc integration max_diff, Nk_adaptive   7.2654670975680347E-004          64
 Wcc integration max_diff, Nk_adaptive   6.7235242238083970E-004          64
 Wcc integration max_diff, Nk_adaptive   6.2433806942685521E-004          64
 Wcc integration max_diff, Nk_adaptive   5.8173444162967769E-004          64
 Wcc integration max_diff, Nk_adaptive   5.4387396150623601E-004          64
 Wcc integration max_diff, Nk_adaptive   5.1017600201674895E-004          64
 Wcc integration max_diff, Nk_adaptive   4.8013442444450050E-004          64
 Wcc integration max_diff, Nk_adaptive   4.5330695908774032E-004          64
 Wcc integration max_diff, Nk_adaptive   4.2930610040947670E-004          64
 Wcc integration max_diff, Nk_adaptive   4.0779124989143156E-004          64
 Wcc integration max_diff, Nk_adaptive   3.8846190085628507E-004          64
 Wcc integration max_diff, Nk_adaptive   3.7105171374207657E-004          64
 Wcc integration max_diff, Nk_adaptive   3.5532337502353073E-004          64
 Wcc integration max_diff, Nk_adaptive   3.4106416737600398E-004          64
 Wcc integration max_diff, Nk_adaptive   3.2808220282376510E-004          64
 Wcc integration max_diff, Nk_adaptive   3.1620328487136362E-004          64
 Wcc integration max_diff, Nk_adaptive   3.0526837057820444E-004          64
 Wcc integration max_diff, Nk_adaptive   2.9513160119343240E-004          64
 Wcc integration max_diff, Nk_adaptive   2.8565886164955145E-004          64
 Wcc integration max_diff, Nk_adaptive   2.7672681759050022E-004          64
 Wcc integration max_diff, Nk_adaptive   2.6822236620738238E-004          64
 Wcc integration max_diff, Nk_adaptive   2.6004242633881347E-004          64
 Wcc integration max_diff, Nk_adaptive   2.5209398475922740E-004          64
 Wcc integration max_diff, Nk_adaptive   2.4429431214656461E-004          64
 Wcc integration max_diff, Nk_adaptive   2.3657126248544103E-004          64
 Wcc integration max_diff, Nk_adaptive   2.2886357459661610E-004          64
 Wcc integration max_diff, Nk_adaptive   2.2112110370997584E-004          64
 Wcc integration max_diff, Nk_adaptive   2.1330492301174786E-004          64
 Wcc integration max_diff, Nk_adaptive   2.0538725051721940E-004          64
 Wcc integration max_diff, Nk_adaptive   1.9735117302666083E-004          64
 Wcc integration max_diff, Nk_adaptive   1.8919015632867797E-004          64
 Wcc integration max_diff, Nk_adaptive   1.8090734732467695E-004          64
 Wcc integration max_diff, Nk_adaptive   1.7251468845458362E-004          64
 Wcc integration max_diff, Nk_adaptive   1.6403187610514181E-004          64
 Wcc integration max_diff, Nk_adaptive   1.5548520236308150E-004          64
 Wcc integration max_diff, Nk_adaptive   1.4690632299263484E-004          64
 Wcc integration max_diff, Nk_adaptive   1.3833099377080771E-004          64
 Wcc integration max_diff, Nk_adaptive   1.2979781430466630E-004          64
 Wcc integration max_diff, Nk_adaptive   1.2134701260890779E-004          64
 Wcc integration max_diff, Nk_adaptive   1.1301929768592345E-004          64
 Wcc integration max_diff, Nk_adaptive   1.0485480118482826E-004          64
 Wcc integration max_diff, Nk_adaptive   9.6892123826464172E-005          64
 Wcc integration max_diff, Nk_adaptive   8.9167497499431647E-005          64
 Wcc integration max_diff, Nk_adaptive   8.1714072246441560E-005          64
 Wcc integration max_diff, Nk_adaptive   7.4561330892564115E-005          64
 Wcc integration max_diff, Nk_adaptive   6.7734636120420078E-005          64
 Wcc integration max_diff, Nk_adaptive   6.1254908306551670E-005          64
 Wcc integration max_diff, Nk_adaptive   5.5138431131140919E-005          64
 Wcc integration max_diff, Nk_adaptive   4.9396778223353977E-005          64
 Wcc integration max_diff, Nk_adaptive   4.4036850280093631E-005          64
 Wcc integration max_diff, Nk_adaptive   3.9061008934027086E-005          64
 Wcc integration max_diff, Nk_adaptive   3.4467290674911055E-005          64
 Wcc integration max_diff, Nk_adaptive   3.0249682692939928E-005          64
 Wcc integration max_diff, Nk_adaptive   2.6398441896446911E-005          64
 Wcc integration max_diff, Nk_adaptive   2.2900439434536679E-005          64
 Wcc integration max_diff, Nk_adaptive   1.9739515247252371E-005          64
 Wcc integration max_diff, Nk_adaptive   1.6896829730939089E-005          64
 Wcc integration max_diff, Nk_adaptive   1.4351203407869662E-005          64
 Wcc integration max_diff, Nk_adaptive   1.2079437786027825E-005          64
 Wcc integration max_diff, Nk_adaptive   1.0647144371489503E-005          64
 Wcc integration max_diff, Nk_adaptive   9.2790035726153519E-006          64
 Wcc integration max_diff, Nk_adaptive   7.8881589811174990E-006          64
 Wcc integration max_diff, Nk_adaptive   6.4785555675683781E-006          64
 Wcc integration max_diff, Nk_adaptive   5.0539600202625934E-006          64
 Wcc integration max_diff, Nk_adaptive   3.6179507549860546E-006          64
 Wcc integration max_diff, Nk_adaptive   2.1739319251423694E-006          64
 Wcc integration max_diff, Nk_adaptive   7.2516777471776095E-007          64
 Wcc iter:           1
    1   0.50000   0.00000   0.00000 T T   0.42729
    2   0.50000   0.00500   0.00000 T T   0.42726
    3   0.50000   0.01000   0.00000 T T   0.42716
    4   0.50000   0.01500   0.00000 T T   0.42701
    5   0.50000   0.02000   0.00000 T T   0.42681
    6   0.50000   0.02500   0.00000 T T   0.42656
    7   0.50000   0.03000   0.00000 T T   0.42629
    8   0.50000   0.03500   0.00000 T T   0.42602
    9   0.50000   0.04000   0.00000 T T   0.42583
   10   0.50000   0.04500   0.00000 T T   0.42580
   11   0.50000   0.05000   0.00000 T T   0.42611
   12   0.50000   0.05500   0.00000 T T   0.42687
   13   0.50000   0.06000   0.00000 T T   0.42753
   14   0.50000   0.06500   0.00000 T T   0.42760
   15   0.50000   0.07000   0.00000 T T   0.42759
   16   0.50000   0.07500   0.00000 T T   0.42757
   17   0.50000   0.08000   0.00000 T T   0.42755
   18   0.50000   0.08500   0.00000 T T   0.42753
   19   0.50000   0.09000   0.00000 T T   0.42751
   20   0.50000   0.09500   0.00000 T T   0.42750
   21   0.50000   0.10000   0.00000 T T   0.42748
   22   0.50000   0.10500   0.00000 T T   0.42746
   23   0.50000   0.11000   0.00000 T T   0.42744
   24   0.50000   0.11500   0.00000 T T   0.42743
   25   0.50000   0.12000   0.00000 T T   0.42741
   26   0.50000   0.12500   0.00000 T T   0.42739
   27   0.50000   0.13000   0.00000 T T   0.42738
   28   0.50000   0.13500   0.00000 T T   0.42736
   29   0.50000   0.14000   0.00000 T T   0.42734
   30   0.50000   0.14500   0.00000 T T   0.42733
   31   0.50000   0.15000   0.00000 T T   0.42731
   32   0.50000   0.15500   0.00000 T T   0.42729
   33   0.50000   0.16000   0.00000 T T   0.42727
   34   0.50000   0.16500   0.00000 T T   0.42725
   35   0.50000   0.17000   0.00000 T T   0.42723
   36   0.50000   0.17500   0.00000 T T   0.42721
   37   0.50000   0.18000   0.00000 T T   0.42719
   38   0.50000   0.18500   0.00000 T T   0.42717
   39   0.50000   0.19000   0.00000 T T   0.42715
   40   0.50000   0.19500   0.00000 T T   0.42713
   41   0.50000   0.20000   0.00000 T T   0.42710
   42   0.50000   0.20500   0.00000 T T   0.42708
   43   0.50000   0.21000   0.00000 T T   0.42706
   44   0.50000   0.21500   0.00000 T T   0.42703
   45   0.50000   0.22000   0.00000 T T   0.42701
   46   0.50000   0.22500   0.00000 T T   0.42698
   47   0.50000   0.23000   0.00000 T T   0.42696
   48   0.50000   0.23500   0.00000 T T   0.42693
   49   0.50000   0.24000   0.00000 T T   0.42691
   50   0.50000   0.24500   0.00000 T T   0.42688
   51   0.50000   0.25000   0.00000 T T   0.42685
   52   0.50000   0.25500   0.00000 T T   0.42683
   53   0.50000   0.26000   0.00000 T T   0.42680
   54   0.50000   0.26500   0.00000 T T   0.42677
   55   0.50000   0.27000   0.00000 T T   0.42674
   56   0.50000   0.27500   0.00000 T T   0.42672
   57   0.50000   0.28000   0.00000 T T   0.42669
   58   0.50000   0.28500   0.00000 T T   0.42666
   59   0.50000   0.29000   0.00000 T T   0.42663
   60   0.50000   0.29500   0.00000 T T   0.42660
   61   0.50000   0.30000   0.00000 T T   0.42657
   62   0.50000   0.30500   0.00000 T T   0.42654
   63   0.50000   0.31000   0.00000 T T   0.42651
   64   0.50000   0.31500   0.00000 T T   0.42648
   65   0.50000   0.32000   0.00000 T T   0.42645
   66   0.50000   0.32500   0.00000 T T   0.42642
   67   0.50000   0.33000   0.00000 T T   0.42639
   68   0.50000   0.33500   0.00000 T T   0.42636
   69   0.50000   0.34000   0.00000 T T   0.42633
   70   0.50000   0.34500   0.00000 T T   0.42630
   71   0.50000   0.35000   0.00000 T T   0.42627
   72   0.50000   0.35500   0.00000 T T   0.42624
   73   0.50000   0.36000   0.00000 T T   0.42622
   74   0.50000   0.36500   0.00000 T T   0.42619
   75   0.50000   0.37000   0.00000 T T   0.42616
   76   0.50000   0.37500   0.00000 T T   0.42613
   77   0.50000   0.38000   0.00000 T T   0.42610
   78   0.50000   0.38500   0.00000 T T   0.42608
   79   0.50000   0.39000   0.00000 T T   0.42605
   80   0.50000   0.39500   0.00000 T T   0.42603
   81   0.50000   0.40000   0.00000 T T   0.42600
   82   0.50000   0.40500   0.00000 T T   0.42598
   83   0.50000   0.41000   0.00000 T T   0.42595
   84   0.50000   0.41500   0.00000 T T   0.42593
   85   0.50000   0.42000   0.00000 T T   0.42591
   86   0.50000   0.42500   0.00000 T T   0.42589
   87   0.50000   0.43000   0.00000 T T   0.42587
   88   0.50000   0.43500   0.00000 T T   0.42585
   89   0.50000   0.44000   0.00000 T T   0.42584
   90   0.50000   0.44500   0.00000 T T   0.42582
   91   0.50000   0.45000   0.00000 T T   0.42581
   92   0.50000   0.45500   0.00000 T T   0.42579
   93   0.50000   0.46000   0.00000 T T   0.42578
   94   0.50000   0.46500   0.00000 T T   0.42577
   95   0.50000   0.47000   0.00000 T T   0.42576
   96   0.50000   0.47500   0.00000 T T   0.42575
   97   0.50000   0.48000   0.00000 T T   0.42575
   98   0.50000   0.48500   0.00000 T T   0.42574
   99   0.50000   0.49000   0.00000 T T   0.42574
  100   0.50000   0.49500   0.00000 T T   0.42574
  101   0.50000   0.50000   0.00000 T T   0.42573
 Wcc integration max_diff, Nk_adaptive   1.0897250994901242E-006         128
 Wcc integration max_diff, Nk_adaptive   2.5657645910115434E-005          64
 Wcc integration max_diff, Nk_adaptive   7.4905013121906450E-005          64
 Wcc integration max_diff, Nk_adaptive   1.2183877563565204E-004          64
 Wcc integration max_diff, Nk_adaptive   1.6503098193432209E-004          64
 Wcc integration max_diff, Nk_adaptive   2.0412982366657673E-004          64
 Wcc integration max_diff, Nk_adaptive   2.3933772969186862E-004          64
 Wcc integration max_diff, Nk_adaptive   2.7117388195918579E-004          64
 Wcc integration max_diff, Nk_adaptive   3.0027493511219916E-004          64
 Wcc integration max_diff, Nk_adaptive   3.2727138326649197E-004          64
 Wcc integration max_diff, Nk_adaptive   3.5272848833400872E-004          64
 Wcc integration max_diff, Nk_adaptive   3.7712758325803009E-004          64
 Wcc integration max_diff, Nk_adaptive   4.0086763136137904E-004          64
 Wcc integration max_diff, Nk_adaptive   4.2427458840776922E-004          64
 Wcc integration max_diff, Nk_adaptive   4.4761214845223662E-004          64
 Wcc integration max_diff, Nk_adaptive   4.7109110779963714E-004          64
 Wcc integration max_diff, Nk_adaptive   4.9487647845758431E-004          64
 Wcc integration max_diff, Nk_adaptive   5.1909234684366368E-004          64
 Wcc integration max_diff, Nk_adaptive   5.4382479712522525E-004          64
 Wcc integration max_diff, Nk_adaptive   5.6912328664004974E-004          64
 Wcc integration max_diff, Nk_adaptive   5.9500081901475710E-004          64
 Wcc integration max_diff, Nk_adaptive   6.2143318281826510E-004          64
 Wcc integration max_diff, Nk_adaptive   6.4835744570856946E-004          64
 Wcc integration max_diff, Nk_adaptive   6.7566983597089347E-004          64
 Wcc integration max_diff, Nk_adaptive   7.0322312015669297E-004          64
 Wcc integration max_diff, Nk_adaptive   7.3082360924381362E-004          64
 Wcc integration max_diff, Nk_adaptive   7.5822800711478067E-004          64
 Wcc integration max_diff, Nk_adaptive   7.8514046252564640E-004          64
 Wcc integration max_diff, Nk_adaptive   8.1121039759501912E-004          64
 Wcc integration max_diff, Nk_adaptive   8.3603194506842726E-004          64
 Wcc integration max_diff, Nk_adaptive   8.5914609712922640E-004          64
 Wcc integration max_diff, Nk_adaptive   8.8004688116960494E-004          64
 Wcc integration max_diff, Nk_adaptive   8.9819293934034761E-004          64
 Wcc integration max_diff, Nk_adaptive   9.1302568483442315E-004          64
 Wcc integration max_diff, Nk_adaptive   9.2399463521886105E-004          64
 Wcc integration max_diff, Nk_adaptive   9.3058952942826068E-004          64
 Wcc integration max_diff, Nk_adaptive   9.3237747499408385E-004          64
 Wcc integration max_diff, Nk_adaptive   9.2904184931796863E-004          64
 Wcc integration max_diff, Nk_adaptive   9.2041834661671373E-004          64
 Wcc integration max_diff, Nk_adaptive   9.0652285975600932E-004          64
 Wcc integration max_diff, Nk_adaptive   8.8756619715546492E-004          64
 Wcc integration max_diff, Nk_adaptive   8.6395211899592539E-004          64
 Wcc integration max_diff, Nk_adaptive   8.3625764194295016E-004          64
 Wcc integration max_diff, Nk_adaptive   8.0519746624396760E-004          64
 Wcc integration max_diff, Nk_adaptive   7.7157698494367821E-004          64
 Wcc integration max_diff, Nk_adaptive   7.3623997105443095E-004          64
 Wcc integration max_diff, Nk_adaptive   7.0001733672953037E-004          64
 Wcc integration max_diff, Nk_adaptive   6.6368236832659022E-004          64
 Wcc integration max_diff, Nk_adaptive   6.2791596574385267E-004          64
 Wcc integration max_diff, Nk_adaptive   5.9805606360541219E-004          64
 Wcc integration max_diff, Nk_adaptive   7.0870428376856864E-004          64
 Wcc integration max_diff, Nk_adaptive   8.2910330607077753E-004          64
 Wcc integration max_diff, Nk_adaptive   9.5900989545860682E-004          64
 Wcc integration max_diff, Nk_adaptive   1.0975402788719890E-003          64
 Wcc integration max_diff, Nk_adaptive   1.2428727639939297E-003          64
 Wcc integration max_diff, Nk_adaptive   1.3919345050403820E-003          64
 Wcc integration max_diff, Nk_adaptive   1.5401468105977756E-003          64
 Wcc integration max_diff, Nk_adaptive   1.6813476793036131E-003          64
 Wcc integration max_diff, Nk_adaptive   1.8080380846008381E-003          64
 Wcc integration max_diff, Nk_adaptive   1.9120720596514929E-003          64
 Wcc integration max_diff, Nk_adaptive   1.9857938441418810E-003          64
 Wcc integration max_diff, Nk_adaptive   2.0234243364072313E-003          64
 Wcc integration max_diff, Nk_adaptive   2.0222995733298887E-003          64
 Wcc integration max_diff, Nk_adaptive   1.9835092632849438E-003          64
 Wcc integration max_diff, Nk_adaptive   1.9116663327629624E-003          64
 Wcc integration max_diff, Nk_adaptive   1.8138890109593575E-003          64
 Wcc integration max_diff, Nk_adaptive   1.6983852982530578E-003          64
 Wcc integration max_diff, Nk_adaptive   1.5731152567948214E-003          64
 Wcc integration max_diff, Nk_adaptive   1.4448616909099599E-003          64
 Wcc integration max_diff, Nk_adaptive   1.3188023408048366E-003          64
 Wcc integration max_diff, Nk_adaptive   1.1984921184815533E-003          64
 Wcc integration max_diff, Nk_adaptive   1.0860902758498270E-003          64
 Wcc integration max_diff, Nk_adaptive   9.8268160571990393E-004          64
 Wcc integration max_diff, Nk_adaptive   8.8859246782924117E-004          64
 Wcc integration max_diff, Nk_adaptive   8.0365376464364147E-004          64
 Wcc integration max_diff, Nk_adaptive   7.2739824873302439E-004          64
 Wcc integration max_diff, Nk_adaptive   7.0883392220366659E-004          64
 Wcc integration max_diff, Nk_adaptive   7.6477574345901189E-004          64
 Wcc integration max_diff, Nk_adaptive   8.2513727776500900E-004          64
 Wcc integration max_diff, Nk_adaptive   8.8968581245474354E-004          64
 Wcc integration max_diff, Nk_adaptive   9.5797358184945836E-004          64
 Wcc integration max_diff, Nk_adaptive   1.0292659363688728E-003          64
 Wcc integration max_diff, Nk_adaptive   1.1024578764153858E-003          64
 Wcc integration max_diff, Nk_adaptive   1.1759858535782541E-003          64
 Wcc integration max_diff, Nk_adaptive   1.2477479951336079E-003          64
 Wcc integration max_diff, Nk_adaptive   1.3150534221555432E-003          64
 Wcc integration max_diff, Nk_adaptive   1.3746282594873094E-003          64
 Wcc integration max_diff, Nk_adaptive   1.4236813792756209E-003          64
 Wcc integration max_diff, Nk_adaptive   1.4611977668312903E-003          64
 Wcc integration max_diff, Nk_adaptive   1.4790828595927508E-003          64
 Wcc integration max_diff, Nk_adaptive   1.4738652928762974E-003          64
 Wcc integration max_diff, Nk_adaptive   1.4429178419277378E-003          64
 Wcc integration max_diff, Nk_adaptive   1.3848010915555875E-003          64
 Wcc integration max_diff, Nk_adaptive   1.2994335880307517E-003          64
 Wcc integration max_diff, Nk_adaptive   1.1880241783472911E-003          64
 Wcc integration max_diff, Nk_adaptive   1.0527623676477305E-003          64
 Wcc integration max_diff, Nk_adaptive   8.9633109867648386E-004          64
 Wcc integration max_diff, Nk_adaptive   7.2137869270427757E-004          64
 Wcc integration max_diff, Nk_adaptive   5.3020270917691903E-004          64
 Wcc integration max_diff, Nk_adaptive   3.2509163929539397E-004          64
 Wcc integration max_diff, Nk_adaptive   1.0968219938156665E-004          64
 Wcc iter:           1
    1   0.00000   0.00000   0.00000 T T   0.46468
    2   0.00500   0.00000   0.00000 T T   0.46465
    3   0.01000   0.00000   0.00000 T T   0.46458
    4   0.01500   0.00000   0.00000 T T   0.46445
    5   0.02000   0.00000   0.00000 T T   0.46429
    6   0.02500   0.00000   0.00000 T T   0.46408
    7   0.03000   0.00000   0.00000 T T   0.46385
    8   0.03500   0.00000   0.00000 T T   0.46357
    9   0.04000   0.00000   0.00000 T T   0.46327
   10   0.04500   0.00000   0.00000 T T   0.46295
   11   0.05000   0.00000   0.00000 T T   0.46259
   12   0.05500   0.00000   0.00000 T T   0.46222
   13   0.06000   0.00000   0.00000 T T   0.46182
   14   0.06500   0.00000   0.00000 T T   0.46139
   15   0.07000   0.00000   0.00000 T T   0.46094
   16   0.07500   0.00000   0.00000 T T   0.46047
   17   0.08000   0.00000   0.00000 T T   0.45998
   18   0.08500   0.00000   0.00000 T T   0.45946
   19   0.09000   0.00000   0.00000 T T   0.45892
   20   0.09500   0.00000   0.00000 T T   0.45835
   21   0.10000   0.00000   0.00000 T T   0.45775
   22   0.10500   0.00000   0.00000 T T   0.45713
   23   0.11000   0.00000   0.00000 T T   0.45648
   24   0.11500   0.00000   0.00000 T T   0.45581
   25   0.12000   0.00000   0.00000 T T   0.45510
   26   0.12500   0.00000   0.00000 T T   0.45437
   27   0.13000   0.00000   0.00000 T T   0.45361
   28   0.13500   0.00000   0.00000 T T   0.45283
   29   0.14000   0.00000   0.00000 T T   0.45202
   30   0.14500   0.00000   0.00000 T T   0.45118
   31   0.15000   0.00000   0.00000 T T   0.45032
   32   0.15500   0.00000   0.00000 T T   0.44944
   33   0.16000   0.00000   0.00000 T T   0.44854
   34   0.16500   0.00000   0.00000 T T   0.44763
   35   0.17000   0.00000   0.00000 T T   0.44671
   36   0.17500   0.00000   0.00000 T T   0.44578
   37   0.18000   0.00000   0.00000 T T   0.44484
   38   0.18500   0.00000   0.00000 T T   0.44391
   39   0.19000   0.00000   0.00000 T T   0.44299
   40   0.19500   0.00000   0.00000 T T   0.44209
   41   0.20000   0.00000   0.00000 T T   0.44120
   42   0.20500   0.00000   0.00000 T T   0.44034
   43   0.21000   0.00000   0.00000 T T   0.43950
   44   0.21500   0.00000   0.00000 T T   0.43869
   45   0.22000   0.00000   0.00000 T T   0.43792
   46   0.22500   0.00000   0.00000 T T   0.43719
   47   0.23000   0.00000   0.00000 T T   0.43649
   48   0.23500   0.00000   0.00000 T T   0.43582
   49   0.24000   0.00000   0.00000 T T   0.43520
   50   0.24500   0.00000   0.00000 T T   0.43460
   51   0.25000   0.00000   0.00000 T T   0.43404
   52   0.25500   0.00000   0.00000 T T   0.43351
   53   0.26000   0.00000   0.00000 T T   0.43301
   54   0.26500   0.00000   0.00000 T T   0.43254
   55   0.27000   0.00000   0.00000 T T   0.43209
   56   0.27500   0.00000   0.00000 T T   0.43167
   57   0.28000   0.00000   0.00000 T T   0.43126
   58   0.28500   0.00000   0.00000 T T   0.43088
   59   0.29000   0.00000   0.00000 T T   0.43052
   60   0.29500   0.00000   0.00000 T T   0.43018
   61   0.30000   0.00000   0.00000 T T   0.42985
   62   0.30500   0.00000   0.00000 T T   0.42955
   63   0.31000   0.00000   0.00000 T T   0.42926
   64   0.31500   0.00000   0.00000 T T   0.42900
   65   0.32000   0.00000   0.00000 T T   0.42876
   66   0.32500   0.00000   0.00000 T T   0.42854
   67   0.33000   0.00000   0.00000 T T   0.42835
   68   0.33500   0.00000   0.00000 T T   0.42817
   69   0.34000   0.00000   0.00000 T T   0.42802
   70   0.34500   0.00000   0.00000 T T   0.42788
   71   0.35000   0.00000   0.00000 T T   0.42776
   72   0.35500   0.00000   0.00000 T T   0.42765
   73   0.36000   0.00000   0.00000 T T   0.42756
   74   0.36500   0.00000   0.00000 T T   0.42748
   75   0.37000   0.00000   0.00000 T T   0.42742
   76   0.37500   0.00000   0.00000 T T   0.42736
   77   0.38000   0.00000   0.00000 T T   0.42731
   78   0.38500   0.00000   0.00000 T T   0.42727
   79   0.39000   0.00000   0.00000 T T   0.42723
   80   0.39500   0.00000   0.00000 T T   0.42720
   81   0.40000   0.00000   0.00000 T T   0.42718
   82   0.40500   0.00000   0.00000 T T   0.42716
   83   0.41000   0.00000   0.00000 T T   0.42715
   84   0.41500   0.00000   0.00000 T T   0.42714
   85   0.42000   0.00000   0.00000 T T   0.42713
   86   0.42500   0.00000   0.00000 T T   0.42712
   87   0.43000   0.00000   0.00000 T T   0.42712
   88   0.43500   0.00000   0.00000 T T   0.42712
   89   0.44000   0.00000   0.00000 T T   0.42712
   90   0.44500   0.00000   0.00000 T T   0.42713
   91   0.45000   0.00000   0.00000 T T   0.42714
   92   0.45500   0.00000   0.00000 T T   0.42715
   93   0.46000   0.00000   0.00000 T T   0.42716
   94   0.46500   0.00000   0.00000 T T   0.42718
   95   0.47000   0.00000   0.00000 T T   0.42719
   96   0.47500   0.00000   0.00000 T T   0.42721
   97   0.48000   0.00000   0.00000 T T   0.42724
   98   0.48500   0.00000   0.00000 T T   0.42726
   99   0.49000   0.00000   0.00000 T T   0.42727
  100   0.49500   0.00000   0.00000 T T   0.42729
  101   0.50000   0.00000   0.00000 T T   0.42729
 Wcc integration max_diff, Nk_adaptive   3.2458061660634030E-007         128
 Wcc integration max_diff, Nk_adaptive   1.9039701000878040E-004          64
 Wcc integration max_diff, Nk_adaptive   5.7212164594311332E-004          64
 Wcc integration max_diff, Nk_adaptive   9.5281434108684948E-004          64
 Wcc integration max_diff, Nk_adaptive   1.3302282626828088E-003          64
 Wcc integration max_diff, Nk_adaptive   1.6987317615715369E-003          64
 Wcc integration max_diff, Nk_adaptive   2.0487000391486987E-003          64
 Wcc integration max_diff, Nk_adaptive   2.3662103766142195E-003          64
 Wcc integration max_diff, Nk_adaptive   2.6338555322293900E-003          64
 Wcc integration max_diff, Nk_adaptive   2.8330701746384079E-003          64
 Wcc integration max_diff, Nk_adaptive   2.9478577482979773E-003          64
 Wcc integration max_diff, Nk_adaptive   2.9689105018722017E-003          64
 Wcc integration max_diff, Nk_adaptive   2.8960073923673946E-003          64
 Wcc integration max_diff, Nk_adaptive   2.7306518695713322E-003          64
 Wcc integration max_diff, Nk_adaptive   1.9660754164423366E-003          64
 Wcc integration max_diff, Nk_adaptive   2.2288117677682351E-003          64
 Wcc integration max_diff, Nk_adaptive   2.0508575484878833E-003          64
 Wcc integration max_diff, Nk_adaptive   2.0351831758347316E-003          64
 Wcc integration max_diff, Nk_adaptive   1.9884020712161998E-003          64
 Wcc integration max_diff, Nk_adaptive   1.9178516749089880E-003          64
 Wcc integration max_diff, Nk_adaptive   1.8307202786989052E-003          64
 Wcc integration max_diff, Nk_adaptive   1.7333313798921779E-003          64
 Wcc integration max_diff, Nk_adaptive   1.6308309690948875E-003          64
 Wcc integration max_diff, Nk_adaptive   1.5271557444336281E-003          64
 Wcc integration max_diff, Nk_adaptive   1.4251583108304544E-003          64
 Wcc integration max_diff, Nk_adaptive   1.3267966809067389E-003          64
 Wcc integration max_diff, Nk_adaptive   1.2333312847694344E-003          64
 Wcc integration max_diff, Nk_adaptive   1.1455008471177308E-003          64
 Wcc integration max_diff, Nk_adaptive   1.0636665950229940E-003          64
 Wcc integration max_diff, Nk_adaptive   9.8792421716886736E-004          64
 Wcc integration max_diff, Nk_adaptive   9.1818756376405020E-004          64
 Wcc integration max_diff, Nk_adaptive   8.5424954252033558E-004          64
 Wcc integration max_diff, Nk_adaptive   7.9582556446489150E-004          64
 Wcc integration max_diff, Nk_adaptive   7.4258413084749009E-004          64
 Wcc integration max_diff, Nk_adaptive   6.9416821092360692E-004          64
 Wcc integration max_diff, Nk_adaptive   6.5021016785493657E-004          64
 Wcc integration max_diff, Nk_adaptive   6.1034223598710469E-004          64
 Wcc integration max_diff, Nk_adaptive   5.7420395714835593E-004          64
 Wcc integration max_diff, Nk_adaptive   5.4144753478091445E-004          64
 Wcc integration max_diff, Nk_adaptive   5.1174173894708019E-004          64
 Wcc integration max_diff, Nk_adaptive   4.8477476619623872E-004          64
 Wcc integration max_diff, Nk_adaptive   4.6025630290102981E-004          64
 Wcc integration max_diff, Nk_adaptive   4.3791893660483083E-004          64
 Wcc integration max_diff, Nk_adaptive   4.1751899448172480E-004          64
 Wcc integration max_diff, Nk_adaptive   3.9883684694608235E-004          64
 Wcc integration max_diff, Nk_adaptive   3.8167669262278991E-004          64
 Wcc integration max_diff, Nk_adaptive   3.6586583346398527E-004          64
 Wcc integration max_diff, Nk_adaptive   3.5125345300279776E-004          64
 Wcc integration max_diff, Nk_adaptive   3.3770892519058293E-004          64
 Wcc integration max_diff, Nk_adaptive   3.2511970451842842E-004          64
 Wcc integration max_diff, Nk_adaptive   3.1338887565901530E-004          64
 Wcc integration max_diff, Nk_adaptive   3.0243247014638541E-004          64
 Wcc integration max_diff, Nk_adaptive   2.9217668219772008E-004          64
 Wcc integration max_diff, Nk_adaptive   2.8255513190167392E-004          64
 Wcc integration max_diff, Nk_adaptive   2.7350632736400371E-004          64
 Wcc integration max_diff, Nk_adaptive   2.6497146629012036E-004          64
 Wcc integration max_diff, Nk_adaptive   2.5689269272355375E-004          64
 Wcc integration max_diff, Nk_adaptive   2.4921188921567250E-004          64
 Wcc integration max_diff, Nk_adaptive   2.4187004266096324E-004          64
 Wcc integration max_diff, Nk_adaptive   2.3480717944934781E-004          64
 Wcc integration max_diff, Nk_adaptive   2.2796282570425319E-004          64
 Wcc integration max_diff, Nk_adaptive   2.2127691660323023E-004          64
 Wcc integration max_diff, Nk_adaptive   2.1469105484683837E-004          64
 Wcc integration max_diff, Nk_adaptive   2.0815000459428745E-004          64
 Wcc integration max_diff, Nk_adaptive   2.0160330097596102E-004          64
 Wcc integration max_diff, Nk_adaptive   1.9500685646534066E-004          64
 Wcc integration max_diff, Nk_adaptive   1.8832445117311636E-004          64
 Wcc integration max_diff, Nk_adaptive   1.8152900397438998E-004          64
 Wcc integration max_diff, Nk_adaptive   1.7460353399023631E-004          64
 Wcc integration max_diff, Nk_adaptive   1.6754173731925448E-004          64
 Wcc integration max_diff, Nk_adaptive   1.6034812311183089E-004          64
 Wcc integration max_diff, Nk_adaptive   1.5303767510665978E-004          64
 Wcc integration max_diff, Nk_adaptive   1.4563503150277768E-004          64
 Wcc integration max_diff, Nk_adaptive   1.3817320548703549E-004          64
 Wcc integration max_diff, Nk_adaptive   1.3069190007719556E-004          64
 Wcc integration max_diff, Nk_adaptive   1.2323550142490092E-004          64
 Wcc integration max_diff, Nk_adaptive   1.1585086087073648E-004          64
 Wcc integration max_diff, Nk_adaptive   1.0858499510391084E-004          64
 Wcc integration max_diff, Nk_adaptive   1.0148284174960054E-004          64
 Wcc integration max_diff, Nk_adaptive   9.4585205165031994E-005          64
 Wcc integration max_diff, Nk_adaptive   8.7927011096056162E-005          64
 Wcc integration max_diff, Nk_adaptive   8.1535963449397286E-005          64
 Wcc integration max_diff, Nk_adaptive   7.5431664829039846E-005          64
 Wcc integration max_diff, Nk_adaptive   6.9625222536728870E-005          64
 Wcc integration max_diff, Nk_adaptive   6.4119330229317484E-005          64
 Wcc integration max_diff, Nk_adaptive   5.8908779482891305E-005          64
 Wcc integration max_diff, Nk_adaptive   5.3981332152730488E-005          64
 Wcc integration max_diff, Nk_adaptive   4.9318866642167336E-005          64
 Wcc integration max_diff, Nk_adaptive   4.4898702672213631E-005          64
 Wcc integration max_diff, Nk_adaptive   4.0695008896918239E-005          64
 Wcc integration max_diff, Nk_adaptive   3.6680203761463304E-005          64
 Wcc integration max_diff, Nk_adaptive   3.2826271288755038E-005          64
 Wcc integration max_diff, Nk_adaptive   2.9105927744410565E-005          64
 Wcc integration max_diff, Nk_adaptive   2.5493590699809943E-005          64
 Wcc integration max_diff, Nk_adaptive   2.1966117909499872E-005          64
 Wcc integration max_diff, Nk_adaptive   1.8503298035099647E-005          64
 Wcc integration max_diff, Nk_adaptive   1.5088089270420824E-005          64
 Wcc integration max_diff, Nk_adaptive   1.1706613419093514E-005          64
 Wcc integration max_diff, Nk_adaptive   8.3479241723694031E-006          64
 Wcc integration max_diff, Nk_adaptive   5.0035770868817053E-006          64
 Wcc integration max_diff, Nk_adaptive   1.6670368090387910E-006          64
 Wcc iter:           1
    1   0.00000   0.50000   0.00000 T T   0.42583
    2   0.00500   0.50000   0.00000 T T   0.42583
    3   0.01000   0.50000   0.00000 T T   0.42583
    4   0.01500   0.50000   0.00000 T T   0.42583
    5   0.02000   0.50000   0.00000 T T   0.42583
    6   0.02500   0.50000   0.00000 T T   0.42583
    7   0.03000   0.50000   0.00000 T T   0.42583
    8   0.03500   0.50000   0.00000 T T   0.42583
    9   0.04000   0.50000   0.00000 T T   0.42583
   10   0.04500   0.50000   0.00000 T T   0.42583
   11   0.05000   0.50000   0.00000 T T   0.42583
   12   0.05500   0.50000   0.00000 T T   0.42583
   13   0.06000   0.50000   0.00000 T T   0.42583
   14   0.06500   0.50000   0.00000 T T   0.42583
   15   0.07000   0.50000   0.00000 T T   0.42583
   16   0.07500   0.50000   0.00000 T T   0.42583
   17   0.08000   0.50000   0.00000 T T   0.42583
   18   0.08500   0.50000   0.00000 T T   0.42582
   19   0.09000   0.50000   0.00000 T T   0.42582
   20   0.09500   0.50000   0.00000 T T   0.42582
   21   0.10000   0.50000   0.00000 T T   0.42582
   22   0.10500   0.50000   0.00000 T T   0.42582
   23   0.11000   0.50000   0.00000 T T   0.42582
   24   0.11500   0.50000   0.00000 T T   0.42582
   25   0.12000   0.50000   0.00000 T T   0.42582
   26   0.12500   0.50000   0.00000 T T   0.42581
   27   0.13000   0.50000   0.00000 T T   0.42581
   28   0.13500   0.50000   0.00000 T T   0.42581
   29   0.14000   0.50000   0.00000 T T   0.42581
   30   0.14500   0.50000   0.00000 T T   0.42581
   31   0.15000   0.50000   0.00000 T T   0.42581
   32   0.15500   0.50000   0.00000 T T   0.42580
   33   0.16000   0.50000   0.00000 T T   0.42580
   34   0.16500   0.50000   0.00000 T T   0.42580
   35   0.17000   0.50000   0.00000 T T   0.42580
   36   0.17500   0.50000   0.00000 T T   0.42580
   37   0.18000   0.50000   0.00000 T T   0.42580
   38   0.18500   0.50000   0.00000 T T   0.42580
   39   0.19000   0.50000   0.00000 T T   0.42580
   40   0.19500   0.50000   0.00000 T T   0.42579
   41   0.20000   0.50000   0.00000 T T   0.42579
   42   0.20500   0.50000   0.00000 T T   0.42579
   43   0.21000   0.50000   0.00000 T T   0.42579
   44   0.21500   0.50000   0.00000 T T   0.42579
   45   0.22000   0.50000   0.00000 T T   0.42579
   46   0.22500   0.50000   0.00000 T T   0.42579
   47   0.23000   0.50000   0.00000 T T   0.42578
   48   0.23500   0.50000   0.00000 T T   0.42578
   49   0.24000   0.50000   0.00000 T T   0.42578
   50   0.24500   0.50000   0.00000 T T   0.42578
   51   0.25000   0.50000   0.00000 T T   0.42578
   52   0.25500   0.50000   0.00000 T T   0.42578
   53   0.26000   0.50000   0.00000 T T   0.42578
   54   0.26500   0.50000   0.00000 T T   0.42577
   55   0.27000   0.50000   0.00000 T T   0.42577
   56   0.27500   0.50000   0.00000 T T   0.42577
   57   0.28000   0.50000   0.00000 T T   0.42577
   58   0.28500   0.50000   0.00000 T T   0.42577
   59   0.29000   0.50000   0.00000 T T   0.42577
   60   0.29500   0.50000   0.00000 T T   0.42577
   61   0.30000   0.50000   0.00000 T T   0.42576
   62   0.30500   0.50000   0.00000 T T   0.42576
   63   0.31000   0.50000   0.00000 T T   0.42576
   64   0.31500   0.50000   0.00000 T T   0.42576
   65   0.32000   0.50000   0.00000 T T   0.42576
   66   0.32500   0.50000   0.00000 T T   0.42576
   67   0.33000   0.50000   0.00000 T T   0.42576
   68   0.33500   0.50000   0.00000 T T   0.42576
   69   0.34000   0.50000   0.00000 T T   0.42575
   70   0.34500   0.50000   0.00000 T T   0.42575
   71   0.35000   0.50000   0.00000 T T   0.42575
   72   0.35500   0.50000   0.00000 T T   0.42575
   73   0.36000   0.50000   0.00000 T T   0.42575
   74   0.36500   0.50000   0.00000 T T   0.42575
   75   0.37000   0.50000   0.00000 T T   0.42575
   76   0.37500   0.50000   0.00000 T T   0.42575
   77   0.38000   0.50000   0.00000 T T   0.42575
   78   0.38500   0.50000   0.00000 T T   0.42575
   79   0.39000   0.50000   0.00000 T T   0.42574
   80   0.39500   0.50000   0.00000 T T   0.42574
   81   0.40000   0.50000   0.00000 T T   0.42574
   82   0.40500   0.50000   0.00000 T T   0.42574
   83   0.41000   0.50000   0.00000 T T   0.42574
   84   0.41500   0.50000   0.00000 T T   0.42574
   85   0.42000   0.50000   0.00000 T T   0.42574
   86   0.42500   0.50000   0.00000 T T   0.42574
   87   0.43000   0.50000   0.00000 T T   0.42574
   88   0.43500   0.50000   0.00000 T T   0.42574
   89   0.44000   0.50000   0.00000 T T   0.42574
   90   0.44500   0.50000   0.00000 T T   0.42574
   91   0.45000   0.50000   0.00000 T T   0.42574
   92   0.45500   0.50000   0.00000 T T   0.42574
   93   0.46000   0.50000   0.00000 T T   0.42574
   94   0.46500   0.50000   0.00000 T T   0.42574
   95   0.47000   0.50000   0.00000 T T   0.42574
   96   0.47500   0.50000   0.00000 T T   0.42574
   97   0.48000   0.50000   0.00000 T T   0.42573
   98   0.48500   0.50000   0.00000 T T   0.42573
   99   0.49000   0.50000   0.00000 T T   0.42573
  100   0.49500   0.50000   0.00000 T T   0.42573
  101   0.50000   0.50000   0.00000 T T   0.42573
 Wcc integration max_diff, Nk_adaptive   1.5822825073819047E-004         128
 Wcc integration max_diff, Nk_adaptive   4.5162148737276198E-002          64
 Wcc integration max_diff, Nk_adaptive   4.1571510864926609E-002          64
 Wcc integration max_diff, Nk_adaptive   3.9365073912799531E-002          64
 Wcc integration max_diff, Nk_adaptive   2.5799093899081527E-004         128
 Wcc integration max_diff, Nk_adaptive   2.5167996762320399E-002          64
 Wcc integration max_diff, Nk_adaptive   2.4614604584293431E-002          64
 Wcc integration max_diff, Nk_adaptive   2.0950325205092213E-002          64
 Wcc integration max_diff, Nk_adaptive   1.8014992543186281E-002          64
 Wcc integration max_diff, Nk_adaptive   1.8124633726959161E-002          64
 Wcc integration max_diff, Nk_adaptive   2.6730294099825969E-002          64
 Wcc integration max_diff, Nk_adaptive   3.1102209353937482E-002          64
 Wcc integration max_diff, Nk_adaptive   2.6251383250132321E-002          64
 Wcc integration max_diff, Nk_adaptive   2.1891683429370090E-002          64
 Wcc integration max_diff, Nk_adaptive   1.8167852372116045E-002          64
 Wcc integration max_diff, Nk_adaptive   1.5040719278367476E-002          64
 Wcc integration max_diff, Nk_adaptive   1.2410315449486120E-002          64
 Wcc integration max_diff, Nk_adaptive   1.0156795557445975E-002          64
 Wcc integration max_diff, Nk_adaptive   8.0762239036520356E-003          64
 Wcc integration max_diff, Nk_adaptive   5.7864629579036375E-003          64
 Wcc integration max_diff, Nk_adaptive   5.3183020619531618E-003          64
 Wcc integration max_diff, Nk_adaptive   4.9083071605764417E-003          64
 Wcc integration max_diff, Nk_adaptive   4.7821309064097761E-003          64
 Wcc integration max_diff, Nk_adaptive   5.4571154238747255E-003          64
 Wcc integration max_diff, Nk_adaptive   5.6680421757562272E-003          64
 Wcc integration max_diff, Nk_adaptive   5.6118407282337301E-003          64
 Wcc integration max_diff, Nk_adaptive   5.4630705691813830E-003          64
 Wcc integration max_diff, Nk_adaptive   5.2695404757052700E-003          64
 Wcc integration max_diff, Nk_adaptive   5.0533934529752855E-003          64
 Wcc integration max_diff, Nk_adaptive   4.8254814517356692E-003          64
 Wcc integration max_diff, Nk_adaptive   4.5916751156962476E-003          64
 Wcc integration max_diff, Nk_adaptive   4.3555720729564484E-003          64
 Wcc integration max_diff, Nk_adaptive   4.1195967188585314E-003          64
 Wcc integration max_diff, Nk_adaptive   3.8854032854800380E-003          64
 Wcc integration max_diff, Nk_adaptive   3.6540001123430699E-003          64
 Wcc integration max_diff, Nk_adaptive   3.4258185070186187E-003          64
 Wcc integration max_diff, Nk_adaptive   3.2007866811643026E-003          64
 Wcc integration max_diff, Nk_adaptive   2.9784138359296719E-003          64
 Wcc integration max_diff, Nk_adaptive   3.8846646930945639E-003          64
 Wcc integration max_diff, Nk_adaptive   5.3317545668996047E-003          64
 Wcc integration max_diff, Nk_adaptive   7.4508492280251915E-003          64
 Wcc integration max_diff, Nk_adaptive   1.0654226701332092E-002          64
 Wcc integration max_diff, Nk_adaptive   5.8649169192825923E-004         128
 Wcc integration max_diff, Nk_adaptive   2.1442485877953388E-002          64
 Wcc integration max_diff, Nk_adaptive   7.7273718337766084E-002          64
 Wcc integration max_diff, Nk_adaptive   7.9754658660412758E-002          64
 Wcc integration max_diff, Nk_adaptive   5.9801912356538978E-002          64
 Wcc integration max_diff, Nk_adaptive   2.6458605604632979E-002          64
 Wcc integration max_diff, Nk_adaptive   1.8953531271359125E-002          64
 Wcc integration max_diff, Nk_adaptive   1.4097681047191557E-002          64
 Wcc integration max_diff, Nk_adaptive   9.2877146045466930E-004         128
 Wcc integration max_diff, Nk_adaptive   6.5746815335874231E-003          64
 Wcc integration max_diff, Nk_adaptive   5.2637853231392029E-003          64
 Wcc integration max_diff, Nk_adaptive   4.1997548528946993E-003          64
 Wcc integration max_diff, Nk_adaptive   3.6457597451740043E-003          64
 Wcc integration max_diff, Nk_adaptive   3.2405030200450824E-003          64
 Wcc integration max_diff, Nk_adaptive   2.9344552972752069E-003          64
 Wcc integration max_diff, Nk_adaptive   2.6953182604749770E-003          64
 Wcc integration max_diff, Nk_adaptive   6.2290081020321963E-004         128
 Wcc integration max_diff, Nk_adaptive   6.0045614818093895E-004         128
 Wcc integration max_diff, Nk_adaptive   5.7926818693410098E-004         128
 Wcc integration max_diff, Nk_adaptive   5.5863236643816094E-004         128
 Wcc integration max_diff, Nk_adaptive   2.0377576404513320E-003          64
 Wcc integration max_diff, Nk_adaptive   1.8329722599936815E-003          64
 Wcc integration max_diff, Nk_adaptive   1.7176364997926186E-003          64
 Wcc integration max_diff, Nk_adaptive   1.5993965495475493E-003          64
 Wcc integration max_diff, Nk_adaptive   1.4748455032620456E-003          64
 Wcc integration max_diff, Nk_adaptive   1.3408392631024668E-003          64
 Wcc integration max_diff, Nk_adaptive   1.1957113742777636E-003          64
 Wcc integration max_diff, Nk_adaptive   1.0417225079173420E-003          64
 Wcc integration max_diff, Nk_adaptive   8.8733673875651675E-004          64
 Wcc integration max_diff, Nk_adaptive   7.8416886417720377E-004          64
 Wcc integration max_diff, Nk_adaptive   8.2833051747677189E-004          64
 Wcc integration max_diff, Nk_adaptive   9.2873710454099978E-004          64
 Wcc integration max_diff, Nk_adaptive   1.0400509626613541E-003          64
 Wcc integration max_diff, Nk_adaptive   1.1318207048933715E-003          64
 Wcc integration max_diff, Nk_adaptive   1.2096646569030867E-003          64
 Wcc integration max_diff, Nk_adaptive   1.2778952293039936E-003          64
 Wcc integration max_diff, Nk_adaptive   1.3394028618201048E-003          64
 Wcc integration max_diff, Nk_adaptive   1.4224383192527057E-003          64
 Wcc integration max_diff, Nk_adaptive   1.6182902533756760E-003          64
 Wcc integration max_diff, Nk_adaptive   1.8118855090580865E-003          64
 Wcc integration max_diff, Nk_adaptive   2.0012407825547029E-003          64
 Wcc integration max_diff, Nk_adaptive   2.1840279602258761E-003          64
 Wcc integration max_diff, Nk_adaptive   2.3576096557924586E-003          64
 Wcc integration max_diff, Nk_adaptive   2.5191042651471207E-003          64
 Wcc integration max_diff, Nk_adaptive   2.6654820535316759E-003          64
 Wcc integration max_diff, Nk_adaptive   2.7936919877387112E-003          64
 Wcc integration max_diff, Nk_adaptive   2.9008150025457979E-003          64
 Wcc integration max_diff, Nk_adaptive   2.9842332482719058E-003          64
 Wcc integration max_diff, Nk_adaptive   3.0417977259595830E-003          64
 Wcc integration max_diff, Nk_adaptive   3.0719706999189356E-003          64
 Wcc integration max_diff, Nk_adaptive   3.0739172405613857E-003          64
 Wcc integration max_diff, Nk_adaptive   3.0475249114854108E-003          64
 Wcc integration max_diff, Nk_adaptive   2.9933430130828498E-003          64
 Wcc integration max_diff, Nk_adaptive   2.9124508573730168E-003          64
 Wcc integration max_diff, Nk_adaptive   2.8062829721360316E-003          64
 Wcc integration max_diff, Nk_adaptive   2.6764511855397188E-003          64
 Wcc integration max_diff, Nk_adaptive   2.5246041212874104E-003          64
 Wcc integration max_diff, Nk_adaptive   4.8610627739265055E-004         128
 Wcc integration max_diff, Nk_adaptive   1.6836363373329277E-003          64
 Wcc iter:           1
    1   0.00000   0.00000   0.00000 T T   0.18045
    2   0.00000   0.00500   0.00000 T T   0.17844
    3   0.00000   0.01000   0.00000 T T   0.17645
    4   0.00000   0.01500   0.00000 T T   0.17410
    5   0.00000   0.02000   0.00000 T T   0.16995
    6   0.00000   0.02500   0.00000 T T   0.16065
    7   0.00000   0.03000   0.00000 T T   0.14640
    8   0.00000   0.03500   0.00000 T T   0.13044
    9   0.00000   0.04000   0.00000 T T   0.11373
   10   0.00000   0.04500   0.00000 T T   0.09716
   11   0.00000   0.05000   0.00000 T T   0.10128
   12   0.00000   0.05500   0.00000 T T   0.10812
   13   0.00000   0.06000   0.00000 T T   0.11336
   14   0.00000   0.06500   0.00000 T T   0.11730
   15   0.00000   0.07000   0.00000 T T   0.12023
   16   0.00000   0.07500   0.00000 T T   0.12239
   17   0.00000   0.08000   0.00000 T T   0.12396
   18   0.00000   0.08500   0.00000 T T   0.12509
   19   0.00000   0.09000   0.00000 T T   0.12590
   20   0.00000   0.09500   0.00000 T T   0.12646
   21   0.00000   0.10000   0.00000 T T   0.12683
   22   0.00000   0.10500   0.00000 T T   0.12707
   23   0.00000   0.11000   0.00000 T T   0.12719
   24   0.00000   0.11500   0.00000 T T   0.12723
   25   0.00000   0.12000   0.00000 T T   0.12719
   26   0.00000   0.12500   0.00000 T T   0.12710
   27   0.00000   0.13000   0.00000 T T   0.12694
   28   0.00000   0.13500   0.00000 T T   0.12674
   29   0.00000   0.14000   0.00000 T T   0.12648
   30   0.00000   0.14500   0.00000 T T   0.12615
   31   0.00000   0.15000   0.00000 T T   0.12576
   32   0.00000   0.15500   0.00000 T T   0.12527
   33   0.00000   0.16000   0.00000 T T   0.12468
   34   0.00000   0.16500   0.00000 T T   0.12395
   35   0.00000   0.17000   0.00000 T T   0.12305
   36   0.00000   0.17500   0.00000 T T   0.12191
   37   0.00000   0.18000   0.00000 T T   0.12046
   38   0.00000   0.18500   0.00000 T T   0.11857
   39   0.00000   0.19000   0.00000 T T   0.11607
   40   0.00000   0.19500   0.00000 T T   0.11269
   41   0.00000   0.20000   0.00000 T T   0.10798
   42   0.00000   0.20500   0.00000 T T   0.10126
   43   0.00000   0.21000   0.00000 T T   0.09162
   44   0.00000   0.21500   0.00000 T T   0.08051
   45   0.00000   0.22000   0.00000 T T   0.10595
   46   0.00000   0.22500   0.00000 T T   0.12938
   47   0.00000   0.23000   0.00000 T T   0.14460
   48   0.00000   0.23500   0.00000 T T   0.15273
   49   0.00000   0.24000   0.00000 T T   0.15692
   50   0.00000   0.24500   0.00000 T T   0.15907
   51   0.00000   0.25000   0.00000 T T   0.16045
   52   0.00000   0.25500   0.00000 T T   0.16062
   53   0.00000   0.26000   0.00000 T T   0.16076
   54   0.00000   0.26500   0.00000 T T   0.16072
   55   0.00000   0.27000   0.00000 T T   0.16058
   56   0.00000   0.27500   0.00000 T T   0.16038
   57   0.00000   0.28000   0.00000 T T   0.16017
   58   0.00000   0.28500   0.00000 T T   0.15994
   59   0.00000   0.29000   0.00000 T T   0.15986
   60   0.00000   0.29500   0.00000 T T   0.15961
   61   0.00000   0.30000   0.00000 T T   0.15934
   62   0.00000   0.30500   0.00000 T T   0.15906
   63   0.00000   0.31000   0.00000 T T   0.15862
   64   0.00000   0.31500   0.00000 T T   0.15831
   65   0.00000   0.32000   0.00000 T T   0.15800
   66   0.00000   0.32500   0.00000 T T   0.15771
   67   0.00000   0.33000   0.00000 T T   0.15744
   68   0.00000   0.33500   0.00000 T T   0.15721
   69   0.00000   0.34000   0.00000 T T   0.15702
   70   0.00000   0.34500   0.00000 T T   0.15688
   71   0.00000   0.35000   0.00000 T T   0.15679
   72   0.00000   0.35500   0.00000 T T   0.15675
   73   0.00000   0.36000   0.00000 T T   0.15676
   74   0.00000   0.36500   0.00000 T T   0.15682
   75   0.00000   0.37000   0.00000 T T   0.15694
   76   0.00000   0.37500   0.00000 T T   0.15710
   77   0.00000   0.38000   0.00000 T T   0.15733
   78   0.00000   0.38500   0.00000 T T   0.15760
   79   0.00000   0.39000   0.00000 T T   0.15792
   80   0.00000   0.39500   0.00000 T T   0.15830
   81   0.00000   0.40000   0.00000 T T   0.15873
   82   0.00000   0.40500   0.00000 T T   0.15920
   83   0.00000   0.41000   0.00000 T T   0.15972
   84   0.00000   0.41500   0.00000 T T   0.16028
   85   0.00000   0.42000   0.00000 T T   0.16088
   86   0.00000   0.42500   0.00000 T T   0.16152
   87   0.00000   0.43000   0.00000 T T   0.16219
   88   0.00000   0.43500   0.00000 T T   0.16288
   89   0.00000   0.44000   0.00000 T T   0.16360
   90   0.00000   0.44500   0.00000 T T   0.16432
   91   0.00000   0.45000   0.00000 T T   0.16505
   92   0.00000   0.45500   0.00000 T T   0.16578
   93   0.00000   0.46000   0.00000 T T   0.16649
   94   0.00000   0.46500   0.00000 T T   0.16719
   95   0.00000   0.47000   0.00000 T T   0.16786
   96   0.00000   0.47500   0.00000 T T   0.16850
   97   0.00000   0.48000   0.00000 T T   0.16911
   98   0.00000   0.48500   0.00000 T T   0.16967
   99   0.00000   0.49000   0.00000 T T   0.17018
  100   0.00000   0.49500   0.00000 T T   0.17075
  101   0.00000   0.50000   0.00000 T T   0.17104
 Wcc integration max_diff, Nk_adaptive   1.5822825073819047E-004         128
 Wcc integration max_diff, Nk_adaptive   4.5162148737276198E-002          64
 Wcc integration max_diff, Nk_adaptive   4.1571510864926609E-002          64
 Wcc integration max_diff, Nk_adaptive   3.9365073912799531E-002          64
 Wcc integration max_diff, Nk_adaptive   2.5799093899081527E-004         128
 Wcc integration max_diff, Nk_adaptive   2.5167996762320399E-002          64
 Wcc integration max_diff, Nk_adaptive   2.4614604584293431E-002          64
 Wcc integration max_diff, Nk_adaptive   2.0950325205092213E-002          64
 Wcc integration max_diff, Nk_adaptive   1.8014992543186281E-002          64
 Wcc integration max_diff, Nk_adaptive   1.8124633726959161E-002          64
 Wcc integration max_diff, Nk_adaptive   2.6730294099825969E-002          64
 Wcc integration max_diff, Nk_adaptive   3.1102209353937482E-002          64
 Wcc integration max_diff, Nk_adaptive   2.6251383250132321E-002          64
 Wcc integration max_diff, Nk_adaptive   2.1891683429370090E-002          64
 Wcc integration max_diff, Nk_adaptive   1.8167852372116045E-002          64
 Wcc integration max_diff, Nk_adaptive   1.5040719278367476E-002          64
 Wcc integration max_diff, Nk_adaptive   1.2410315449486120E-002          64
 Wcc integration max_diff, Nk_adaptive   1.0156795557445975E-002          64
 Wcc integration max_diff, Nk_adaptive   8.0762239036520356E-003          64
 Wcc integration max_diff, Nk_adaptive   5.7864629579036375E-003          64
 Wcc integration max_diff, Nk_adaptive   5.3183020619531618E-003          64
 Wcc integration max_diff, Nk_adaptive   4.9083071605764417E-003          64
 Wcc integration max_diff, Nk_adaptive   4.7821309064097761E-003          64
 Wcc integration max_diff, Nk_adaptive   5.4571154238747255E-003          64
 Wcc integration max_diff, Nk_adaptive   5.6680421757562272E-003          64
 Wcc integration max_diff, Nk_adaptive   5.6118407282337301E-003          64
 Wcc integration max_diff, Nk_adaptive   5.4630705691813830E-003          64
 Wcc integration max_diff, Nk_adaptive   5.2695404757052700E-003          64
 Wcc integration max_diff, Nk_adaptive   5.0533934529752855E-003          64
 Wcc integration max_diff, Nk_adaptive   4.8254814517356692E-003          64
 Wcc integration max_diff, Nk_adaptive   4.5916751156962476E-003          64
 Wcc integration max_diff, Nk_adaptive   4.3555720729564484E-003          64
 Wcc integration max_diff, Nk_adaptive   4.1195967188585314E-003          64
 Wcc integration max_diff, Nk_adaptive   3.8854032854800380E-003          64
 Wcc integration max_diff, Nk_adaptive   3.6540001123430699E-003          64
 Wcc integration max_diff, Nk_adaptive   3.4258185070186187E-003          64
 Wcc integration max_diff, Nk_adaptive   3.2007866811643026E-003          64
 Wcc integration max_diff, Nk_adaptive   2.9784138359296719E-003          64
 Wcc integration max_diff, Nk_adaptive   3.8846646930945639E-003          64
 Wcc integration max_diff, Nk_adaptive   5.3317545668996047E-003          64
 Wcc integration max_diff, Nk_adaptive   7.4508492280251915E-003          64
 Wcc integration max_diff, Nk_adaptive   1.0654226701332092E-002          64
 Wcc integration max_diff, Nk_adaptive   5.8649169192825923E-004         128
 Wcc integration max_diff, Nk_adaptive   2.1442485877953388E-002          64
 Wcc integration max_diff, Nk_adaptive   7.7273718337766084E-002          64
 Wcc integration max_diff, Nk_adaptive   7.9754658660412758E-002          64
 Wcc integration max_diff, Nk_adaptive   5.9801912356538978E-002          64
 Wcc integration max_diff, Nk_adaptive   2.6458605604632979E-002          64
 Wcc integration max_diff, Nk_adaptive   1.8953531271359125E-002          64
 Wcc integration max_diff, Nk_adaptive   1.4097681047191557E-002          64
 Wcc integration max_diff, Nk_adaptive   9.2877146045466930E-004         128
 Wcc integration max_diff, Nk_adaptive   6.5746815335874231E-003          64
 Wcc integration max_diff, Nk_adaptive   5.2637853231392029E-003          64
 Wcc integration max_diff, Nk_adaptive   4.1997548528946993E-003          64
 Wcc integration max_diff, Nk_adaptive   3.6457597451740043E-003          64
 Wcc integration max_diff, Nk_adaptive   3.2405030200450824E-003          64
 Wcc integration max_diff, Nk_adaptive   2.9344552972752069E-003          64
 Wcc integration max_diff, Nk_adaptive   2.6953182604749770E-003          64
 Wcc integration max_diff, Nk_adaptive   6.2290081020321963E-004         128
 Wcc integration max_diff, Nk_adaptive   6.0045614818093895E-004         128
 Wcc integration max_diff, Nk_adaptive   5.7926818693410098E-004         128
 Wcc integration max_diff, Nk_adaptive   5.5863236643816094E-004         128
 Wcc integration max_diff, Nk_adaptive   2.0377576404513320E-003          64
 Wcc integration max_diff, Nk_adaptive   1.8329722599936815E-003          64
 Wcc integration max_diff, Nk_adaptive   1.7176364997926186E-003          64
 Wcc integration max_diff, Nk_adaptive   1.5993965495475493E-003          64
 Wcc integration max_diff, Nk_adaptive   1.4748455032620456E-003          64
 Wcc integration max_diff, Nk_adaptive   1.3408392631024668E-003          64
 Wcc integration max_diff, Nk_adaptive   1.1957113742777636E-003          64
 Wcc integration max_diff, Nk_adaptive   1.0417225079173420E-003          64
 Wcc integration max_diff, Nk_adaptive   8.8733673875651675E-004          64
 Wcc integration max_diff, Nk_adaptive   7.8416886417720377E-004          64
 Wcc integration max_diff, Nk_adaptive   8.2833051747677189E-004          64
 Wcc integration max_diff, Nk_adaptive   9.2873710454099978E-004          64
 Wcc integration max_diff, Nk_adaptive   1.0400509626613541E-003          64
 Wcc integration max_diff, Nk_adaptive   1.1318207048933715E-003          64
 Wcc integration max_diff, Nk_adaptive   1.2096646569030867E-003          64
 Wcc integration max_diff, Nk_adaptive   1.2778952293039936E-003          64
 Wcc integration max_diff, Nk_adaptive   1.3394028618201048E-003          64
 Wcc integration max_diff, Nk_adaptive   1.4224383192527057E-003          64
 Wcc integration max_diff, Nk_adaptive   1.6182902533756760E-003          64
 Wcc integration max_diff, Nk_adaptive   1.8118855090580865E-003          64
 Wcc integration max_diff, Nk_adaptive   2.0012407825547029E-003          64
 Wcc integration max_diff, Nk_adaptive   2.1840279602258761E-003          64
 Wcc integration max_diff, Nk_adaptive   2.3576096557924586E-003          64
 Wcc integration max_diff, Nk_adaptive   2.5191042651471207E-003          64
 Wcc integration max_diff, Nk_adaptive   2.6654820535316759E-003          64
 Wcc integration max_diff, Nk_adaptive   2.7936919877387112E-003          64
 Wcc integration max_diff, Nk_adaptive   2.9008150025457979E-003          64
 Wcc integration max_diff, Nk_adaptive   2.9842332482719058E-003          64
 Wcc integration max_diff, Nk_adaptive   3.0417977259595830E-003          64
 Wcc integration max_diff, Nk_adaptive   3.0719706999189356E-003          64
 Wcc integration max_diff, Nk_adaptive   3.0739172405613857E-003          64
 Wcc integration max_diff, Nk_adaptive   3.0475249114854108E-003          64
 Wcc integration max_diff, Nk_adaptive   2.9933430130828498E-003          64
 Wcc integration max_diff, Nk_adaptive   2.9124508573730168E-003          64
 Wcc integration max_diff, Nk_adaptive   2.8062829721360316E-003          64
 Wcc integration max_diff, Nk_adaptive   2.6764511855397188E-003          64
 Wcc integration max_diff, Nk_adaptive   2.5246041212874104E-003          64
 Wcc integration max_diff, Nk_adaptive   4.8610627739265055E-004         128
 Wcc integration max_diff, Nk_adaptive   1.6836363373329277E-003          64
 Wcc iter:           1
    1   0.00000   0.00000   0.50000 T T   0.18045
    2   0.00000   0.00500   0.50000 T T   0.17844
    3   0.00000   0.01000   0.50000 T T   0.17645
    4   0.00000   0.01500   0.50000 T T   0.17410
    5   0.00000   0.02000   0.50000 T T   0.16995
    6   0.00000   0.02500   0.50000 T T   0.16065
    7   0.00000   0.03000   0.50000 T T   0.14640
    8   0.00000   0.03500   0.50000 T T   0.13044
    9   0.00000   0.04000   0.50000 T T   0.11373
   10   0.00000   0.04500   0.50000 T T   0.09716
   11   0.00000   0.05000   0.50000 T T   0.10128
   12   0.00000   0.05500   0.50000 T T   0.10812
   13   0.00000   0.06000   0.50000 T T   0.11336
   14   0.00000   0.06500   0.50000 T T   0.11730
   15   0.00000   0.07000   0.50000 T T   0.12023
   16   0.00000   0.07500   0.50000 T T   0.12239
   17   0.00000   0.08000   0.50000 T T   0.12396
   18   0.00000   0.08500   0.50000 T T   0.12509
   19   0.00000   0.09000   0.50000 T T   0.12590
   20   0.00000   0.09500   0.50000 T T   0.12646
   21   0.00000   0.10000   0.50000 T T   0.12683
   22   0.00000   0.10500   0.50000 T T   0.12707
   23   0.00000   0.11000   0.50000 T T   0.12719
   24   0.00000   0.11500   0.50000 T T   0.12723
   25   0.00000   0.12000   0.50000 T T   0.12719
   26   0.00000   0.12500   0.50000 T T   0.12710
   27   0.00000   0.13000   0.50000 T T   0.12694
   28   0.00000   0.13500   0.50000 T T   0.12674
   29   0.00000   0.14000   0.50000 T T   0.12648
   30   0.00000   0.14500   0.50000 T T   0.12615
   31   0.00000   0.15000   0.50000 T T   0.12576
   32   0.00000   0.15500   0.50000 T T   0.12527
   33   0.00000   0.16000   0.50000 T T   0.12468
   34   0.00000   0.16500   0.50000 T T   0.12395
   35   0.00000   0.17000   0.50000 T T   0.12305
   36   0.00000   0.17500   0.50000 T T   0.12191
   37   0.00000   0.18000   0.50000 T T   0.12046
   38   0.00000   0.18500   0.50000 T T   0.11857
   39   0.00000   0.19000   0.50000 T T   0.11607
   40   0.00000   0.19500   0.50000 T T   0.11269
   41   0.00000   0.20000   0.50000 T T   0.10798
   42   0.00000   0.20500   0.50000 T T   0.10126
   43   0.00000   0.21000   0.50000 T T   0.09162
   44   0.00000   0.21500   0.50000 T T   0.08051
   45   0.00000   0.22000   0.50000 T T   0.10595
   46   0.00000   0.22500   0.50000 T T   0.12938
   47   0.00000   0.23000   0.50000 T T   0.14460
   48   0.00000   0.23500   0.50000 T T   0.15273
   49   0.00000   0.24000   0.50000 T T   0.15692
   50   0.00000   0.24500   0.50000 T T   0.15907
   51   0.00000   0.25000   0.50000 T T   0.16045
   52   0.00000   0.25500   0.50000 T T   0.16062
   53   0.00000   0.26000   0.50000 T T   0.16076
   54   0.00000   0.26500   0.50000 T T   0.16072
   55   0.00000   0.27000   0.50000 T T   0.16058
   56   0.00000   0.27500   0.50000 T T   0.16038
   57   0.00000   0.28000   0.50000 T T   0.16017
   58   0.00000   0.28500   0.50000 T T   0.15994
   59   0.00000   0.29000   0.50000 T T   0.15986
   60   0.00000   0.29500   0.50000 T T   0.15961
   61   0.00000   0.30000   0.50000 T T   0.15934
   62   0.00000   0.30500   0.50000 T T   0.15906
   63   0.00000   0.31000   0.50000 T T   0.15862
   64   0.00000   0.31500   0.50000 T T   0.15831
   65   0.00000   0.32000   0.50000 T T   0.15800
   66   0.00000   0.32500   0.50000 T T   0.15771
   67   0.00000   0.33000   0.50000 T T   0.15744
   68   0.00000   0.33500   0.50000 T T   0.15721
   69   0.00000   0.34000   0.50000 T T   0.15702
   70   0.00000   0.34500   0.50000 T T   0.15688
   71   0.00000   0.35000   0.50000 T T   0.15679
   72   0.00000   0.35500   0.50000 T T   0.15675
   73   0.00000   0.36000   0.50000 T T   0.15676
   74   0.00000   0.36500   0.50000 T T   0.15682
   75   0.00000   0.37000   0.50000 T T   0.15694
   76   0.00000   0.37500   0.50000 T T   0.15710
   77   0.00000   0.38000   0.50000 T T   0.15733
   78   0.00000   0.38500   0.50000 T T   0.15760
   79   0.00000   0.39000   0.50000 T T   0.15792
   80   0.00000   0.39500   0.50000 T T   0.15830
   81   0.00000   0.40000   0.50000 T T   0.15873
   82   0.00000   0.40500   0.50000 T T   0.15920
   83   0.00000   0.41000   0.50000 T T   0.15972
   84   0.00000   0.41500   0.50000 T T   0.16028
   85   0.00000   0.42000   0.50000 T T   0.16088
   86   0.00000   0.42500   0.50000 T T   0.16152
   87   0.00000   0.43000   0.50000 T T   0.16219
   88   0.00000   0.43500   0.50000 T T   0.16288
   89   0.00000   0.44000   0.50000 T T   0.16360
   90   0.00000   0.44500   0.50000 T T   0.16432
   91   0.00000   0.45000   0.50000 T T   0.16505
   92   0.00000   0.45500   0.50000 T T   0.16578
   93   0.00000   0.46000   0.50000 T T   0.16649
   94   0.00000   0.46500   0.50000 T T   0.16719
   95   0.00000   0.47000   0.50000 T T   0.16786
   96   0.00000   0.47500   0.50000 T T   0.16850
   97   0.00000   0.48000   0.50000 T T   0.16911
   98   0.00000   0.48500   0.50000 T T   0.16967
   99   0.00000   0.49000   0.50000 T T   0.17018
  100   0.00000   0.49500   0.50000 T T   0.17075
  101   0.00000   0.50000   0.50000 T T   0.17104
 # z2 number for 6 planes
 k1=0.0, k2-k3 plane:            0
 k1=0.5, k2-k3 plane:            0
 k2=0.0, k1-k3 plane:            0
 k2=0.5, k1-k3 plane:            0
 k3=0.0, k1-k2 plane:            1
 k3=0.5, k1-k2 plane:            1
 Time cost for Z2_calc is about           27.482 s
 << End of calculating Z2 number for the bulk
  
 Time cost for whole program is about           28.121 s
 Congratulations! you finished the calculation.
 See you next time :)
