STATUS:Searching for applets
STATUS:Creating menu items
MSG   :Add menu Edit::New
MSG   :Add menu Structure::Window
MSG   :Add menu Structure::Control
MSG   :Add menu Electronic::DOS + bands
MSG   :Add menu Electronic::Local DOS+bands control
MSG   :Add menu Database::Query
MSG   :Add menu Mechanics::VAC
MSG   :Add menu Edit::Info
MSG   :Add menu Edit::Edit sub-Z-matrix
MSG   :Add menu Edit::Rotate atoms
MSG   :Add menu Electronic::Dielectric function
MSG   :Add menu Electronic::STM Window
MSG   :Add menu Edit::Multiply cell
MSG   :Add menu Mechanics::Phonon dispersion
MSG   :Add menu Electronic::STM Control
MSG   :Add menu Convergence::Selected forces
MSG   :Add menu Electronic::View k-points
MSG   :Add menu Electronic::Local potential
MSG   :Add menu Structure::Show (old)
MSG   :Add menu Structure::Lattice
MSG   :Add menu Structure::Show/hide atoms
MSG   :Add menu Convergence::Energy
MSG   :Add menu Database::Commit
MSG   :Add menu Structure::Export
MSG   :Add menu Structure::Measure
MSG   :Add menu Convergence::Forces
MSG   :Add menu Mechanics::Phonons k-points path
MSG   :Add menu Edit::Builder
MSG   :Add menu Edit::Move atoms
STATUS:Initializing toolbar buttons
STATUS:Initializing selection applet
STATUS:reading vasprun.xml
STATUS:Parsing free energy sequence
STATUS:OK
STATUS:loading setup
ERROR : Can not read setup.xml
STATUS:setup loaded
STATUS:reading vasprun.xml
STATUS:reading vasprun.xml OK
STATUS:OK
STATUS:reading graph dos from /Users/XiaoChengcheng/Applications/p4vasp/data/graphs/dos.agr
STATUS:reading graph dos_x from /Users/XiaoChengcheng/Applications/p4vasp/data/graphs/dos_x.agr
STATUS:reading graph dos_y from /Users/XiaoChengcheng/Applications/p4vasp/data/graphs/dos_y.agr
STATUS:reading graph bands from /Users/XiaoChengcheng/Applications/p4vasp/data/graphs/bands.agr
STATUS:reading graph dosbands from /Users/XiaoChengcheng/Applications/p4vasp/data/graphs/dosbands.agr
STATUS:reading graph inverse_participation_ratio from /Users/XiaoChengcheng/Applications/p4vasp/data/graphs/inverse_participation_ratio.agr
STATUS:reading graph dos_ipr from /Users/XiaoChengcheng/Applications/p4vasp/data/graphs/dos_ipr.agr
STATUS:Update
STATUS:Update data
STATUS:Read structure
STATUS:Parsing initial structure
STATUS:OK
STATUS:OK
STATUS:Update DOS data
STATUS:Parsing DOS, please wait
STATUS:OK
STATUS:OK
STATUS:OK
STATUS:OK
STATUS:Update
STATUS:Update data
STATUS:Update k-points
STATUS:Scanning k-points
STATUS:OK
STATUS:Update eigenvalues
STATUS:Parsing eigenvalues (L)
STATUS:OK
STATUS:Scanning eigenvalues.
STATUS:Scanning eigenvalues..
STATUS:Eigenvalues updated
STATUS:OK
STATUS:OK
STATUS:Parsing partial DOS
STATUS:OK
STATUS:Update
STATUS:Update data
STATUS:Update eigenvalues:C (p)
STATUS:Read projected eigenvalues
STATUS:Parsing projected eigenvalues (L)
STATUS:OK
STATUS:Setup projected eigenvalues
STATUS:OK
STATUS:Process projected eigenvalues
STATUS:Processing spin 1/1, band 1/32, step 1/32, time 0/0 s
STATUS:Processing spin 1/1, band 2/32, step 2/32, time 0/0 s
STATUS:Processing spin 1/1, band 3/32, step 3/32, time 0/0 s
STATUS:Processing spin 1/1, band 4/32, step 4/32, time 0/0 s
STATUS:Processing spin 1/1, band 5/32, step 5/32, time 0/0 s
STATUS:Processing spin 1/1, band 6/32, step 6/32, time 0/0 s
STATUS:Processing spin 1/1, band 7/32, step 7/32, time 0/0 s
STATUS:Processing spin 1/1, band 8/32, step 8/32, time 0/0 s
STATUS:Processing spin 1/1, band 9/32, step 9/32, time 0/0 s
STATUS:Processing spin 1/1, band 10/32, step 10/32, time 0/0 s
STATUS:Processing spin 1/1, band 11/32, step 11/32, time 0/0 s
STATUS:Processing spin 1/1, band 12/32, step 12/32, time 0/0 s
STATUS:Processing spin 1/1, band 13/32, step 13/32, time 0/0 s
STATUS:Processing spin 1/1, band 14/32, step 14/32, time 0/0 s
STATUS:Processing spin 1/1, band 15/32, step 15/32, time 0/0 s
STATUS:Processing spin 1/1, band 16/32, step 16/32, time 0/0 s
STATUS:Processing spin 1/1, band 17/32, step 17/32, time 0/0 s
STATUS:Processing spin 1/1, band 18/32, step 18/32, time 0/0 s
STATUS:Processing spin 1/1, band 19/32, step 19/32, time 0/0 s
STATUS:Processing spin 1/1, band 20/32, step 20/32, time 0/0 s
STATUS:Processing spin 1/1, band 21/32, step 21/32, time 0/0 s
STATUS:Processing spin 1/1, band 22/32, step 22/32, time 0/0 s
STATUS:Processing spin 1/1, band 23/32, step 23/32, time 0/0 s
STATUS:Processing spin 1/1, band 24/32, step 24/32, time 0/0 s
STATUS:Processing spin 1/1, band 25/32, step 25/32, time 1/1 s
STATUS:Processing spin 1/1, band 26/32, step 26/32, time 1/1 s
STATUS:Processing spin 1/1, band 27/32, step 27/32, time 1/1 s
STATUS:Processing spin 1/1, band 28/32, step 28/32, time 1/1 s
STATUS:Processing spin 1/1, band 29/32, step 29/32, time 1/1 s
STATUS:Processing spin 1/1, band 30/32, step 30/32, time 1/1 s
STATUS:Processing spin 1/1, band 31/32, step 31/32, time 1/1 s
STATUS:Processing spin 1/1, band 32/32, step 32/32, time 1/1 s
STATUS:OK
STATUS:OK
STATUS:OK
