STATUS:Searching for applets
STATUS:Creating menu items
MSG   :Add menu Edit::New
MSG   :Add menu Structure::Window
MSG   :Add menu Structure::Control
MSG   :Add menu Electronic::DOS + bands
MSG   :Add menu Electronic::Local DOS+bands control
MSG   :Add menu Database::Query
MSG   :Add menu Mechanics::VAC
MSG   :Add menu Edit::Info
MSG   :Add menu Edit::Edit sub-Z-matrix
MSG   :Add menu Edit::Rotate atoms
MSG   :Add menu Electronic::Dielectric function
MSG   :Add menu Electronic::STM Window
MSG   :Add menu Edit::Multiply cell
MSG   :Add menu Mechanics::Phonon dispersion
MSG   :Add menu Electronic::STM Control
MSG   :Add menu Convergence::Selected forces
MSG   :Add menu Electronic::View k-points
MSG   :Add menu Electronic::Local potential
MSG   :Add menu Structure::Show (old)
MSG   :Add menu Structure::Lattice
MSG   :Add menu Structure::Show/hide atoms
MSG   :Add menu Convergence::Energy
MSG   :Add menu Database::Commit
MSG   :Add menu Structure::Export
MSG   :Add menu Structure::Measure
MSG   :Add menu Convergence::Forces
MSG   :Add menu Mechanics::Phonons k-points path
MSG   :Add menu Edit::Builder
MSG   :Add menu Edit::Move atoms
STATUS:Initializing toolbar buttons
STATUS:Initializing selection applet
STATUS:reading vasprun.xml
STATUS:Parsing free energy sequence
STATUS:OK
STATUS:loading setup
ERROR : Can not read setup.xml
STATUS:setup loaded
STATUS:reading vasprun.xml
STATUS:reading vasprun.xml OK
STATUS:OK
STATUS:reading graph dos from /Users/XiaoChengcheng/Applications/p4vasp/data/graphs/dos.agr
STATUS:reading graph dos_x from /Users/XiaoChengcheng/Applications/p4vasp/data/graphs/dos_x.agr
STATUS:reading graph dos_y from /Users/XiaoChengcheng/Applications/p4vasp/data/graphs/dos_y.agr
STATUS:reading graph bands from /Users/XiaoChengcheng/Applications/p4vasp/data/graphs/bands.agr
STATUS:reading graph dosbands from /Users/XiaoChengcheng/Applications/p4vasp/data/graphs/dosbands.agr
STATUS:reading graph inverse_participation_ratio from /Users/XiaoChengcheng/Applications/p4vasp/data/graphs/inverse_participation_ratio.agr
STATUS:reading graph dos_ipr from /Users/XiaoChengcheng/Applications/p4vasp/data/graphs/dos_ipr.agr
STATUS:Update
STATUS:Update data
STATUS:Read structure
STATUS:Parsing initial structure
STATUS:OK
STATUS:OK
STATUS:Update DOS data
STATUS:Parsing DOS, please wait
STATUS:OK
STATUS:OK
STATUS:OK
STATUS:OK
STATUS:Update
STATUS:Update data
STATUS:Update k-points
STATUS:Scanning k-points
STATUS:OK
STATUS:Update eigenvalues
STATUS:Parsing eigenvalues (L)
STATUS:OK
STATUS:Scanning eigenvalues.
STATUS:Scanning eigenvalues..
STATUS:Eigenvalues updated
STATUS:OK
STATUS:OK
STATUS:G0 [0.040544, -5.762754] set 2: point 8, [0.037889, -8.805637]
STATUS:G0 [0.038856, -8.070271] set 2: point 8, [0.037889, -8.805637]
STATUS:G0 [0.038856, -8.235093] set 2: point 8, [0.037889, -8.805637]
STATUS:G0 [0.042233, -7.410980] set 2: point 9, [0.042625, -8.822637]
STATUS:G0 [0.042233, -7.328569] set 2: point 9, [0.042625, -8.822637]
STATUS:G0 [0.054052, -2.960769] set 4: point 11, [0.052097, -2.898837]
STATUS:G0 [0.050675, -2.960769] set 4: point 11, [0.052097, -2.898837]
STATUS:G0 [0.047298, -2.960769] set 4: point 10, [0.047361, -2.773337]
STATUS:-58 -139
STATUS:-54 -132
STATUS:-49 -131
STATUS:-48 -131
STATUS:-50 -131
STATUS:-59 -134
