 -----------------------------------------------------------------------
  W            W            W              TTTTTTTTTTTTTTTTTTTT         
   W          W W          W                        TT                  
    W        W   W        W                         TT                  
     W      W     W      W                          TT                  
      W    W       W    W                           TT                  
       W  W         W  W                            TT                  
        WW           WW                             TT                  
        W             W                             TT                  
                                                                        
                        Welcome to Wannier_tools.                       
                             Version 2.2.1                              
                   Tools for topological novel materials.               
                          Enjoy it and good luck.                       
                           Author : QuanSheng Wu                        
                        Email : wuquansheng@gmail.com                   
               Find more information on www.wanniertools.com            
 =======================================================================
                                                                        
 You are using     1 CPU cores
  
   
 >>>Read some paramters from wt.in
 Tight binding Hamiltonian file: wannier90_hr.dat         
 System of particle: electron                 
 Tight binding Hamiltonian obtained from : VASP                     
   
 >>>Control parameters: 
 BulkBand_calc       :  F
 BulkBand_plane_calc       :  F
 BulkFS_calc         :  F
 BulkFS_Plane_calc   :  F
 BulkGap_cube_calc   :  F
 BulkGap_plane_calc  :  F
 SlabBand_calc       :  F
 SlabSS_calc         :  T
 SlabArc_calc        :  F
 SlabSpintexture_calc:  F
 wanniercenter_calc  :  F
 Z2_3D_calc          :  F
 Chern_3D_calc       :  F
 WeylChirality_calc  :  F
 BerryPhase_calc     :  F
 Dos_calc            :  F
 AHC_calc            :  F
 JDos_calc           :  F
 FindNodes_calc      :  F
 BerryCurvature_calc :  F
 EffectiveMass_calc  :  F
   
 >>>System parameters: 
 NumSlabs :    10
 Nslab1 for ribbon  :     1
 Nslab2 for ribbon  :     1
 Number of Occupied bands:     6
 Number of total electrons:     6
 With SOC or not in Hrfile:     1
 Fermi energy :       -1.165100
 Bx, By, Bz :        0.000000        0.000000        0.000000
 surf_onsite :        0.000000
   
 >>>calculation parameters : 
 E_arc :         -0.05000
 Eta_arc :          0.00100
 Gap_threshold         0.01000
 OmegaMin :         -1.30000
 OmegaMax :          1.30000
 OmegaNum :    401
 Nk1 :    101
 Nk2 :    101
 Nk3 :     50
 NP number of principle layers  :      2
  
 We found LATTICE card
>> lattice information (Angstrom)
    2.101780   -3.640393    0.000000
    2.101780    3.640393    0.000000
    0.000000    0.000000   15.000000
>> Reciprocal lattice information (1/Angstrom)
    1.494730   -0.862982    0.000000
    1.494730    0.862982   -0.000000
   -0.000000    0.000000    0.418879
  
 We found ATOM_POSITIONS card
Num_atoms    2
Bi      2.101780    1.213464   10.768124
Bi      2.101780   -1.213464    9.036796
Atom position in cartisen coordinate
Bi      2.101780    1.213464   10.768124
Bi      2.101780   -1.213464    9.036796
Atom position in direct coordinate
Bi      0.333333    0.666667    0.717875
Bi      0.666667    0.333333    0.602453
  
 We found PROJECTORS card
nprojs    3    3
Bi      pz      px      py      
Bi      pz      px      py      
  
 >> Wannier centers by default, in unit of reciprocal lattice vector
 iwann        R1        R2        R3
     1  0.333333  0.666667  0.717875
     2  0.333333  0.666667  0.717875
     3  0.333333  0.666667  0.717875
     4  0.666667  0.333333  0.602453
     5  0.666667  0.333333  0.602453
     6  0.666667  0.333333  0.602453
     7  0.333333  0.666667  0.717875
     8  0.333333  0.666667  0.717875
     9  0.333333  0.666667  0.717875
    10  0.666667  0.333333  0.602453
    11  0.666667  0.333333  0.602453
    12  0.666667  0.333333  0.602453
  
 We found SURFACE card
 
>> new vectors to define the surface (in unit of lattice vector)
 The 1st vector on surface     :    0.500000    1.000000    0.000000
 The 2nd vector on surface     :    0.000000    0.000000    1.000000
 The 3rd vector out of surface :    1.000000    0.000000    0.000000
  
 The rotated new unit cell : 
    3.152669    1.820196    0.000000
    0.000000    0.000000   15.000000
    2.101780   -3.640393    0.000000
  
 Fractional coordinates of atoms in units of new lattice vectors : 
Bi      0.666667    0.717875    0.000000
Bi      0.333333    0.602453    0.500000
  
 Cell_Volume:    54.605848653457059     
 Ra2, Rb2
    3.6404    0.0000
    0.0000   15.0000
 Ka2, Kb2
    1.7260   -0.0000
   -0.0000    0.4189
  
 We found KPATH_BULK card
Number of K lines :     3
 G      0.0000   0.0000   0.0000  Y       0.5000   0.0000   0.0000
 Y      0.5000   0.0000   0.0000  M       0.3333   0.3333   0.0000
 M      0.3333   0.3333   0.0000  G       0.0000   0.0000   0.0000
  
 We found KPATH_SLAB card
 k lines for 2D system
 No. of k lines for 2D system :            2
  X     0.50000  0.00000    G       0.00000  0.00000
  G     0.00000  0.00000    X       0.50000  0.00000
 >> Kpoints plane for 2D system--> arcs  
K2D_start: -0.5000 -0.5000
The first vector:   1.0000  0.0000
The second vector:   0.0000  1.0000
 >> Kpoints plane for 3D system--> gapshape  
k3D_start :   0.0000  0.0000  0.0000
The 1st vector:   1.0000  0.0000  0.0000
The 2nd vector:   0.0000  0.5000  0.0000
 >> Kpoints plane for 3D system--> gapshape3D  
k3D_start : -0.5000 -0.5000 -0.5000
The 1st vector:   1.0000  0.0000  0.0000
The 2nd vector:   0.0000  1.0000  0.0000
The 3rd vector:   0.0000  0.0000  1.0000
  
  
 >> Using default parameters for effective mass calculation
 >> Effective mass calculation parameters  
>> The     6'th band
>> k step  0.0100 in unit of 1/Angstrom
>> k points  0.0000 0.0000 0.0000 in unit of reciprocal primitive cell
>> k points  0.0000 0.0000 0.0000 in unit of 1/Angstrom
  
 >> We use the default values for Single_KPOINT_3D_DIRECT=[0,0,0]
 >> Output all atoms weight for surface state spectrum
 > NtopAtoms            2
> TopAtoms   1  2
> NbottomAtoms   2
> BottomAtoms   1  2
 > NtopOrbitals           12
> TopOrbitals    1   2   3   4   5   6   7   8   9  10  11  12
> NBottomOrbitals   12
> BottomOrbitals    1   2   3   4   5   6   7   8   9  10  11  12
  
 >> We do not calculate chirality for weyl points
 <<<Read wt.in file successfully
 
  File wannier90_hr.dat exist, We are using HmnR from wannier90
 >> Num_wann          12
 >> NRPTS         295
  >> Begin to read Hmn_R.data
 
  
 >> SelectedOrbitals
>> Number of orbitals selected (including spin degenarcy)        12
>> Orbitals are
    1    2    3    4    5    6    7    8    9   10   11   12
  
 >> SELECTEDBANDS
>> Number of bands selected         12
>> Band indices are
    1    2    3    4    5    6    7    8    9   10   11   12
  
  << Read Hmn_R.data successfully
  
 >> Start of calculating the surface state
 SurfaceSS, ik          10 Nk         202 time left   88.895999997854233       s
 SurfaceSS, ik          20 Nk         202 time left   79.170000010170043       s
 SurfaceSS, ik          30 Nk         202 time left   94.771999996155500       s
 SurfaceSS, ik          40 Nk         202 time left   144.18000002112240       s
 SurfaceSS, ik          50 Nk         202 time left   102.75199999660254       s
 SurfaceSS, ik          60 Nk         202 time left   80.939999976195395       s
 SurfaceSS, ik          70 Nk         202 time left   142.16400000639260       s
 SurfaceSS, ik          80 Nk         202 time left   76.493999983184040       s
 SurfaceSS, ik          90 Nk         202 time left   102.48000000417233       s
 SurfaceSS, ik         100 Nk         202 time left   75.173999996390194       s
 SurfaceSS, ik         110 Nk         202 time left   60.995999994687736       s
 SurfaceSS, ik         120 Nk         202 time left   49.363999996334314       s
 SurfaceSS, ik         130 Nk         202 time left   49.247999992221594       s
 SurfaceSS, ik         140 Nk         202 time left   39.556000002194196       s
 SurfaceSS, ik         150 Nk         202 time left   31.303999997675419       s
 SurfaceSS, ik         160 Nk         202 time left   23.729999997653067       s
 SurfaceSS, ik         170 Nk         202 time left   16.255999997258186       s
 SurfaceSS, ik         180 Nk         202 time left   10.010000001639128       s
 SurfaceSS, ik         190 Nk         202 time left   5.7120000002905726       s
 SurfaceSS, ik         200 Nk         202 time left  0.96399999968707561       s
 ndim          24
 knv2,omeganum,eta         202         401   9.7256857855361600E-003
 calculate density of state successfully
 Time cost for BerryCurvature is about          123.453 s
 End of calculating the surface state
  
 Time cost for whole program is about          123.553 s
 Congratulations! you finished the calculation.
 See you next time :)
